2021-10-14T06:50:10-07:00 CRITICAL Uncaught ArgumentCountError: Too few arguments to function Post_Stats_List::getAuctionCustomFunc(), 3 passed in /home/642855.cloudwaysapps.com/zvdtvwubwd/public_html/wp-content/plugins/WP_Auction_Stats/plugin.php on line 1087 and exactly 4 expected in /home/642855.cloudwaysapps.com/zvdtvwubwd/public_html/wp-content/plugins/WP_Auction_Stats/plugin.php:29
Stack trace:
#0 /home/642855.cloudwaysapps.com/zvdtvwubwd/public_html/wp-content/plugins/WP_Auction_Stats/plugin.php(1087): Post_Stats_List::getAuctionCustomFunc('Alabama', '10/14/21', '10/14/21')
#1 /home/642855.cloudwaysapps.com/zvdtvwubwd/public_html/wp-includes/class-wp-hook.php(303): SP_Plugin_Post_Stat->plugin_settings_page('')
#2 /home/642855.cloudwaysapps.com/zvdtvwubwd/public_html/wp-includes/class-wp-hook.php(327): WP_Hook->apply_filters('', Array)
#3 /home/642855.cloudwaysapps.com/zvdtvwubwd/public_html/wp-includes/plugin.php(470): WP_Hook->do_action(Array)
#4 /home/642855.cloudwaysapps.com/zvdtvwubwd/public_html/wp-admin/admin.php(259): do_action(' in /home/642855.cloudwaysapps.com/zvdtvwubwd/public_html/wp-content/plugins/WP_Auction_Stats/plugin.php on line 29

2021-10-14T06:50:47-07:00 CRITICAL Uncaught ArgumentCountError: Too few arguments to function Post_Stats_List::getAuctionCustomFunc(), 3 passed in /home/642855.cloudwaysapps.com/zvdtvwubwd/public_html/wp-content/plugins/WP_Auction_Stats/plugin.php on line 1106 and exactly 4 expected in /home/642855.cloudwaysapps.com/zvdtvwubwd/public_html/wp-content/plugins/WP_Auction_Stats/plugin.php:29
Stack trace:
#0 /home/642855.cloudwaysapps.com/zvdtvwubwd/public_html/wp-content/plugins/WP_Auction_Stats/plugin.php(1106): Post_Stats_List::getAuctionCustomFunc('Alabama', '', '')
#1 /home/642855.cloudwaysapps.com/zvdtvwubwd/public_html/wp-includes/class-wp-hook.php(303): SP_Plugin_Post_Stat->plugin_settings_page('')
#2 /home/642855.cloudwaysapps.com/zvdtvwubwd/public_html/wp-includes/class-wp-hook.php(327): WP_Hook->apply_filters('', Array)
#3 /home/642855.cloudwaysapps.com/zvdtvwubwd/public_html/wp-includes/plugin.php(470): WP_Hook->do_action(Array)
#4 /home/642855.cloudwaysapps.com/zvdtvwubwd/public_html/wp-admin/admin.php(259): do_action('toplevel_page_a. in /home/642855.cloudwaysapps.com/zvdtvwubwd/public_html/wp-content/plugins/WP_Auction_Stats/plugin.php on line 29

2021-10-14T06:50:56-07:00 CRITICAL Uncaught ArgumentCountError: Too few arguments to function Post_Stats_List::getAuctionCustomFunc(), 3 passed in /home/642855.cloudwaysapps.com/zvdtvwubwd/public_html/wp-content/plugins/WP_Auction_Stats/plugin.php on line 1106 and exactly 4 expected in /home/642855.cloudwaysapps.com/zvdtvwubwd/public_html/wp-content/plugins/WP_Auction_Stats/plugin.php:29
Stack trace:
#0 /home/642855.cloudwaysapps.com/zvdtvwubwd/public_html/wp-content/plugins/WP_Auction_Stats/plugin.php(1106): Post_Stats_List::getAuctionCustomFunc('Alabama', '10/14/21', '10/14/21')
#1 /home/642855.cloudwaysapps.com/zvdtvwubwd/public_html/wp-includes/class-wp-hook.php(303): SP_Plugin_Post_Stat->plugin_settings_page('')
#2 /home/642855.cloudwaysapps.com/zvdtvwubwd/public_html/wp-includes/class-wp-hook.php(327): WP_Hook->apply_filters('', Array)
#3 /home/642855.cloudwaysapps.com/zvdtvwubwd/public_html/wp-includes/plugin.php(470): WP_Hook->do_action(Array)
#4 /home/642855.cloudwaysapps.com/zvdtvwubwd/public_html/wp-admin/admin.php(259): do_action(' in /home/642855.cloudwaysapps.com/zvdtvwubwd/public_html/wp-content/plugins/WP_Auction_Stats/plugin.php on line 29

