2021-12-22T04:45:41-08:00 CRITICAL Uncaught ArgumentCountError: Too few arguments to function WooCommerceMusicPlayer::include_main_player_filter(), 1 passed in /home/642855.cloudwaysapps.com/zvdtvwubwd/public_html/wp-includes/class-wp-hook.php on line 303 and exactly 2 expected in /home/642855.cloudwaysapps.com/zvdtvwubwd/public_html/wp-content/plugins/music-player-for-woocommerce/wcmp.php:814
Stack trace:
#0 /home/642855.cloudwaysapps.com/zvdtvwubwd/public_html/wp-includes/class-wp-hook.php(303): WooCommerceMusicPlayer->include_main_player_filter('removal 4 wisdo...')
#1 /home/642855.cloudwaysapps.com/zvdtvwubwd/public_html/wp-includes/plugin.php(189): WP_Hook->apply_filters('removal 4 wisdo...', Array)
#2 /home/642855.cloudwaysapps.com/zvdtvwubwd/public_html/wp-content/plugins/transposh-translation-filter-for-wordpress/wp/transposh_postpublish.php(115): apply_filters('the_title', 'removal 4 wisdo...')
#3 /home/642855.cloudwaysapps.com/zvdtvwubwd/public_html/wp-content/plugins/transposh-translation-filter-for-wordpress/wp/transposh_admin.php( in /home/642855.cloudwaysapps.com/zvdtvwubwd/public_html/wp-content/plugins/music-player-for-woocommerce/wcmp.php on line 814

2021-12-22T05:34:33-08:00 CRITICAL syntax error, unexpected end of file, expecting ')' in /home/642855.cloudwaysapps.com/zvdtvwubwd/public_html/wp-content/plugins/woocommerce-simple-auctions/classes/class-wc-bid.php on line 616

2021-12-22T06:27:04-08:00 CRITICAL syntax error, unexpected 'else' (T_ELSE), expecting function (T_FUNCTION) or const (T_CONST) in /home/642855.cloudwaysapps.com/zvdtvwubwd/public_html/wp-content/plugins/woocommerce-simple-auctions/classes/class-wc-bid.php on line 714

2021-12-22T06:27:06-08:00 CRITICAL syntax error, unexpected 'else' (T_ELSE), expecting function (T_FUNCTION) or const (T_CONST) in /home/642855.cloudwaysapps.com/zvdtvwubwd/public_html/wp-content/plugins/woocommerce-simple-auctions/classes/class-wc-bid.php on line 714

2021-12-22T06:27:07-08:00 CRITICAL syntax error, unexpected 'else' (T_ELSE), expecting function (T_FUNCTION) or const (T_CONST) in /home/642855.cloudwaysapps.com/zvdtvwubwd/public_html/wp-content/plugins/woocommerce-simple-auctions/classes/class-wc-bid.php on line 714

2021-12-22T06:27:08-08:00 CRITICAL syntax error, unexpected 'else' (T_ELSE), expecting function (T_FUNCTION) or const (T_CONST) in /home/642855.cloudwaysapps.com/zvdtvwubwd/public_html/wp-content/plugins/woocommerce-simple-auctions/classes/class-wc-bid.php on line 714

2021-12-22T06:27:10-08:00 CRITICAL syntax error, unexpected 'else' (T_ELSE), expecting function (T_FUNCTION) or const (T_CONST) in /home/642855.cloudwaysapps.com/zvdtvwubwd/public_html/wp-content/plugins/woocommerce-simple-auctions/classes/class-wc-bid.php on line 714

2021-12-22T06:27:12-08:00 CRITICAL syntax error, unexpected 'else' (T_ELSE), expecting function (T_FUNCTION) or const (T_CONST) in /home/642855.cloudwaysapps.com/zvdtvwubwd/public_html/wp-content/plugins/woocommerce-simple-auctions/classes/class-wc-bid.php on line 714

2021-12-22T06:27:13-08:00 CRITICAL syntax error, unexpected 'else' (T_ELSE), expecting function (T_FUNCTION) or const (T_CONST) in /home/642855.cloudwaysapps.com/zvdtvwubwd/public_html/wp-content/plugins/woocommerce-simple-auctions/classes/class-wc-bid.php on line 714

2021-12-22T06:27:17-08:00 CRITICAL syntax error, unexpected 'else' (T_ELSE), expecting function (T_FUNCTION) or const (T_CONST) in /home/642855.cloudwaysapps.com/zvdtvwubwd/public_html/wp-content/plugins/woocommerce-simple-auctions/classes/class-wc-bid.php on line 714

2021-12-22T06:27:18-08:00 CRITICAL syntax error, unexpected 'else' (T_ELSE), expecting function (T_FUNCTION) or const (T_CONST) in /home/642855.cloudwaysapps.com/zvdtvwubwd/public_html/wp-content/plugins/woocommerce-simple-auctions/classes/class-wc-bid.php on line 714

2021-12-22T06:27:19-08:00 CRITICAL syntax error, unexpected 'else' (T_ELSE), expecting function (T_FUNCTION) or const (T_CONST) in /home/642855.cloudwaysapps.com/zvdtvwubwd/public_html/wp-content/plugins/woocommerce-simple-auctions/classes/class-wc-bid.php on line 714

2021-12-22T06:27:19-08:00 CRITICAL syntax error, unexpected 'else' (T_ELSE), expecting function (T_FUNCTION) or const (T_CONST) in /home/642855.cloudwaysapps.com/zvdtvwubwd/public_html/wp-content/plugins/woocommerce-simple-auctions/classes/class-wc-bid.php on line 714

2021-12-22T06:27:19-08:00 CRITICAL syntax error, unexpected 'else' (T_ELSE), expecting function (T_FUNCTION) or const (T_CONST) in /home/642855.cloudwaysapps.com/zvdtvwubwd/public_html/wp-content/plugins/woocommerce-simple-auctions/classes/class-wc-bid.php on line 714

2021-12-22T06:27:19-08:00 CRITICAL syntax error, unexpected 'else' (T_ELSE), expecting function (T_FUNCTION) or const (T_CONST) in /home/642855.cloudwaysapps.com/zvdtvwubwd/public_html/wp-content/plugins/woocommerce-simple-auctions/classes/class-wc-bid.php on line 714

2021-12-22T06:27:19-08:00 CRITICAL syntax error, unexpected 'else' (T_ELSE), expecting function (T_FUNCTION) or const (T_CONST) in /home/642855.cloudwaysapps.com/zvdtvwubwd/public_html/wp-content/plugins/woocommerce-simple-auctions/classes/class-wc-bid.php on line 714

2021-12-22T06:27:23-08:00 CRITICAL syntax error, unexpected 'else' (T_ELSE), expecting function (T_FUNCTION) or const (T_CONST) in /home/642855.cloudwaysapps.com/zvdtvwubwd/public_html/wp-content/plugins/woocommerce-simple-auctions/classes/class-wc-bid.php on line 714

2021-12-22T06:27:24-08:00 CRITICAL syntax error, unexpected 'else' (T_ELSE), expecting function (T_FUNCTION) or const (T_CONST) in /home/642855.cloudwaysapps.com/zvdtvwubwd/public_html/wp-content/plugins/woocommerce-simple-auctions/classes/class-wc-bid.php on line 714

2021-12-22T06:27:24-08:00 CRITICAL syntax error, unexpected 'else' (T_ELSE), expecting function (T_FUNCTION) or const (T_CONST) in /home/642855.cloudwaysapps.com/zvdtvwubwd/public_html/wp-content/plugins/woocommerce-simple-auctions/classes/class-wc-bid.php on line 714

2021-12-22T06:27:25-08:00 CRITICAL syntax error, unexpected 'else' (T_ELSE), expecting function (T_FUNCTION) or const (T_CONST) in /home/642855.cloudwaysapps.com/zvdtvwubwd/public_html/wp-content/plugins/woocommerce-simple-auctions/classes/class-wc-bid.php on line 714

2021-12-22T06:27:30-08:00 CRITICAL syntax error, unexpected 'else' (T_ELSE), expecting function (T_FUNCTION) or const (T_CONST) in /home/642855.cloudwaysapps.com/zvdtvwubwd/public_html/wp-content/plugins/woocommerce-simple-auctions/classes/class-wc-bid.php on line 714

2021-12-22T06:27:30-08:00 CRITICAL syntax error, unexpected 'else' (T_ELSE), expecting function (T_FUNCTION) or const (T_CONST) in /home/642855.cloudwaysapps.com/zvdtvwubwd/public_html/wp-content/plugins/woocommerce-simple-auctions/classes/class-wc-bid.php on line 714

2021-12-22T06:27:31-08:00 CRITICAL syntax error, unexpected 'else' (T_ELSE), expecting function (T_FUNCTION) or const (T_CONST) in /home/642855.cloudwaysapps.com/zvdtvwubwd/public_html/wp-content/plugins/woocommerce-simple-auctions/classes/class-wc-bid.php on line 714

2021-12-22T06:27:34-08:00 CRITICAL syntax error, unexpected 'else' (T_ELSE), expecting function (T_FUNCTION) or const (T_CONST) in /home/642855.cloudwaysapps.com/zvdtvwubwd/public_html/wp-content/plugins/woocommerce-simple-auctions/classes/class-wc-bid.php on line 714

2021-12-22T06:27:36-08:00 CRITICAL syntax error, unexpected 'else' (T_ELSE), expecting function (T_FUNCTION) or const (T_CONST) in /home/642855.cloudwaysapps.com/zvdtvwubwd/public_html/wp-content/plugins/woocommerce-simple-auctions/classes/class-wc-bid.php on line 714

2021-12-22T06:27:36-08:00 CRITICAL syntax error, unexpected 'else' (T_ELSE), expecting function (T_FUNCTION) or const (T_CONST) in /home/642855.cloudwaysapps.com/zvdtvwubwd/public_html/wp-content/plugins/woocommerce-simple-auctions/classes/class-wc-bid.php on line 714

2021-12-22T06:27:37-08:00 CRITICAL syntax error, unexpected 'else' (T_ELSE), expecting function (T_FUNCTION) or const (T_CONST) in /home/642855.cloudwaysapps.com/zvdtvwubwd/public_html/wp-content/plugins/woocommerce-simple-auctions/classes/class-wc-bid.php on line 714

2021-12-22T06:27:42-08:00 CRITICAL syntax error, unexpected 'else' (T_ELSE), expecting function (T_FUNCTION) or const (T_CONST) in /home/642855.cloudwaysapps.com/zvdtvwubwd/public_html/wp-content/plugins/woocommerce-simple-auctions/classes/class-wc-bid.php on line 714

2021-12-22T06:27:43-08:00 CRITICAL syntax error, unexpected 'else' (T_ELSE), expecting function (T_FUNCTION) or const (T_CONST) in /home/642855.cloudwaysapps.com/zvdtvwubwd/public_html/wp-content/plugins/woocommerce-simple-auctions/classes/class-wc-bid.php on line 714

2021-12-22T06:27:43-08:00 CRITICAL syntax error, unexpected 'else' (T_ELSE), expecting function (T_FUNCTION) or const (T_CONST) in /home/642855.cloudwaysapps.com/zvdtvwubwd/public_html/wp-content/plugins/woocommerce-simple-auctions/classes/class-wc-bid.php on line 714

2021-12-22T06:27:44-08:00 CRITICAL syntax error, unexpected 'else' (T_ELSE), expecting function (T_FUNCTION) or const (T_CONST) in /home/642855.cloudwaysapps.com/zvdtvwubwd/public_html/wp-content/plugins/woocommerce-simple-auctions/classes/class-wc-bid.php on line 714

2021-12-22T06:27:46-08:00 CRITICAL syntax error, unexpected 'else' (T_ELSE), expecting function (T_FUNCTION) or const (T_CONST) in /home/642855.cloudwaysapps.com/zvdtvwubwd/public_html/wp-content/plugins/woocommerce-simple-auctions/classes/class-wc-bid.php on line 714

2021-12-22T06:27:46-08:00 CRITICAL syntax error, unexpected 'else' (T_ELSE), expecting function (T_FUNCTION) or const (T_CONST) in /home/642855.cloudwaysapps.com/zvdtvwubwd/public_html/wp-content/plugins/woocommerce-simple-auctions/classes/class-wc-bid.php on line 714

2021-12-22T06:27:47-08:00 CRITICAL syntax error, unexpected 'else' (T_ELSE), expecting function (T_FUNCTION) or const (T_CONST) in /home/642855.cloudwaysapps.com/zvdtvwubwd/public_html/wp-content/plugins/woocommerce-simple-auctions/classes/class-wc-bid.php on line 714

2021-12-22T06:27:47-08:00 CRITICAL syntax error, unexpected 'else' (T_ELSE), expecting function (T_FUNCTION) or const (T_CONST) in /home/642855.cloudwaysapps.com/zvdtvwubwd/public_html/wp-content/plugins/woocommerce-simple-auctions/classes/class-wc-bid.php on line 714

2021-12-22T06:27:48-08:00 CRITICAL syntax error, unexpected 'else' (T_ELSE), expecting function (T_FUNCTION) or const (T_CONST) in /home/642855.cloudwaysapps.com/zvdtvwubwd/public_html/wp-content/plugins/woocommerce-simple-auctions/classes/class-wc-bid.php on line 714

2021-12-22T06:27:49-08:00 CRITICAL syntax error, unexpected 'else' (T_ELSE), expecting function (T_FUNCTION) or const (T_CONST) in /home/642855.cloudwaysapps.com/zvdtvwubwd/public_html/wp-content/plugins/woocommerce-simple-auctions/classes/class-wc-bid.php on line 714

2021-12-22T06:27:49-08:00 CRITICAL syntax error, unexpected 'else' (T_ELSE), expecting function (T_FUNCTION) or const (T_CONST) in /home/642855.cloudwaysapps.com/zvdtvwubwd/public_html/wp-content/plugins/woocommerce-simple-auctions/classes/class-wc-bid.php on line 714

2021-12-22T06:27:51-08:00 CRITICAL syntax error, unexpected 'else' (T_ELSE), expecting function (T_FUNCTION) or const (T_CONST) in /home/642855.cloudwaysapps.com/zvdtvwubwd/public_html/wp-content/plugins/woocommerce-simple-auctions/classes/class-wc-bid.php on line 714

2021-12-22T06:27:54-08:00 CRITICAL syntax error, unexpected 'else' (T_ELSE), expecting function (T_FUNCTION) or const (T_CONST) in /home/642855.cloudwaysapps.com/zvdtvwubwd/public_html/wp-content/plugins/woocommerce-simple-auctions/classes/class-wc-bid.php on line 714

2021-12-22T06:27:55-08:00 CRITICAL syntax error, unexpected 'else' (T_ELSE), expecting function (T_FUNCTION) or const (T_CONST) in /home/642855.cloudwaysapps.com/zvdtvwubwd/public_html/wp-content/plugins/woocommerce-simple-auctions/classes/class-wc-bid.php on line 714

2021-12-22T06:27:56-08:00 CRITICAL syntax error, unexpected 'else' (T_ELSE), expecting function (T_FUNCTION) or const (T_CONST) in /home/642855.cloudwaysapps.com/zvdtvwubwd/public_html/wp-content/plugins/woocommerce-simple-auctions/classes/class-wc-bid.php on line 714

2021-12-22T06:28:00-08:00 CRITICAL syntax error, unexpected 'else' (T_ELSE), expecting function (T_FUNCTION) or const (T_CONST) in /home/642855.cloudwaysapps.com/zvdtvwubwd/public_html/wp-content/plugins/woocommerce-simple-auctions/classes/class-wc-bid.php on line 714

2021-12-22T06:28:01-08:00 CRITICAL syntax error, unexpected 'else' (T_ELSE), expecting function (T_FUNCTION) or const (T_CONST) in /home/642855.cloudwaysapps.com/zvdtvwubwd/public_html/wp-content/plugins/woocommerce-simple-auctions/classes/class-wc-bid.php on line 714

2021-12-22T06:28:02-08:00 CRITICAL syntax error, unexpected 'else' (T_ELSE), expecting function (T_FUNCTION) or const (T_CONST) in /home/642855.cloudwaysapps.com/zvdtvwubwd/public_html/wp-content/plugins/woocommerce-simple-auctions/classes/class-wc-bid.php on line 714

2021-12-22T06:28:02-08:00 CRITICAL syntax error, unexpected 'else' (T_ELSE), expecting function (T_FUNCTION) or const (T_CONST) in /home/642855.cloudwaysapps.com/zvdtvwubwd/public_html/wp-content/plugins/woocommerce-simple-auctions/classes/class-wc-bid.php on line 714

2021-12-22T06:28:06-08:00 CRITICAL syntax error, unexpected 'else' (T_ELSE), expecting function (T_FUNCTION) or const (T_CONST) in /home/642855.cloudwaysapps.com/zvdtvwubwd/public_html/wp-content/plugins/woocommerce-simple-auctions/classes/class-wc-bid.php on line 714

2021-12-22T06:28:07-08:00 CRITICAL syntax error, unexpected 'else' (T_ELSE), expecting function (T_FUNCTION) or const (T_CONST) in /home/642855.cloudwaysapps.com/zvdtvwubwd/public_html/wp-content/plugins/woocommerce-simple-auctions/classes/class-wc-bid.php on line 714

2021-12-22T06:28:10-08:00 CRITICAL syntax error, unexpected 'else' (T_ELSE), expecting function (T_FUNCTION) or const (T_CONST) in /home/642855.cloudwaysapps.com/zvdtvwubwd/public_html/wp-content/plugins/woocommerce-simple-auctions/classes/class-wc-bid.php on line 714

2021-12-22T06:28:11-08:00 CRITICAL syntax error, unexpected 'else' (T_ELSE), expecting function (T_FUNCTION) or const (T_CONST) in /home/642855.cloudwaysapps.com/zvdtvwubwd/public_html/wp-content/plugins/woocommerce-simple-auctions/classes/class-wc-bid.php on line 714

2021-12-22T06:28:12-08:00 CRITICAL syntax error, unexpected 'else' (T_ELSE), expecting function (T_FUNCTION) or const (T_CONST) in /home/642855.cloudwaysapps.com/zvdtvwubwd/public_html/wp-content/plugins/woocommerce-simple-auctions/classes/class-wc-bid.php on line 714

2021-12-22T06:28:13-08:00 CRITICAL syntax error, unexpected 'else' (T_ELSE), expecting function (T_FUNCTION) or const (T_CONST) in /home/642855.cloudwaysapps.com/zvdtvwubwd/public_html/wp-content/plugins/woocommerce-simple-auctions/classes/class-wc-bid.php on line 714

2021-12-22T06:28:15-08:00 CRITICAL syntax error, unexpected 'else' (T_ELSE), expecting function (T_FUNCTION) or const (T_CONST) in /home/642855.cloudwaysapps.com/zvdtvwubwd/public_html/wp-content/plugins/woocommerce-simple-auctions/classes/class-wc-bid.php on line 714

2021-12-22T06:28:18-08:00 CRITICAL syntax error, unexpected 'else' (T_ELSE), expecting function (T_FUNCTION) or const (T_CONST) in /home/642855.cloudwaysapps.com/zvdtvwubwd/public_html/wp-content/plugins/woocommerce-simple-auctions/classes/class-wc-bid.php on line 714

2021-12-22T06:28:19-08:00 CRITICAL syntax error, unexpected 'else' (T_ELSE), expecting function (T_FUNCTION) or const (T_CONST) in /home/642855.cloudwaysapps.com/zvdtvwubwd/public_html/wp-content/plugins/woocommerce-simple-auctions/classes/class-wc-bid.php on line 714

2021-12-22T06:28:23-08:00 CRITICAL syntax error, unexpected 'else' (T_ELSE), expecting function (T_FUNCTION) or const (T_CONST) in /home/642855.cloudwaysapps.com/zvdtvwubwd/public_html/wp-content/plugins/woocommerce-simple-auctions/classes/class-wc-bid.php on line 714

2021-12-22T06:28:24-08:00 CRITICAL syntax error, unexpected 'else' (T_ELSE), expecting function (T_FUNCTION) or const (T_CONST) in /home/642855.cloudwaysapps.com/zvdtvwubwd/public_html/wp-content/plugins/woocommerce-simple-auctions/classes/class-wc-bid.php on line 714

2021-12-22T06:28:24-08:00 CRITICAL syntax error, unexpected 'else' (T_ELSE), expecting function (T_FUNCTION) or const (T_CONST) in /home/642855.cloudwaysapps.com/zvdtvwubwd/public_html/wp-content/plugins/woocommerce-simple-auctions/classes/class-wc-bid.php on line 714

2021-12-22T06:28:25-08:00 CRITICAL syntax error, unexpected 'else' (T_ELSE), expecting function (T_FUNCTION) or const (T_CONST) in /home/642855.cloudwaysapps.com/zvdtvwubwd/public_html/wp-content/plugins/woocommerce-simple-auctions/classes/class-wc-bid.php on line 714

2021-12-22T06:28:25-08:00 CRITICAL syntax error, unexpected 'else' (T_ELSE), expecting function (T_FUNCTION) or const (T_CONST) in /home/642855.cloudwaysapps.com/zvdtvwubwd/public_html/wp-content/plugins/woocommerce-simple-auctions/classes/class-wc-bid.php on line 714

2021-12-22T06:28:25-08:00 CRITICAL syntax error, unexpected 'else' (T_ELSE), expecting function (T_FUNCTION) or const (T_CONST) in /home/642855.cloudwaysapps.com/zvdtvwubwd/public_html/wp-content/plugins/woocommerce-simple-auctions/classes/class-wc-bid.php on line 714

2021-12-22T06:28:27-08:00 CRITICAL syntax error, unexpected 'else' (T_ELSE), expecting function (T_FUNCTION) or const (T_CONST) in /home/642855.cloudwaysapps.com/zvdtvwubwd/public_html/wp-content/plugins/woocommerce-simple-auctions/classes/class-wc-bid.php on line 714

2021-12-22T06:28:29-08:00 CRITICAL syntax error, unexpected 'else' (T_ELSE), expecting function (T_FUNCTION) or const (T_CONST) in /home/642855.cloudwaysapps.com/zvdtvwubwd/public_html/wp-content/plugins/woocommerce-simple-auctions/classes/class-wc-bid.php on line 714

2021-12-22T06:28:30-08:00 CRITICAL syntax error, unexpected 'else' (T_ELSE), expecting function (T_FUNCTION) or const (T_CONST) in /home/642855.cloudwaysapps.com/zvdtvwubwd/public_html/wp-content/plugins/woocommerce-simple-auctions/classes/class-wc-bid.php on line 714

2021-12-22T06:28:31-08:00 CRITICAL syntax error, unexpected 'else' (T_ELSE), expecting function (T_FUNCTION) or const (T_CONST) in /home/642855.cloudwaysapps.com/zvdtvwubwd/public_html/wp-content/plugins/woocommerce-simple-auctions/classes/class-wc-bid.php on line 714

2021-12-22T06:28:35-08:00 CRITICAL syntax error, unexpected 'else' (T_ELSE), expecting function (T_FUNCTION) or const (T_CONST) in /home/642855.cloudwaysapps.com/zvdtvwubwd/public_html/wp-content/plugins/woocommerce-simple-auctions/classes/class-wc-bid.php on line 714

2021-12-22T06:28:36-08:00 CRITICAL syntax error, unexpected 'else' (T_ELSE), expecting function (T_FUNCTION) or const (T_CONST) in /home/642855.cloudwaysapps.com/zvdtvwubwd/public_html/wp-content/plugins/woocommerce-simple-auctions/classes/class-wc-bid.php on line 714

2021-12-22T06:28:37-08:00 CRITICAL syntax error, unexpected 'else' (T_ELSE), expecting function (T_FUNCTION) or const (T_CONST) in /home/642855.cloudwaysapps.com/zvdtvwubwd/public_html/wp-content/plugins/woocommerce-simple-auctions/classes/class-wc-bid.php on line 714

2021-12-22T06:28:37-08:00 CRITICAL syntax error, unexpected 'else' (T_ELSE), expecting function (T_FUNCTION) or const (T_CONST) in /home/642855.cloudwaysapps.com/zvdtvwubwd/public_html/wp-content/plugins/woocommerce-simple-auctions/classes/class-wc-bid.php on line 714

2021-12-22T06:28:41-08:00 CRITICAL syntax error, unexpected 'else' (T_ELSE), expecting function (T_FUNCTION) or const (T_CONST) in /home/642855.cloudwaysapps.com/zvdtvwubwd/public_html/wp-content/plugins/woocommerce-simple-auctions/classes/class-wc-bid.php on line 714

2021-12-22T06:28:42-08:00 CRITICAL syntax error, unexpected 'else' (T_ELSE), expecting function (T_FUNCTION) or const (T_CONST) in /home/642855.cloudwaysapps.com/zvdtvwubwd/public_html/wp-content/plugins/woocommerce-simple-auctions/classes/class-wc-bid.php on line 714

2021-12-22T06:28:42-08:00 CRITICAL syntax error, unexpected 'else' (T_ELSE), expecting function (T_FUNCTION) or const (T_CONST) in /home/642855.cloudwaysapps.com/zvdtvwubwd/public_html/wp-content/plugins/woocommerce-simple-auctions/classes/class-wc-bid.php on line 714

2021-12-22T06:28:43-08:00 CRITICAL syntax error, unexpected 'else' (T_ELSE), expecting function (T_FUNCTION) or const (T_CONST) in /home/642855.cloudwaysapps.com/zvdtvwubwd/public_html/wp-content/plugins/woocommerce-simple-auctions/classes/class-wc-bid.php on line 714

2021-12-22T06:28:48-08:00 CRITICAL syntax error, unexpected 'else' (T_ELSE), expecting function (T_FUNCTION) or const (T_CONST) in /home/642855.cloudwaysapps.com/zvdtvwubwd/public_html/wp-content/plugins/woocommerce-simple-auctions/classes/class-wc-bid.php on line 714

2021-12-22T06:28:49-08:00 CRITICAL syntax error, unexpected 'else' (T_ELSE), expecting function (T_FUNCTION) or const (T_CONST) in /home/642855.cloudwaysapps.com/zvdtvwubwd/public_html/wp-content/plugins/woocommerce-simple-auctions/classes/class-wc-bid.php on line 714

2021-12-22T06:28:50-08:00 CRITICAL syntax error, unexpected 'else' (T_ELSE), expecting function (T_FUNCTION) or const (T_CONST) in /home/642855.cloudwaysapps.com/zvdtvwubwd/public_html/wp-content/plugins/woocommerce-simple-auctions/classes/class-wc-bid.php on line 714

2021-12-22T06:28:54-08:00 CRITICAL syntax error, unexpected 'else' (T_ELSE), expecting function (T_FUNCTION) or const (T_CONST) in /home/642855.cloudwaysapps.com/zvdtvwubwd/public_html/wp-content/plugins/woocommerce-simple-auctions/classes/class-wc-bid.php on line 714

2021-12-22T06:28:55-08:00 CRITICAL syntax error, unexpected 'else' (T_ELSE), expecting function (T_FUNCTION) or const (T_CONST) in /home/642855.cloudwaysapps.com/zvdtvwubwd/public_html/wp-content/plugins/woocommerce-simple-auctions/classes/class-wc-bid.php on line 714

2021-12-22T06:28:55-08:00 CRITICAL syntax error, unexpected 'else' (T_ELSE), expecting function (T_FUNCTION) or const (T_CONST) in /home/642855.cloudwaysapps.com/zvdtvwubwd/public_html/wp-content/plugins/woocommerce-simple-auctions/classes/class-wc-bid.php on line 714

2021-12-22T06:28:59-08:00 CRITICAL syntax error, unexpected 'else' (T_ELSE), expecting function (T_FUNCTION) or const (T_CONST) in /home/642855.cloudwaysapps.com/zvdtvwubwd/public_html/wp-content/plugins/woocommerce-simple-auctions/classes/class-wc-bid.php on line 714

2021-12-22T06:29:00-08:00 CRITICAL syntax error, unexpected 'else' (T_ELSE), expecting function (T_FUNCTION) or const (T_CONST) in /home/642855.cloudwaysapps.com/zvdtvwubwd/public_html/wp-content/plugins/woocommerce-simple-auctions/classes/class-wc-bid.php on line 714

2021-12-22T06:29:01-08:00 CRITICAL syntax error, unexpected 'else' (T_ELSE), expecting function (T_FUNCTION) or const (T_CONST) in /home/642855.cloudwaysapps.com/zvdtvwubwd/public_html/wp-content/plugins/woocommerce-simple-auctions/classes/class-wc-bid.php on line 714

2021-12-22T06:29:03-08:00 CRITICAL syntax error, unexpected 'else' (T_ELSE), expecting function (T_FUNCTION) or const (T_CONST) in /home/642855.cloudwaysapps.com/zvdtvwubwd/public_html/wp-content/plugins/woocommerce-simple-auctions/classes/class-wc-bid.php on line 714

2021-12-22T06:29:06-08:00 CRITICAL syntax error, unexpected 'else' (T_ELSE), expecting function (T_FUNCTION) or const (T_CONST) in /home/642855.cloudwaysapps.com/zvdtvwubwd/public_html/wp-content/plugins/woocommerce-simple-auctions/classes/class-wc-bid.php on line 714

2021-12-22T06:29:07-08:00 CRITICAL syntax error, unexpected 'else' (T_ELSE), expecting function (T_FUNCTION) or const (T_CONST) in /home/642855.cloudwaysapps.com/zvdtvwubwd/public_html/wp-content/plugins/woocommerce-simple-auctions/classes/class-wc-bid.php on line 714

2021-12-22T06:29:09-08:00 CRITICAL syntax error, unexpected 'else' (T_ELSE), expecting function (T_FUNCTION) or const (T_CONST) in /home/642855.cloudwaysapps.com/zvdtvwubwd/public_html/wp-content/plugins/woocommerce-simple-auctions/classes/class-wc-bid.php on line 714

2021-12-22T06:29:10-08:00 CRITICAL syntax error, unexpected 'else' (T_ELSE), expecting function (T_FUNCTION) or const (T_CONST) in /home/642855.cloudwaysapps.com/zvdtvwubwd/public_html/wp-content/plugins/woocommerce-simple-auctions/classes/class-wc-bid.php on line 714

2021-12-22T06:29:12-08:00 CRITICAL syntax error, unexpected 'else' (T_ELSE), expecting function (T_FUNCTION) or const (T_CONST) in /home/642855.cloudwaysapps.com/zvdtvwubwd/public_html/wp-content/plugins/woocommerce-simple-auctions/classes/class-wc-bid.php on line 714

2021-12-22T06:29:13-08:00 CRITICAL syntax error, unexpected 'else' (T_ELSE), expecting function (T_FUNCTION) or const (T_CONST) in /home/642855.cloudwaysapps.com/zvdtvwubwd/public_html/wp-content/plugins/woocommerce-simple-auctions/classes/class-wc-bid.php on line 714

2021-12-22T06:29:16-08:00 CRITICAL syntax error, unexpected 'else' (T_ELSE), expecting function (T_FUNCTION) or const (T_CONST) in /home/642855.cloudwaysapps.com/zvdtvwubwd/public_html/wp-content/plugins/woocommerce-simple-auctions/classes/class-wc-bid.php on line 714

2021-12-22T06:29:18-08:00 CRITICAL syntax error, unexpected 'else' (T_ELSE), expecting function (T_FUNCTION) or const (T_CONST) in /home/642855.cloudwaysapps.com/zvdtvwubwd/public_html/wp-content/plugins/woocommerce-simple-auctions/classes/class-wc-bid.php on line 714

2021-12-22T06:29:19-08:00 CRITICAL syntax error, unexpected 'else' (T_ELSE), expecting function (T_FUNCTION) or const (T_CONST) in /home/642855.cloudwaysapps.com/zvdtvwubwd/public_html/wp-content/plugins/woocommerce-simple-auctions/classes/class-wc-bid.php on line 714

2021-12-22T06:29:21-08:00 CRITICAL syntax error, unexpected 'else' (T_ELSE), expecting function (T_FUNCTION) or const (T_CONST) in /home/642855.cloudwaysapps.com/zvdtvwubwd/public_html/wp-content/plugins/woocommerce-simple-auctions/classes/class-wc-bid.php on line 714

2021-12-22T06:29:21-08:00 CRITICAL syntax error, unexpected 'else' (T_ELSE), expecting function (T_FUNCTION) or const (T_CONST) in /home/642855.cloudwaysapps.com/zvdtvwubwd/public_html/wp-content/plugins/woocommerce-simple-auctions/classes/class-wc-bid.php on line 714

2021-12-22T06:29:21-08:00 CRITICAL syntax error, unexpected 'else' (T_ELSE), expecting function (T_FUNCTION) or const (T_CONST) in /home/642855.cloudwaysapps.com/zvdtvwubwd/public_html/wp-content/plugins/woocommerce-simple-auctions/classes/class-wc-bid.php on line 714

2021-12-22T06:29:21-08:00 CRITICAL syntax error, unexpected 'else' (T_ELSE), expecting function (T_FUNCTION) or const (T_CONST) in /home/642855.cloudwaysapps.com/zvdtvwubwd/public_html/wp-content/plugins/woocommerce-simple-auctions/classes/class-wc-bid.php on line 714

2021-12-22T06:29:24-08:00 CRITICAL syntax error, unexpected 'else' (T_ELSE), expecting function (T_FUNCTION) or const (T_CONST) in /home/642855.cloudwaysapps.com/zvdtvwubwd/public_html/wp-content/plugins/woocommerce-simple-auctions/classes/class-wc-bid.php on line 714

2021-12-22T06:29:24-08:00 CRITICAL syntax error, unexpected 'else' (T_ELSE), expecting function (T_FUNCTION) or const (T_CONST) in /home/642855.cloudwaysapps.com/zvdtvwubwd/public_html/wp-content/plugins/woocommerce-simple-auctions/classes/class-wc-bid.php on line 714

2021-12-22T06:29:25-08:00 CRITICAL syntax error, unexpected 'else' (T_ELSE), expecting function (T_FUNCTION) or const (T_CONST) in /home/642855.cloudwaysapps.com/zvdtvwubwd/public_html/wp-content/plugins/woocommerce-simple-auctions/classes/class-wc-bid.php on line 714

2021-12-22T06:29:28-08:00 CRITICAL syntax error, unexpected 'else' (T_ELSE), expecting function (T_FUNCTION) or const (T_CONST) in /home/642855.cloudwaysapps.com/zvdtvwubwd/public_html/wp-content/plugins/woocommerce-simple-auctions/classes/class-wc-bid.php on line 714

2021-12-22T06:29:30-08:00 CRITICAL syntax error, unexpected 'else' (T_ELSE), expecting function (T_FUNCTION) or const (T_CONST) in /home/642855.cloudwaysapps.com/zvdtvwubwd/public_html/wp-content/plugins/woocommerce-simple-auctions/classes/class-wc-bid.php on line 714

2021-12-22T06:29:31-08:00 CRITICAL syntax error, unexpected 'else' (T_ELSE), expecting function (T_FUNCTION) or const (T_CONST) in /home/642855.cloudwaysapps.com/zvdtvwubwd/public_html/wp-content/plugins/woocommerce-simple-auctions/classes/class-wc-bid.php on line 714

2021-12-22T06:29:32-08:00 CRITICAL syntax error, unexpected 'else' (T_ELSE), expecting function (T_FUNCTION) or const (T_CONST) in /home/642855.cloudwaysapps.com/zvdtvwubwd/public_html/wp-content/plugins/woocommerce-simple-auctions/classes/class-wc-bid.php on line 714

2021-12-22T06:29:35-08:00 CRITICAL syntax error, unexpected 'else' (T_ELSE), expecting function (T_FUNCTION) or const (T_CONST) in /home/642855.cloudwaysapps.com/zvdtvwubwd/public_html/wp-content/plugins/woocommerce-simple-auctions/classes/class-wc-bid.php on line 714

2021-12-22T06:29:36-08:00 CRITICAL syntax error, unexpected 'else' (T_ELSE), expecting function (T_FUNCTION) or const (T_CONST) in /home/642855.cloudwaysapps.com/zvdtvwubwd/public_html/wp-content/plugins/woocommerce-simple-auctions/classes/class-wc-bid.php on line 714

2021-12-22T06:29:37-08:00 CRITICAL syntax error, unexpected 'else' (T_ELSE), expecting function (T_FUNCTION) or const (T_CONST) in /home/642855.cloudwaysapps.com/zvdtvwubwd/public_html/wp-content/plugins/woocommerce-simple-auctions/classes/class-wc-bid.php on line 714

2021-12-22T06:29:38-08:00 CRITICAL syntax error, unexpected 'else' (T_ELSE), expecting function (T_FUNCTION) or const (T_CONST) in /home/642855.cloudwaysapps.com/zvdtvwubwd/public_html/wp-content/plugins/woocommerce-simple-auctions/classes/class-wc-bid.php on line 714

2021-12-22T06:29:42-08:00 CRITICAL syntax error, unexpected 'else' (T_ELSE), expecting function (T_FUNCTION) or const (T_CONST) in /home/642855.cloudwaysapps.com/zvdtvwubwd/public_html/wp-content/plugins/woocommerce-simple-auctions/classes/class-wc-bid.php on line 714

2021-12-22T06:29:43-08:00 CRITICAL syntax error, unexpected 'else' (T_ELSE), expecting function (T_FUNCTION) or const (T_CONST) in /home/642855.cloudwaysapps.com/zvdtvwubwd/public_html/wp-content/plugins/woocommerce-simple-auctions/classes/class-wc-bid.php on line 714

2021-12-22T06:29:43-08:00 CRITICAL syntax error, unexpected 'else' (T_ELSE), expecting function (T_FUNCTION) or const (T_CONST) in /home/642855.cloudwaysapps.com/zvdtvwubwd/public_html/wp-content/plugins/woocommerce-simple-auctions/classes/class-wc-bid.php on line 714

2021-12-22T06:29:48-08:00 CRITICAL syntax error, unexpected 'else' (T_ELSE), expecting function (T_FUNCTION) or const (T_CONST) in /home/642855.cloudwaysapps.com/zvdtvwubwd/public_html/wp-content/plugins/woocommerce-simple-auctions/classes/class-wc-bid.php on line 714

2021-12-22T06:29:49-08:00 CRITICAL syntax error, unexpected 'else' (T_ELSE), expecting function (T_FUNCTION) or const (T_CONST) in /home/642855.cloudwaysapps.com/zvdtvwubwd/public_html/wp-content/plugins/woocommerce-simple-auctions/classes/class-wc-bid.php on line 714

2021-12-22T06:29:49-08:00 CRITICAL syntax error, unexpected 'else' (T_ELSE), expecting function (T_FUNCTION) or const (T_CONST) in /home/642855.cloudwaysapps.com/zvdtvwubwd/public_html/wp-content/plugins/woocommerce-simple-auctions/classes/class-wc-bid.php on line 714

2021-12-22T06:29:54-08:00 CRITICAL syntax error, unexpected 'else' (T_ELSE), expecting function (T_FUNCTION) or const (T_CONST) in /home/642855.cloudwaysapps.com/zvdtvwubwd/public_html/wp-content/plugins/woocommerce-simple-auctions/classes/class-wc-bid.php on line 714

2021-12-22T06:29:55-08:00 CRITICAL syntax error, unexpected 'else' (T_ELSE), expecting function (T_FUNCTION) or const (T_CONST) in /home/642855.cloudwaysapps.com/zvdtvwubwd/public_html/wp-content/plugins/woocommerce-simple-auctions/classes/class-wc-bid.php on line 714

2021-12-22T06:29:56-08:00 CRITICAL syntax error, unexpected 'else' (T_ELSE), expecting function (T_FUNCTION) or const (T_CONST) in /home/642855.cloudwaysapps.com/zvdtvwubwd/public_html/wp-content/plugins/woocommerce-simple-auctions/classes/class-wc-bid.php on line 714

2021-12-22T06:29:58-08:00 CRITICAL syntax error, unexpected 'else' (T_ELSE), expecting function (T_FUNCTION) or const (T_CONST) in /home/642855.cloudwaysapps.com/zvdtvwubwd/public_html/wp-content/plugins/woocommerce-simple-auctions/classes/class-wc-bid.php on line 714

2021-12-22T07:13:57-08:00 CRITICAL require_once(): Failed opening required 'classes/class-wc-bid.php' (include_path='.:/usr/share/php') in /home/642855.cloudwaysapps.com/zvdtvwubwd/public_html/wp-content/plugins/woocommerce-simple-auctions/woocommerce-simple-auctions.php on line 1208

2021-12-22T07:13:58-08:00 CRITICAL require_once(): Failed opening required 'classes/class-wc-bid.php' (include_path='.:/usr/share/php') in /home/642855.cloudwaysapps.com/zvdtvwubwd/public_html/wp-content/plugins/woocommerce-simple-auctions/woocommerce-simple-auctions.php on line 1208

2021-12-22T07:13:58-08:00 CRITICAL require_once(): Failed opening required 'classes/class-wc-bid.php' (include_path='.:/usr/share/php') in /home/642855.cloudwaysapps.com/zvdtvwubwd/public_html/wp-content/plugins/woocommerce-simple-auctions/woocommerce-simple-auctions.php on line 1208

2021-12-22T07:14:03-08:00 CRITICAL require_once(): Failed opening required 'classes/class-wc-bid.php' (include_path='.:/usr/share/php') in /home/642855.cloudwaysapps.com/zvdtvwubwd/public_html/wp-content/plugins/woocommerce-simple-auctions/woocommerce-simple-auctions.php on line 1208

2021-12-22T07:14:04-08:00 CRITICAL require_once(): Failed opening required 'classes/class-wc-bid.php' (include_path='.:/usr/share/php') in /home/642855.cloudwaysapps.com/zvdtvwubwd/public_html/wp-content/plugins/woocommerce-simple-auctions/woocommerce-simple-auctions.php on line 1208

2021-12-22T07:14:06-08:00 CRITICAL require_once(): Failed opening required 'classes/class-wc-bid.php' (include_path='.:/usr/share/php') in /home/642855.cloudwaysapps.com/zvdtvwubwd/public_html/wp-content/plugins/woocommerce-simple-auctions/woocommerce-simple-auctions.php on line 1208

2021-12-22T07:14:09-08:00 CRITICAL require_once(): Failed opening required 'classes/class-wc-bid.php' (include_path='.:/usr/share/php') in /home/642855.cloudwaysapps.com/zvdtvwubwd/public_html/wp-content/plugins/woocommerce-simple-auctions/woocommerce-simple-auctions.php on line 1208

2021-12-22T07:14:10-08:00 CRITICAL require_once(): Failed opening required 'classes/class-wc-bid.php' (include_path='.:/usr/share/php') in /home/642855.cloudwaysapps.com/zvdtvwubwd/public_html/wp-content/plugins/woocommerce-simple-auctions/woocommerce-simple-auctions.php on line 1208

2021-12-22T07:14:11-08:00 CRITICAL require_once(): Failed opening required 'classes/class-wc-bid.php' (include_path='.:/usr/share/php') in /home/642855.cloudwaysapps.com/zvdtvwubwd/public_html/wp-content/plugins/woocommerce-simple-auctions/woocommerce-simple-auctions.php on line 1208

2021-12-22T07:14:15-08:00 CRITICAL require_once(): Failed opening required 'classes/class-wc-bid.php' (include_path='.:/usr/share/php') in /home/642855.cloudwaysapps.com/zvdtvwubwd/public_html/wp-content/plugins/woocommerce-simple-auctions/woocommerce-simple-auctions.php on line 1208

2021-12-22T07:14:16-08:00 CRITICAL require_once(): Failed opening required 'classes/class-wc-bid.php' (include_path='.:/usr/share/php') in /home/642855.cloudwaysapps.com/zvdtvwubwd/public_html/wp-content/plugins/woocommerce-simple-auctions/woocommerce-simple-auctions.php on line 1208

2021-12-22T07:14:18-08:00 CRITICAL require_once(): Failed opening required 'classes/class-wc-bid.php' (include_path='.:/usr/share/php') in /home/642855.cloudwaysapps.com/zvdtvwubwd/public_html/wp-content/plugins/woocommerce-simple-auctions/woocommerce-simple-auctions.php on line 1208

2021-12-22T07:14:21-08:00 CRITICAL require_once(): Failed opening required 'classes/class-wc-bid.php' (include_path='.:/usr/share/php') in /home/642855.cloudwaysapps.com/zvdtvwubwd/public_html/wp-content/plugins/woocommerce-simple-auctions/woocommerce-simple-auctions.php on line 1208

2021-12-22T07:14:22-08:00 CRITICAL require_once(): Failed opening required 'classes/class-wc-bid.php' (include_path='.:/usr/share/php') in /home/642855.cloudwaysapps.com/zvdtvwubwd/public_html/wp-content/plugins/woocommerce-simple-auctions/woocommerce-simple-auctions.php on line 1208

2021-12-22T07:14:25-08:00 CRITICAL require_once(): Failed opening required 'classes/class-wc-bid.php' (include_path='.:/usr/share/php') in /home/642855.cloudwaysapps.com/zvdtvwubwd/public_html/wp-content/plugins/woocommerce-simple-auctions/woocommerce-simple-auctions.php on line 1208

2021-12-22T07:14:27-08:00 CRITICAL Uncaught Error: Class 'WC_bid' not found in /home/642855.cloudwaysapps.com/zvdtvwubwd/public_html/wp-content/plugins/woocommerce-simple-auctions/woocommerce-simple-auctions.php:718
Stack trace:
#0 /home/642855.cloudwaysapps.com/zvdtvwubwd/public_html/wp-includes/class-wp-hook.php(303): WooCommerce_simple_auction->init('')
#1 /home/642855.cloudwaysapps.com/zvdtvwubwd/public_html/wp-includes/class-wp-hook.php(327): WP_Hook->apply_filters('', Array)
#2 /home/642855.cloudwaysapps.com/zvdtvwubwd/public_html/wp-includes/plugin.php(470): WP_Hook->do_action(Array)
#3 /home/642855.cloudwaysapps.com/zvdtvwubwd/public_html/wp-content/plugins/woocommerce/includes/class-woocommerce.php(630): do_action('woocommerce_ini...')
#4 /home/642855.cloudwaysapps.com/zvdtvwubwd/public_html/wp-includes/class-wp-hook.php(303): WooCommerce->init('')
#5 /home/642855.cloudwaysapps.com/zvdtvwubwd/public_html/wp-includes/class-wp-hook.php(327): WP_Hook->apply_filters(NULL, Array)
#6 /home/642855.cloudwaysapps.com/zvdtvwubwd/public_html/wp- in /home/642855.cloudwaysapps.com/zvdtvwubwd/public_html/wp-content/plugins/woocommerce-simple-auctions/woocommerce-simple-auctions.php on line 718

2021-12-22T07:15:51-08:00 CRITICAL syntax error, unexpected end of file, expecting ')' in /home/642855.cloudwaysapps.com/zvdtvwubwd/public_html/wp-content/plugins/woocommerce-simple-auctions/classes/class-wc-bid.php on line 617

2021-12-22T07:24:52-08:00 CRITICAL Uncaught Error: Class 'WC_bid' not found in /home/642855.cloudwaysapps.com/zvdtvwubwd/public_html/wp-content/plugins/woocommerce-simple-auctions/woocommerce-simple-auctions.php:718
Stack trace:
#0 /home/642855.cloudwaysapps.com/zvdtvwubwd/public_html/wp-includes/class-wp-hook.php(303): WooCommerce_simple_auction->init('')
#1 /home/642855.cloudwaysapps.com/zvdtvwubwd/public_html/wp-includes/class-wp-hook.php(327): WP_Hook->apply_filters('', Array)
#2 /home/642855.cloudwaysapps.com/zvdtvwubwd/public_html/wp-includes/plugin.php(470): WP_Hook->do_action(Array)
#3 /home/642855.cloudwaysapps.com/zvdtvwubwd/public_html/wp-content/plugins/woocommerce/includes/class-woocommerce.php(630): do_action('woocommerce_ini...')
#4 /home/642855.cloudwaysapps.com/zvdtvwubwd/public_html/wp-includes/class-wp-hook.php(303): WooCommerce->init('')
#5 /home/642855.cloudwaysapps.com/zvdtvwubwd/public_html/wp-includes/class-wp-hook.php(327): WP_Hook->apply_filters(NULL, Array)
#6 /home/642855.cloudwaysapps.com/zvdtvwubwd/public_html/wp- in /home/642855.cloudwaysapps.com/zvdtvwubwd/public_html/wp-content/plugins/woocommerce-simple-auctions/woocommerce-simple-auctions.php on line 718

