2021-05-11T04:27:12-07:00 CRITICAL Uncaught ArgumentCountError: Too few arguments to function WooCommerceMusicPlayer::include_main_player_filter(), 1 passed in /mnt/data/home/401140.cloudwaysapps.com/qcqkjmndhe/public_html/wp-includes/class-wp-hook.php on line 292 and exactly 2 expected in /mnt/data/home/401140.cloudwaysapps.com/qcqkjmndhe/public_html/wp-content/plugins/music-player-for-woocommerce/wcmp.php:748
Stack trace:
#0 /mnt/data/home/401140.cloudwaysapps.com/qcqkjmndhe/public_html/wp-includes/class-wp-hook.php(292): WooCommerceMusicPlayer->include_main_player_filter('removal 1 tooth')
#1 /mnt/data/home/401140.cloudwaysapps.com/qcqkjmndhe/public_html/wp-includes/plugin.php(212): WP_Hook->apply_filters('removal 1 tooth', Array)
#2 /mnt/data/home/401140.cloudwaysapps.com/qcqkjmndhe/public_html/wp-content/plugins/transposh-translation-filter-for-wordpress/wp/transposh_postpublish.php(115): apply_filters('the_title', 'removal 1 tooth')
#3 /mnt/data/home/401140.cloudwaysapps.com/qcqkjmndhe/public_html/wp-content/plugins/transposh-translation in /mnt/data/home/401140.cloudwaysapps.com/qcqkjmndhe/public_html/wp-content/plugins/music-player-for-woocommerce/wcmp.php on line 748

2021-05-11T04:28:54-07:00 CRITICAL Uncaught ArgumentCountError: Too few arguments to function WooCommerceMusicPlayer::include_main_player_filter(), 1 passed in /mnt/data/home/401140.cloudwaysapps.com/qcqkjmndhe/public_html/wp-includes/class-wp-hook.php on line 292 and exactly 2 expected in /mnt/data/home/401140.cloudwaysapps.com/qcqkjmndhe/public_html/wp-content/plugins/music-player-for-woocommerce/wcmp.php:748
Stack trace:
#0 /mnt/data/home/401140.cloudwaysapps.com/qcqkjmndhe/public_html/wp-includes/class-wp-hook.php(292): WooCommerceMusicPlayer->include_main_player_filter('removal 1 tooth')
#1 /mnt/data/home/401140.cloudwaysapps.com/qcqkjmndhe/public_html/wp-includes/plugin.php(212): WP_Hook->apply_filters('removal 1 tooth', Array)
#2 /mnt/data/home/401140.cloudwaysapps.com/qcqkjmndhe/public_html/wp-content/plugins/transposh-translation-filter-for-wordpress/wp/transposh_postpublish.php(115): apply_filters('the_title', 'removal 1 tooth')
#3 /mnt/data/home/401140.cloudwaysapps.com/qcqkjmndhe/public_html/wp-content/plugins/transposh-translation in /mnt/data/home/401140.cloudwaysapps.com/qcqkjmndhe/public_html/wp-content/plugins/music-player-for-woocommerce/wcmp.php on line 748

2021-05-11T04:29:35-07:00 CRITICAL Uncaught ArgumentCountError: Too few arguments to function WooCommerceMusicPlayer::include_main_player_filter(), 1 passed in /mnt/data/home/401140.cloudwaysapps.com/qcqkjmndhe/public_html/wp-includes/class-wp-hook.php on line 292 and exactly 2 expected in /mnt/data/home/401140.cloudwaysapps.com/qcqkjmndhe/public_html/wp-content/plugins/music-player-for-woocommerce/wcmp.php:748
Stack trace:
#0 /mnt/data/home/401140.cloudwaysapps.com/qcqkjmndhe/public_html/wp-includes/class-wp-hook.php(292): WooCommerceMusicPlayer->include_main_player_filter('removal 1 tooth')
#1 /mnt/data/home/401140.cloudwaysapps.com/qcqkjmndhe/public_html/wp-includes/plugin.php(212): WP_Hook->apply_filters('removal 1 tooth', Array)
#2 /mnt/data/home/401140.cloudwaysapps.com/qcqkjmndhe/public_html/wp-content/plugins/transposh-translation-filter-for-wordpress/wp/transposh_postpublish.php(115): apply_filters('the_title', 'removal 1 tooth')
#3 /mnt/data/home/401140.cloudwaysapps.com/qcqkjmndhe/public_html/wp-content/plugins/transposh-translation in /mnt/data/home/401140.cloudwaysapps.com/qcqkjmndhe/public_html/wp-content/plugins/music-player-for-woocommerce/wcmp.php on line 748

2021-05-11T04:40:03-07:00 CRITICAL Uncaught ArgumentCountError: Too few arguments to function WooCommerceMusicPlayer::include_main_player_filter(), 1 passed in /mnt/data/home/401140.cloudwaysapps.com/qcqkjmndhe/public_html/wp-includes/class-wp-hook.php on line 292 and exactly 2 expected in /mnt/data/home/401140.cloudwaysapps.com/qcqkjmndhe/public_html/wp-content/plugins/music-player-for-woocommerce/wcmp.php:748
Stack trace:
#0 /mnt/data/home/401140.cloudwaysapps.com/qcqkjmndhe/public_html/wp-includes/class-wp-hook.php(292): WooCommerceMusicPlayer->include_main_player_filter('removal 1 tooth')
#1 /mnt/data/home/401140.cloudwaysapps.com/qcqkjmndhe/public_html/wp-includes/plugin.php(212): WP_Hook->apply_filters('removal 1 tooth', Array)
#2 /mnt/data/home/401140.cloudwaysapps.com/qcqkjmndhe/public_html/wp-content/plugins/transposh-translation-filter-for-wordpress/wp/transposh_postpublish.php(115): apply_filters('the_title', 'removal 1 tooth')
#3 /mnt/data/home/401140.cloudwaysapps.com/qcqkjmndhe/public_html/wp-content/plugins/transposh-translation in /mnt/data/home/401140.cloudwaysapps.com/qcqkjmndhe/public_html/wp-content/plugins/music-player-for-woocommerce/wcmp.php on line 748

