2022-04-11T16:02:16+00:00 CRITICAL Uncaught Error: Call to undefined function track_ad_custom() in /home/642855.cloudwaysapps.com/zvdtvwubwd/public_html/ajax.php:1324
Stack trace:
#0 {main}
  thrown in /home/642855.cloudwaysapps.com/zvdtvwubwd/public_html/ajax.php on line 1324

2022-04-11T16:03:10+00:00 CRITICAL syntax error, unexpected ''<div class="rotation_set" id=' (T_ENCAPSED_AND_WHITESPACE) in /home/642855.cloudwaysapps.com/zvdtvwubwd/public_html/wp-content/themes/dokan-child/functions.php on line 2884

2022-04-11T09:08:01-07:00 CRITICAL Uncaught Error: Class 'Advanced_Ads_Tracking' not found in /home/642855.cloudwaysapps.com/zvdtvwubwd/public_html/wp-content/plugins/advanced-ads-tracking/tracking.php:56
Stack trace:
#0 /home/642855.cloudwaysapps.com/zvdtvwubwd/public_html/wp-includes/class-wp-hook.php(307): advanced_ads_tracking_init_plugin('')
#1 /home/642855.cloudwaysapps.com/zvdtvwubwd/public_html/wp-includes/class-wp-hook.php(331): WP_Hook->apply_filters(NULL, Array)
#2 /home/642855.cloudwaysapps.com/zvdtvwubwd/public_html/wp-includes/plugin.php(474): WP_Hook->do_action(Array)
#3 /home/642855.cloudwaysapps.com/zvdtvwubwd/public_html/wp-content/plugins/advanced-ads/public/class-advanced-ads.php(230): do_action('advanced-ads-pl...')
#4 /home/642855.cloudwaysapps.com/zvdtvwubwd/public_html/wp-includes/class-wp-hook.php(307): Advanced_Ads->advanced_ads_loaded('')
#5 /home/642855.cloudwaysapps.com/zvdtvwubwd/public_html/wp-includes/class-wp-hook.php(331): WP_Hook->apply_filters(NULL, Array)
#6 /home/642855.cloudwaysapps.com/zvdtvwubwd/public_ in /home/642855.cloudwaysapps.com/zvdtvwubwd/public_html/wp-content/plugins/advanced-ads-tracking/tracking.php on line 56

2022-04-11T09:10:27-07:00 CRITICAL Uncaught Error: Class 'Advanced_Ads_Tracking' not found in /home/642855.cloudwaysapps.com/zvdtvwubwd/public_html/wp-content/plugins/advanced-ads-tracking/tracking.php:56
Stack trace:
#0 /home/642855.cloudwaysapps.com/zvdtvwubwd/public_html/wp-includes/class-wp-hook.php(307): advanced_ads_tracking_init_plugin('')
#1 /home/642855.cloudwaysapps.com/zvdtvwubwd/public_html/wp-includes/class-wp-hook.php(331): WP_Hook->apply_filters(NULL, Array)
#2 /home/642855.cloudwaysapps.com/zvdtvwubwd/public_html/wp-includes/plugin.php(474): WP_Hook->do_action(Array)
#3 /home/642855.cloudwaysapps.com/zvdtvwubwd/public_html/wp-content/plugins/advanced-ads/public/class-advanced-ads.php(230): do_action('advanced-ads-pl...')
#4 /home/642855.cloudwaysapps.com/zvdtvwubwd/public_html/wp-includes/class-wp-hook.php(307): Advanced_Ads->advanced_ads_loaded('')
#5 /home/642855.cloudwaysapps.com/zvdtvwubwd/public_html/wp-includes/class-wp-hook.php(331): WP_Hook->apply_filters(NULL, Array)
#6 /home/642855.cloudwaysapps.com/zvdtvwubwd/public_ in /home/642855.cloudwaysapps.com/zvdtvwubwd/public_html/wp-content/plugins/advanced-ads-tracking/tracking.php on line 56

2022-04-11T17:30:24+00:00 CRITICAL syntax error, unexpected ''<div class="rotation_set" id=' (T_ENCAPSED_AND_WHITESPACE) in /home/642855.cloudwaysapps.com/zvdtvwubwd/public_html/wp-content/themes/dokan-child/functions.php on line 2884

2022-04-11T17:30:24+00:00 CRITICAL syntax error, unexpected end of file in /home/642855.cloudwaysapps.com/zvdtvwubwd/public_html/wp-content/themes/dokan-child/functions.php on line 5304

2022-04-11T17:33:24+00:00 CRITICAL syntax error, unexpected end of file in /home/642855.cloudwaysapps.com/zvdtvwubwd/public_html/wp-content/themes/dokan-child/functions.php on line 4937

2022-04-11T17:45:02+00:00 CRITICAL syntax error, unexpected end of file in /home/642855.cloudwaysapps.com/zvdtvwubwd/public_html/wp-content/themes/dokan-child/functions.php on line 437

2022-04-11T17:47:48+00:00 CRITICAL syntax error, unexpected end of file in /home/642855.cloudwaysapps.com/zvdtvwubwd/public_html/wp-content/themes/dokan-child/functions.php on line 4937

2022-04-11T17:47:48+00:00 CRITICAL syntax error, unexpected end of file in /home/642855.cloudwaysapps.com/zvdtvwubwd/public_html/wp-content/themes/dokan-child/functions.php on line 4937

2022-04-11T17:52:29+00:00 CRITICAL syntax error, unexpected end of file in /home/642855.cloudwaysapps.com/zvdtvwubwd/public_html/wp-content/themes/dokan-child/functions.php on line 4935

