2021-09-15T03:20:58-07:00 CRITICAL Uncaught ArgumentCountError: Too few arguments to function wc_get_orders(), 0 passed in /home/642855.cloudwaysapps.com/zvdtvwubwd/public_html/wp-content/plugins/WP_Orders/plugin.php on line 73 and exactly 1 expected in /home/642855.cloudwaysapps.com/zvdtvwubwd/public_html/wp-content/plugins/woocommerce/includes/wc-order-functions.php:26
Stack trace:
#0 /home/642855.cloudwaysapps.com/zvdtvwubwd/public_html/wp-content/plugins/WP_Orders/plugin.php(73): wc_get_orders()
#1 /home/642855.cloudwaysapps.com/zvdtvwubwd/public_html/wp-content/plugins/WP_Orders/plugin.php(532): Orders_List::get_OrdersFunc('CA90031-2021-09...')
#2 /home/642855.cloudwaysapps.com/zvdtvwubwd/public_html/wp-includes/class-wp-hook.php(303): SP_Plugin_Order->plugin_settings_page('')
#3 /home/642855.cloudwaysapps.com/zvdtvwubwd/public_html/wp-includes/class-wp-hook.php(327): WP_Hook->apply_filters('', Array)
#4 /home/642855.cloudwaysapps.com/zvdtvwubwd/public_html/wp-includes/plugin.php(470): WP_Hook->do_action(Array)
#5 /home/642855.cloudwaysap in /home/642855.cloudwaysapps.com/zvdtvwubwd/public_html/wp-content/plugins/woocommerce/includes/wc-order-functions.php on line 26

2021-09-15T03:41:07-07:00 CRITICAL Uncaught Error: Call to a member function is_closed() on bool in /home/642855.cloudwaysapps.com/zvdtvwubwd/public_html/wp-content/plugins/WP_Orders/plugin.php:554
Stack trace:
#0 /home/642855.cloudwaysapps.com/zvdtvwubwd/public_html/wp-includes/class-wp-hook.php(303): SP_Plugin_Order->plugin_settings_page('')
#1 /home/642855.cloudwaysapps.com/zvdtvwubwd/public_html/wp-includes/class-wp-hook.php(327): WP_Hook->apply_filters('', Array)
#2 /home/642855.cloudwaysapps.com/zvdtvwubwd/public_html/wp-includes/plugin.php(470): WP_Hook->do_action(Array)
#3 /home/642855.cloudwaysapps.com/zvdtvwubwd/public_html/wp-admin/admin.php(259): do_action('toplevel_page_o...')
#4 {main}
  thrown in /home/642855.cloudwaysapps.com/zvdtvwubwd/public_html/wp-content/plugins/WP_Orders/plugin.php on line 554

2021-09-15T03:41:24-07:00 CRITICAL Uncaught Error: Call to a member function is_closed() on bool in /home/642855.cloudwaysapps.com/zvdtvwubwd/public_html/wp-content/plugins/WP_Orders/plugin.php:554
Stack trace:
#0 /home/642855.cloudwaysapps.com/zvdtvwubwd/public_html/wp-includes/class-wp-hook.php(303): SP_Plugin_Order->plugin_settings_page('')
#1 /home/642855.cloudwaysapps.com/zvdtvwubwd/public_html/wp-includes/class-wp-hook.php(327): WP_Hook->apply_filters('', Array)
#2 /home/642855.cloudwaysapps.com/zvdtvwubwd/public_html/wp-includes/plugin.php(470): WP_Hook->do_action(Array)
#3 /home/642855.cloudwaysapps.com/zvdtvwubwd/public_html/wp-admin/admin.php(259): do_action('toplevel_page_o...')
#4 {main}
  thrown in /home/642855.cloudwaysapps.com/zvdtvwubwd/public_html/wp-content/plugins/WP_Orders/plugin.php on line 554

2021-09-15T03:42:19-07:00 CRITICAL Uncaught Error: Call to a member function is_closed() on bool in /home/642855.cloudwaysapps.com/zvdtvwubwd/public_html/wp-content/plugins/WP_Orders/plugin.php:554
Stack trace:
#0 /home/642855.cloudwaysapps.com/zvdtvwubwd/public_html/wp-includes/class-wp-hook.php(303): SP_Plugin_Order->plugin_settings_page('')
#1 /home/642855.cloudwaysapps.com/zvdtvwubwd/public_html/wp-includes/class-wp-hook.php(327): WP_Hook->apply_filters('', Array)
#2 /home/642855.cloudwaysapps.com/zvdtvwubwd/public_html/wp-includes/plugin.php(470): WP_Hook->do_action(Array)
#3 /home/642855.cloudwaysapps.com/zvdtvwubwd/public_html/wp-admin/admin.php(259): do_action('toplevel_page_o...')
#4 {main}
  thrown in /home/642855.cloudwaysapps.com/zvdtvwubwd/public_html/wp-content/plugins/WP_Orders/plugin.php on line 554

2021-09-15T03:43:51-07:00 CRITICAL Uncaught Error: Call to a member function is_closed() on bool in /home/642855.cloudwaysapps.com/zvdtvwubwd/public_html/wp-content/plugins/WP_Orders/plugin.php:554
Stack trace:
#0 /home/642855.cloudwaysapps.com/zvdtvwubwd/public_html/wp-includes/class-wp-hook.php(303): SP_Plugin_Order->plugin_settings_page('')
#1 /home/642855.cloudwaysapps.com/zvdtvwubwd/public_html/wp-includes/class-wp-hook.php(327): WP_Hook->apply_filters('', Array)
#2 /home/642855.cloudwaysapps.com/zvdtvwubwd/public_html/wp-includes/plugin.php(470): WP_Hook->do_action(Array)
#3 /home/642855.cloudwaysapps.com/zvdtvwubwd/public_html/wp-admin/admin.php(259): do_action('toplevel_page_o...')
#4 {main}
  thrown in /home/642855.cloudwaysapps.com/zvdtvwubwd/public_html/wp-content/plugins/WP_Orders/plugin.php on line 554

2021-09-15T03:43:59-07:00 CRITICAL Uncaught Error: Call to a member function is_closed() on bool in /home/642855.cloudwaysapps.com/zvdtvwubwd/public_html/wp-content/plugins/WP_Orders/plugin.php:554
Stack trace:
#0 /home/642855.cloudwaysapps.com/zvdtvwubwd/public_html/wp-includes/class-wp-hook.php(303): SP_Plugin_Order->plugin_settings_page('')
#1 /home/642855.cloudwaysapps.com/zvdtvwubwd/public_html/wp-includes/class-wp-hook.php(327): WP_Hook->apply_filters('', Array)
#2 /home/642855.cloudwaysapps.com/zvdtvwubwd/public_html/wp-includes/plugin.php(470): WP_Hook->do_action(Array)
#3 /home/642855.cloudwaysapps.com/zvdtvwubwd/public_html/wp-admin/admin.php(259): do_action('toplevel_page_o...')
#4 {main}
  thrown in /home/642855.cloudwaysapps.com/zvdtvwubwd/public_html/wp-content/plugins/WP_Orders/plugin.php on line 554

2021-09-15T03:44:55-07:00 CRITICAL Uncaught Error: Call to a member function is_closed() on bool in /home/642855.cloudwaysapps.com/zvdtvwubwd/public_html/wp-content/plugins/WP_Orders/plugin.php:555
Stack trace:
#0 /home/642855.cloudwaysapps.com/zvdtvwubwd/public_html/wp-includes/class-wp-hook.php(303): SP_Plugin_Order->plugin_settings_page('')
#1 /home/642855.cloudwaysapps.com/zvdtvwubwd/public_html/wp-includes/class-wp-hook.php(327): WP_Hook->apply_filters('', Array)
#2 /home/642855.cloudwaysapps.com/zvdtvwubwd/public_html/wp-includes/plugin.php(470): WP_Hook->do_action(Array)
#3 /home/642855.cloudwaysapps.com/zvdtvwubwd/public_html/wp-admin/admin.php(259): do_action('toplevel_page_o...')
#4 {main}
  thrown in /home/642855.cloudwaysapps.com/zvdtvwubwd/public_html/wp-content/plugins/WP_Orders/plugin.php on line 555

2021-09-15T03:52:32-07:00 CRITICAL Uncaught Error: Call to a member function is_closed() on bool in /home/642855.cloudwaysapps.com/zvdtvwubwd/public_html/wp-content/plugins/WP_Orders/plugin.php:555
Stack trace:
#0 /home/642855.cloudwaysapps.com/zvdtvwubwd/public_html/wp-includes/class-wp-hook.php(303): SP_Plugin_Order->plugin_settings_page('')
#1 /home/642855.cloudwaysapps.com/zvdtvwubwd/public_html/wp-includes/class-wp-hook.php(327): WP_Hook->apply_filters('', Array)
#2 /home/642855.cloudwaysapps.com/zvdtvwubwd/public_html/wp-includes/plugin.php(470): WP_Hook->do_action(Array)
#3 /home/642855.cloudwaysapps.com/zvdtvwubwd/public_html/wp-admin/admin.php(259): do_action('toplevel_page_o...')
#4 {main}
  thrown in /home/642855.cloudwaysapps.com/zvdtvwubwd/public_html/wp-content/plugins/WP_Orders/plugin.php on line 555

2021-09-15T03:56:39-07:00 CRITICAL Uncaught Error: Call to a member function is_closed() on bool in /home/642855.cloudwaysapps.com/zvdtvwubwd/public_html/wp-content/plugins/WP_Orders/plugin.php:561
Stack trace:
#0 /home/642855.cloudwaysapps.com/zvdtvwubwd/public_html/wp-includes/class-wp-hook.php(303): SP_Plugin_Order->plugin_settings_page('')
#1 /home/642855.cloudwaysapps.com/zvdtvwubwd/public_html/wp-includes/class-wp-hook.php(327): WP_Hook->apply_filters('', Array)
#2 /home/642855.cloudwaysapps.com/zvdtvwubwd/public_html/wp-includes/plugin.php(470): WP_Hook->do_action(Array)
#3 /home/642855.cloudwaysapps.com/zvdtvwubwd/public_html/wp-admin/admin.php(259): do_action('toplevel_page_o...')
#4 {main}
  thrown in /home/642855.cloudwaysapps.com/zvdtvwubwd/public_html/wp-content/plugins/WP_Orders/plugin.php on line 561

2021-09-15T03:56:50-07:00 CRITICAL Uncaught Error: Call to a member function is_closed() on bool in /home/642855.cloudwaysapps.com/zvdtvwubwd/public_html/wp-content/plugins/WP_Orders/plugin.php:561
Stack trace:
#0 /home/642855.cloudwaysapps.com/zvdtvwubwd/public_html/wp-includes/class-wp-hook.php(303): SP_Plugin_Order->plugin_settings_page('')
#1 /home/642855.cloudwaysapps.com/zvdtvwubwd/public_html/wp-includes/class-wp-hook.php(327): WP_Hook->apply_filters('', Array)
#2 /home/642855.cloudwaysapps.com/zvdtvwubwd/public_html/wp-includes/plugin.php(470): WP_Hook->do_action(Array)
#3 /home/642855.cloudwaysapps.com/zvdtvwubwd/public_html/wp-admin/admin.php(259): do_action('toplevel_page_o...')
#4 {main}
  thrown in /home/642855.cloudwaysapps.com/zvdtvwubwd/public_html/wp-content/plugins/WP_Orders/plugin.php on line 561

2021-09-15T04:00:06-07:00 CRITICAL Uncaught Error: Call to a member function is_closed() on bool in /home/642855.cloudwaysapps.com/zvdtvwubwd/public_html/wp-content/plugins/WP_Orders/plugin.php:563
Stack trace:
#0 /home/642855.cloudwaysapps.com/zvdtvwubwd/public_html/wp-includes/class-wp-hook.php(303): SP_Plugin_Order->plugin_settings_page('')
#1 /home/642855.cloudwaysapps.com/zvdtvwubwd/public_html/wp-includes/class-wp-hook.php(327): WP_Hook->apply_filters('', Array)
#2 /home/642855.cloudwaysapps.com/zvdtvwubwd/public_html/wp-includes/plugin.php(470): WP_Hook->do_action(Array)
#3 /home/642855.cloudwaysapps.com/zvdtvwubwd/public_html/wp-admin/admin.php(259): do_action('toplevel_page_o...')
#4 {main}
  thrown in /home/642855.cloudwaysapps.com/zvdtvwubwd/public_html/wp-content/plugins/WP_Orders/plugin.php on line 563

2021-09-15T04:22:33-07:00 CRITICAL Uncaught Error: Call to a member function is_closed() on bool in /home/642855.cloudwaysapps.com/zvdtvwubwd/public_html/wp-content/plugins/WP_Orders/plugin.php:469
Stack trace:
#0 /home/642855.cloudwaysapps.com/zvdtvwubwd/public_html/wp-includes/class-wp-hook.php(303): SP_Plugin_Order->plugin_settings_page('')
#1 /home/642855.cloudwaysapps.com/zvdtvwubwd/public_html/wp-includes/class-wp-hook.php(327): WP_Hook->apply_filters('', Array)
#2 /home/642855.cloudwaysapps.com/zvdtvwubwd/public_html/wp-includes/plugin.php(470): WP_Hook->do_action(Array)
#3 /home/642855.cloudwaysapps.com/zvdtvwubwd/public_html/wp-admin/admin.php(259): do_action('toplevel_page_o...')
#4 {main}
  thrown in /home/642855.cloudwaysapps.com/zvdtvwubwd/public_html/wp-content/plugins/WP_Orders/plugin.php on line 469

2021-09-15T04:30:53-07:00 CRITICAL Uncaught Error: Cannot use object of type stdClass as array in /home/642855.cloudwaysapps.com/zvdtvwubwd/public_html/wp-content/plugins/WP_Orders/plugin.php:436
Stack trace:
#0 /home/642855.cloudwaysapps.com/zvdtvwubwd/public_html/wp-includes/class-wp-hook.php(303): SP_Plugin_Order->plugin_settings_page('')
#1 /home/642855.cloudwaysapps.com/zvdtvwubwd/public_html/wp-includes/class-wp-hook.php(327): WP_Hook->apply_filters('', Array)
#2 /home/642855.cloudwaysapps.com/zvdtvwubwd/public_html/wp-includes/plugin.php(470): WP_Hook->do_action(Array)
#3 /home/642855.cloudwaysapps.com/zvdtvwubwd/public_html/wp-admin/admin.php(259): do_action('toplevel_page_o...')
#4 {main}
  thrown in /home/642855.cloudwaysapps.com/zvdtvwubwd/public_html/wp-content/plugins/WP_Orders/plugin.php on line 436

2021-09-15T05:07:16-07:00 CRITICAL Uncaught Error: Call to undefined method Automattic\WooCommerce\Admin\Overrides\Order::get_billing_zip_code() in /home/642855.cloudwaysapps.com/zvdtvwubwd/public_html/wp-content/plugins/WP_Orders/plugin.php:441
Stack trace:
#0 /home/642855.cloudwaysapps.com/zvdtvwubwd/public_html/wp-includes/class-wp-hook.php(303): SP_Plugin_Order->plugin_settings_page('')
#1 /home/642855.cloudwaysapps.com/zvdtvwubwd/public_html/wp-includes/class-wp-hook.php(327): WP_Hook->apply_filters('', Array)
#2 /home/642855.cloudwaysapps.com/zvdtvwubwd/public_html/wp-includes/plugin.php(470): WP_Hook->do_action(Array)
#3 /home/642855.cloudwaysapps.com/zvdtvwubwd/public_html/wp-admin/admin.php(259): do_action('toplevel_page_o...')
#4 {main}
  thrown in /home/642855.cloudwaysapps.com/zvdtvwubwd/public_html/wp-content/plugins/WP_Orders/plugin.php on line 441

2021-09-15T05:07:18-07:00 CRITICAL Uncaught Error: Call to undefined method Automattic\WooCommerce\Admin\Overrides\Order::get_billing_zip_code() in /home/642855.cloudwaysapps.com/zvdtvwubwd/public_html/wp-content/plugins/WP_Orders/plugin.php:441
Stack trace:
#0 /home/642855.cloudwaysapps.com/zvdtvwubwd/public_html/wp-includes/class-wp-hook.php(303): SP_Plugin_Order->plugin_settings_page('')
#1 /home/642855.cloudwaysapps.com/zvdtvwubwd/public_html/wp-includes/class-wp-hook.php(327): WP_Hook->apply_filters('', Array)
#2 /home/642855.cloudwaysapps.com/zvdtvwubwd/public_html/wp-includes/plugin.php(470): WP_Hook->do_action(Array)
#3 /home/642855.cloudwaysapps.com/zvdtvwubwd/public_html/wp-admin/admin.php(259): do_action('toplevel_page_o...')
#4 {main}
  thrown in /home/642855.cloudwaysapps.com/zvdtvwubwd/public_html/wp-content/plugins/WP_Orders/plugin.php on line 441

2021-09-15T06:30:37-07:00 CRITICAL Uncaught ArgumentCountError: Too few arguments to function WooCommerceMusicPlayer::include_main_player_filter(), 1 passed in /home/642855.cloudwaysapps.com/zvdtvwubwd/public_html/wp-includes/class-wp-hook.php on line 303 and exactly 2 expected in /home/642855.cloudwaysapps.com/zvdtvwubwd/public_html/wp-content/plugins/music-player-for-woocommerce/wcmp.php:752
Stack trace:
#0 /home/642855.cloudwaysapps.com/zvdtvwubwd/public_html/wp-includes/class-wp-hook.php(303): WooCommerceMusicPlayer->include_main_player_filter('Ad Demo\xE2\x80\x99s Com...')
#1 /home/642855.cloudwaysapps.com/zvdtvwubwd/public_html/wp-includes/plugin.php(189): WP_Hook->apply_filters('Ad Demo\xE2\x80\x99s Com...', Array)
#2 /home/642855.cloudwaysapps.com/zvdtvwubwd/public_html/wp-content/plugins/transposh-translation-filter-for-wordpress/wp/transposh_postpublish.php(115): apply_filters('the_title', 'Ad Demo\xE2\x80\x99s Com...')
#3 /home/642855.cloudwaysapps.com/zvdtvwubwd/public_html/wp-content/plugins/transposh-translation-filter-for-wordpr in /home/642855.cloudwaysapps.com/zvdtvwubwd/public_html/wp-content/plugins/music-player-for-woocommerce/wcmp.php on line 752

2021-09-15T06:36:17-07:00 CRITICAL Uncaught ArgumentCountError: Too few arguments to function WooCommerceMusicPlayer::include_main_player_filter(), 1 passed in /home/642855.cloudwaysapps.com/zvdtvwubwd/public_html/wp-includes/class-wp-hook.php on line 303 and exactly 2 expected in /home/642855.cloudwaysapps.com/zvdtvwubwd/public_html/wp-content/plugins/music-player-for-woocommerce/wcmp.php:752
Stack trace:
#0 /home/642855.cloudwaysapps.com/zvdtvwubwd/public_html/wp-includes/class-wp-hook.php(303): WooCommerceMusicPlayer->include_main_player_filter('Ad Demo\xE2\x80\x99s Com...')
#1 /home/642855.cloudwaysapps.com/zvdtvwubwd/public_html/wp-includes/plugin.php(189): WP_Hook->apply_filters('Ad Demo\xE2\x80\x99s Com...', Array)
#2 /home/642855.cloudwaysapps.com/zvdtvwubwd/public_html/wp-content/plugins/transposh-translation-filter-for-wordpress/wp/transposh_postpublish.php(115): apply_filters('the_title', 'Ad Demo\xE2\x80\x99s Com...')
#3 /home/642855.cloudwaysapps.com/zvdtvwubwd/public_html/wp-content/plugins/transposh-translation-filter-for-wordpr in /home/642855.cloudwaysapps.com/zvdtvwubwd/public_html/wp-content/plugins/music-player-for-woocommerce/wcmp.php on line 752

2021-09-15T14:00:56+00:00 CRITICAL syntax error, unexpected ''<div class="rotation_set" id=' (T_ENCAPSED_AND_WHITESPACE) in /home/642855.cloudwaysapps.com/zvdtvwubwd/public_html/wp-content/themes/dokan-child/functions.php on line 2553

