2021-07-27T02:57:39-07:00 CRITICAL Uncaught Error: Call to a member function get_name() on bool in /mnt/data/home/401140.cloudwaysapps.com/qcqkjmndhe/public_html/wp-content/themes/dokan-child/functions.php:1068
Stack trace:
#0 /mnt/data/home/401140.cloudwaysapps.com/qcqkjmndhe/public_html/wp-includes/class-wp-hook.php(303): iconic_display_engraving_text_cart(Array, Array)
#1 /mnt/data/home/401140.cloudwaysapps.com/qcqkjmndhe/public_html/wp-includes/plugin.php(189): WP_Hook->apply_filters(Array, Array)
#2 /mnt/data/home/401140.cloudwaysapps.com/qcqkjmndhe/public_html/wp-content/plugins/woocommerce/includes/wc-template-functions.php(3660): apply_filters('woocommerce_get...', Array, Array)
#3 /mnt/data/home/401140.cloudwaysapps.com/qcqkjmndhe/public_html/wp-content/themes/dokan-child/woocommerce/cart/mini-cart.php(70): wc_get_formatted_cart_item_data(Array)
#4 /mnt/data/home/401140.cloudwaysapps.com/qcqkjmndhe/public_html/wp-content/plugins/woocommerce/includes/wc-core-functions.php(345): include('/mnt/data/home/...')
#5 /mnt/data/home/401140.clo in /mnt/data/home/401140.cloudwaysapps.com/qcqkjmndhe/public_html/wp-content/themes/dokan-child/functions.php on line 1068

2021-07-27T02:57:57-07:00 CRITICAL Uncaught Error: Call to a member function get_name() on bool in /mnt/data/home/401140.cloudwaysapps.com/qcqkjmndhe/public_html/wp-content/themes/dokan-child/functions.php:1068
Stack trace:
#0 /mnt/data/home/401140.cloudwaysapps.com/qcqkjmndhe/public_html/wp-includes/class-wp-hook.php(303): iconic_display_engraving_text_cart(Array, Array)
#1 /mnt/data/home/401140.cloudwaysapps.com/qcqkjmndhe/public_html/wp-includes/plugin.php(189): WP_Hook->apply_filters(Array, Array)
#2 /mnt/data/home/401140.cloudwaysapps.com/qcqkjmndhe/public_html/wp-content/plugins/woocommerce/includes/wc-template-functions.php(3660): apply_filters('woocommerce_get...', Array, Array)
#3 /mnt/data/home/401140.cloudwaysapps.com/qcqkjmndhe/public_html/wp-content/themes/dokan-child/woocommerce/cart/mini-cart.php(70): wc_get_formatted_cart_item_data(Array)
#4 /mnt/data/home/401140.cloudwaysapps.com/qcqkjmndhe/public_html/wp-content/plugins/woocommerce/includes/wc-core-functions.php(345): include('/mnt/data/home/...')
#5 /mnt/data/home/401140.clo in /mnt/data/home/401140.cloudwaysapps.com/qcqkjmndhe/public_html/wp-content/themes/dokan-child/functions.php on line 1068

2021-07-27T02:58:07-07:00 CRITICAL Uncaught Error: Call to a member function get_name() on bool in /mnt/data/home/401140.cloudwaysapps.com/qcqkjmndhe/public_html/wp-content/themes/dokan-child/functions.php:1068
Stack trace:
#0 /mnt/data/home/401140.cloudwaysapps.com/qcqkjmndhe/public_html/wp-includes/class-wp-hook.php(303): iconic_display_engraving_text_cart(Array, Array)
#1 /mnt/data/home/401140.cloudwaysapps.com/qcqkjmndhe/public_html/wp-includes/plugin.php(189): WP_Hook->apply_filters(Array, Array)
#2 /mnt/data/home/401140.cloudwaysapps.com/qcqkjmndhe/public_html/wp-content/plugins/woocommerce/includes/wc-template-functions.php(3660): apply_filters('woocommerce_get...', Array, Array)
#3 /mnt/data/home/401140.cloudwaysapps.com/qcqkjmndhe/public_html/wp-content/themes/dokan-child/woocommerce/cart/mini-cart.php(70): wc_get_formatted_cart_item_data(Array)
#4 /mnt/data/home/401140.cloudwaysapps.com/qcqkjmndhe/public_html/wp-content/plugins/woocommerce/includes/wc-core-functions.php(345): include('/mnt/data/home/...')
#5 /mnt/data/home/401140.clo in /mnt/data/home/401140.cloudwaysapps.com/qcqkjmndhe/public_html/wp-content/themes/dokan-child/functions.php on line 1068

