2021-10-22T03:33:11-07:00 CRITICAL Uncaught Google\Service\Exception: {
  "error": {
    "code": 400,
    "message": "Invalid Date specified: 10/01/21",
    "errors": [
      {
        "message": "Invalid Date specified: 10/01/21",
        "domain": "global",
        "reason": "badRequest"
      }
    ],
    "status": "INVALID_ARGUMENT"
  }
}
 in /home/642855.cloudwaysapps.com/zvdtvwubwd/public_html/vendor/google/apiclient/src/Http/REST.php:128
Stack trace:
#0 /home/642855.cloudwaysapps.com/zvdtvwubwd/public_html/vendor/google/apiclient/src/Http/REST.php(103): Google\Http\REST::decodeHttpResponse(Object(GuzzleHttp\Psr7\Response), Object(GuzzleHttp\Psr7\Request), 'Google\\Service\\...')
#1 [internal function]: Google\Http\REST::doExecute(Object(GuzzleHttp\Client), Object(GuzzleHttp\Psr7\Request), 'Google\\Service\\...')
#2 /home/642855.cloudwaysapps.com/zvdtvwubwd/public_html/vendor/google/apiclient/src/Task/Runner.php(182): call_user_func_array(Array, Array)
#3 /home/642855.cloudwaysapps.com/zvdtvwubwd/public_html/vendor/google/apiclient/src/H in /home/642855.cloudwaysapps.com/zvdtvwubwd/public_html/vendor/google/apiclient/src/Http/REST.php on line 128

2021-10-22T03:35:56-07:00 CRITICAL Uncaught Google\Service\Exception: {
  "error": {
    "code": 400,
    "message": "Date 1969-12-31 precedes Google Analytics launch date 2005-01-01",
    "errors": [
      {
        "message": "Date 1969-12-31 precedes Google Analytics launch date 2005-01-01",
        "domain": "global",
        "reason": "badRequest"
      }
    ],
    "status": "INVALID_ARGUMENT"
  }
}
 in /home/642855.cloudwaysapps.com/zvdtvwubwd/public_html/vendor/google/apiclient/src/Http/REST.php:128
Stack trace:
#0 /home/642855.cloudwaysapps.com/zvdtvwubwd/public_html/vendor/google/apiclient/src/Http/REST.php(103): Google\Http\REST::decodeHttpResponse(Object(GuzzleHttp\Psr7\Response), Object(GuzzleHttp\Psr7\Request), 'Google\\Service\\...')
#1 [internal function]: Google\Http\REST::doExecute(Object(GuzzleHttp\Client), Object(GuzzleHttp\Psr7\Request), 'Google\\Service\\...')
#2 /home/642855.cloudwaysapps.com/zvdtvwubwd/public_html/vendor/google/apiclient/src/Task/Runner.php(182): call_user_func_array(Array, Array)
#3 /home/642855.cloudw in /home/642855.cloudwaysapps.com/zvdtvwubwd/public_html/vendor/google/apiclient/src/Http/REST.php on line 128

2021-10-22T11:44:07+00:00 CRITICAL Uncaught Error: Call to undefined function track_ad_custom() in /home/642855.cloudwaysapps.com/zvdtvwubwd/public_html/ajax.php:1204
Stack trace:
#0 {main}
  thrown in /home/642855.cloudwaysapps.com/zvdtvwubwd/public_html/ajax.php on line 1204

2021-10-22T11:44:07+00:00 CRITICAL syntax error, unexpected end of file in /home/642855.cloudwaysapps.com/zvdtvwubwd/public_html/wp-content/themes/dokan-child/functions.php on line 437

2021-10-22T07:34:37-07:00 CRITICAL Uncaught ArgumentCountError: Too few arguments to function WooCommerceMusicPlayer::include_main_player_filter(), 1 passed in /home/642855.cloudwaysapps.com/zvdtvwubwd/public_html/wp-includes/class-wp-hook.php on line 303 and exactly 2 expected in /home/642855.cloudwaysapps.com/zvdtvwubwd/public_html/wp-content/plugins/music-player-for-woocommerce/wcmp.php:805
Stack trace:
#0 /home/642855.cloudwaysapps.com/zvdtvwubwd/public_html/wp-includes/class-wp-hook.php(303): WooCommerceMusicPlayer->include_main_player_filter('traditional ort...')
#1 /home/642855.cloudwaysapps.com/zvdtvwubwd/public_html/wp-includes/plugin.php(189): WP_Hook->apply_filters('traditional ort...', Array)
#2 /home/642855.cloudwaysapps.com/zvdtvwubwd/public_html/wp-content/plugins/transposh-translation-filter-for-wordpress/wp/transposh_postpublish.php(115): apply_filters('the_title', 'traditional ort...')
#3 /home/642855.cloudwaysapps.com/zvdtvwubwd/public_html/wp-content/plugins/transposh-translation-filter-for-wordpress/wp/transposh_admin.php( in /home/642855.cloudwaysapps.com/zvdtvwubwd/public_html/wp-content/plugins/music-player-for-woocommerce/wcmp.php on line 805

2021-10-22T07:35:18-07:00 CRITICAL Uncaught ArgumentCountError: Too few arguments to function WooCommerceMusicPlayer::include_main_player_filter(), 1 passed in /home/642855.cloudwaysapps.com/zvdtvwubwd/public_html/wp-includes/class-wp-hook.php on line 303 and exactly 2 expected in /home/642855.cloudwaysapps.com/zvdtvwubwd/public_html/wp-content/plugins/music-player-for-woocommerce/wcmp.php:805
Stack trace:
#0 /home/642855.cloudwaysapps.com/zvdtvwubwd/public_html/wp-includes/class-wp-hook.php(303): WooCommerceMusicPlayer->include_main_player_filter('traditional ort...')
#1 /home/642855.cloudwaysapps.com/zvdtvwubwd/public_html/wp-includes/plugin.php(189): WP_Hook->apply_filters('traditional ort...', Array)
#2 /home/642855.cloudwaysapps.com/zvdtvwubwd/public_html/wp-content/plugins/transposh-translation-filter-for-wordpress/wp/transposh_postpublish.php(115): apply_filters('the_title', 'traditional ort...')
#3 /home/642855.cloudwaysapps.com/zvdtvwubwd/public_html/wp-content/plugins/transposh-translation-filter-for-wordpress/wp/transposh_admin.php( in /home/642855.cloudwaysapps.com/zvdtvwubwd/public_html/wp-content/plugins/music-player-for-woocommerce/wcmp.php on line 805

2021-10-22T08:08:29-07:00 CRITICAL Uncaught ArgumentCountError: Too few arguments to function GA_List::getReport(), 3 passed in /home/642855.cloudwaysapps.com/zvdtvwubwd/public_html/wp-content/plugins/WP_GA/plugin.php on line 628 and exactly 4 expected in /home/642855.cloudwaysapps.com/zvdtvwubwd/public_html/wp-content/plugins/WP_GA/plugin.php:102
Stack trace:
#0 /home/642855.cloudwaysapps.com/zvdtvwubwd/public_html/wp-content/plugins/WP_GA/plugin.php(628): GA_List::getReport(Object(Google\Service\AnalyticsReporting), '', '')
#1 /home/642855.cloudwaysapps.com/zvdtvwubwd/public_html/wp-includes/class-wp-hook.php(303): SP_Plugin_GA->plugin_settings_page('')
#2 /home/642855.cloudwaysapps.com/zvdtvwubwd/public_html/wp-includes/class-wp-hook.php(327): WP_Hook->apply_filters('', Array)
#3 /home/642855.cloudwaysapps.com/zvdtvwubwd/public_html/wp-includes/plugin.php(470): WP_Hook->do_action(Array)
#4 /home/642855.cloudwaysapps.com/zvdtvwubwd/public_html/wp-admin/admin.php(259): do_action('toplevel_page_A...')
#5 {main}
  thrown in /home/642855.cloudwaysapps.com/zvdtvwubwd/public_html/wp-content/plugins/WP_GA/plugin.php on line 102

2021-10-22T08:08:57-07:00 CRITICAL Uncaught ArgumentCountError: Too few arguments to function GA_List::getReport(), 3 passed in /home/642855.cloudwaysapps.com/zvdtvwubwd/public_html/wp-content/plugins/WP_GA/plugin.php on line 628 and exactly 4 expected in /home/642855.cloudwaysapps.com/zvdtvwubwd/public_html/wp-content/plugins/WP_GA/plugin.php:102
Stack trace:
#0 /home/642855.cloudwaysapps.com/zvdtvwubwd/public_html/wp-content/plugins/WP_GA/plugin.php(628): GA_List::getReport(Object(Google\Service\AnalyticsReporting), '', '')
#1 /home/642855.cloudwaysapps.com/zvdtvwubwd/public_html/wp-includes/class-wp-hook.php(303): SP_Plugin_GA->plugin_settings_page('')
#2 /home/642855.cloudwaysapps.com/zvdtvwubwd/public_html/wp-includes/class-wp-hook.php(327): WP_Hook->apply_filters('', Array)
#3 /home/642855.cloudwaysapps.com/zvdtvwubwd/public_html/wp-includes/plugin.php(470): WP_Hook->do_action(Array)
#4 /home/642855.cloudwaysapps.com/zvdtvwubwd/public_html/wp-admin/admin.php(259): do_action('toplevel_page_A...')
#5 {main}
  thrown in /home/642855.cloudwaysapps.com/zvdtvwubwd/public_html/wp-content/plugins/WP_GA/plugin.php on line 102

2021-10-22T08:09:01-07:00 CRITICAL Uncaught ArgumentCountError: Too few arguments to function GA_List::getReport(), 3 passed in /home/642855.cloudwaysapps.com/zvdtvwubwd/public_html/wp-content/plugins/WP_GA/plugin.php on line 628 and exactly 4 expected in /home/642855.cloudwaysapps.com/zvdtvwubwd/public_html/wp-content/plugins/WP_GA/plugin.php:102
Stack trace:
#0 /home/642855.cloudwaysapps.com/zvdtvwubwd/public_html/wp-content/plugins/WP_GA/plugin.php(628): GA_List::getReport(Object(Google\Service\AnalyticsReporting), '', '')
#1 /home/642855.cloudwaysapps.com/zvdtvwubwd/public_html/wp-includes/class-wp-hook.php(303): SP_Plugin_GA->plugin_settings_page('')
#2 /home/642855.cloudwaysapps.com/zvdtvwubwd/public_html/wp-includes/class-wp-hook.php(327): WP_Hook->apply_filters('', Array)
#3 /home/642855.cloudwaysapps.com/zvdtvwubwd/public_html/wp-includes/plugin.php(470): WP_Hook->do_action(Array)
#4 /home/642855.cloudwaysapps.com/zvdtvwubwd/public_html/wp-admin/admin.php(259): do_action('toplevel_page_A...')
#5 {main}
  thrown in /home/642855.cloudwaysapps.com/zvdtvwubwd/public_html/wp-content/plugins/WP_GA/plugin.php on line 102

2021-10-22T08:20:51-07:00 CRITICAL Uncaught ArgumentCountError: Too few arguments to function WooCommerceMusicPlayer::include_main_player_filter(), 1 passed in /home/642855.cloudwaysapps.com/zvdtvwubwd/public_html/wp-includes/class-wp-hook.php on line 303 and exactly 2 expected in /home/642855.cloudwaysapps.com/zvdtvwubwd/public_html/wp-content/plugins/music-player-for-woocommerce/wcmp.php:805
Stack trace:
#0 /home/642855.cloudwaysapps.com/zvdtvwubwd/public_html/wp-includes/class-wp-hook.php(303): WooCommerceMusicPlayer->include_main_player_filter('traditional ort...')
#1 /home/642855.cloudwaysapps.com/zvdtvwubwd/public_html/wp-includes/plugin.php(189): WP_Hook->apply_filters('traditional ort...', Array)
#2 /home/642855.cloudwaysapps.com/zvdtvwubwd/public_html/wp-content/plugins/transposh-translation-filter-for-wordpress/wp/transposh_postpublish.php(115): apply_filters('the_title', 'traditional ort...')
#3 /home/642855.cloudwaysapps.com/zvdtvwubwd/public_html/wp-content/plugins/transposh-translation-filter-for-wordpress/wp/transposh_admin.php( in /home/642855.cloudwaysapps.com/zvdtvwubwd/public_html/wp-content/plugins/music-player-for-woocommerce/wcmp.php on line 805

