2022-01-05T01:53:54-08:00 CRITICAL Uncaught ArgumentCountError: Too few arguments to function WooCommerceMusicPlayer::include_main_player_filter(), 1 passed in /home/642855.cloudwaysapps.com/zvdtvwubwd/public_html/wp-includes/class-wp-hook.php on line 303 and exactly 2 expected in /home/642855.cloudwaysapps.com/zvdtvwubwd/public_html/wp-content/plugins/music-player-for-woocommerce/wcmp.php:814
Stack trace:
#0 /home/642855.cloudwaysapps.com/zvdtvwubwd/public_html/wp-includes/class-wp-hook.php(303): WooCommerceMusicPlayer->include_main_player_filter('removal all tee...')
#1 /home/642855.cloudwaysapps.com/zvdtvwubwd/public_html/wp-includes/plugin.php(189): WP_Hook->apply_filters('removal all tee...', Array)
#2 /home/642855.cloudwaysapps.com/zvdtvwubwd/public_html/wp-content/plugins/transposh-translation-filter-for-wordpress/wp/transposh_postpublish.php(115): apply_filters('the_title', 'removal all tee...')
#3 /home/642855.cloudwaysapps.com/zvdtvwubwd/public_html/wp-content/plugins/transposh-translation-filter-for-wordpress/wp/transposh_admin.php( in /home/642855.cloudwaysapps.com/zvdtvwubwd/public_html/wp-content/plugins/music-player-for-woocommerce/wcmp.php on line 814

2022-01-05T02:01:01-08:00 CRITICAL Uncaught ArgumentCountError: Too few arguments to function WooCommerceMusicPlayer::include_main_player_filter(), 1 passed in /home/642855.cloudwaysapps.com/zvdtvwubwd/public_html/wp-includes/class-wp-hook.php on line 303 and exactly 2 expected in /home/642855.cloudwaysapps.com/zvdtvwubwd/public_html/wp-content/plugins/music-player-for-woocommerce/wcmp.php:814
Stack trace:
#0 /home/642855.cloudwaysapps.com/zvdtvwubwd/public_html/wp-includes/class-wp-hook.php(303): WooCommerceMusicPlayer->include_main_player_filter('removal all tee...')
#1 /home/642855.cloudwaysapps.com/zvdtvwubwd/public_html/wp-includes/plugin.php(189): WP_Hook->apply_filters('removal all tee...', Array)
#2 /home/642855.cloudwaysapps.com/zvdtvwubwd/public_html/wp-content/plugins/transposh-translation-filter-for-wordpress/wp/transposh_postpublish.php(115): apply_filters('the_title', 'removal all tee...')
#3 /home/642855.cloudwaysapps.com/zvdtvwubwd/public_html/wp-content/plugins/transposh-translation-filter-for-wordpress/wp/transposh_admin.php( in /home/642855.cloudwaysapps.com/zvdtvwubwd/public_html/wp-content/plugins/music-player-for-woocommerce/wcmp.php on line 814

2022-01-05T02:16:32-08:00 CRITICAL Uncaught ArgumentCountError: Too few arguments to function WooCommerceMusicPlayer::include_main_player_filter(), 1 passed in /home/642855.cloudwaysapps.com/zvdtvwubwd/public_html/wp-includes/class-wp-hook.php on line 303 and exactly 2 expected in /home/642855.cloudwaysapps.com/zvdtvwubwd/public_html/wp-content/plugins/music-player-for-woocommerce/wcmp.php:814
Stack trace:
#0 /home/642855.cloudwaysapps.com/zvdtvwubwd/public_html/wp-includes/class-wp-hook.php(303): WooCommerceMusicPlayer->include_main_player_filter('removal all tee...')
#1 /home/642855.cloudwaysapps.com/zvdtvwubwd/public_html/wp-includes/plugin.php(189): WP_Hook->apply_filters('removal all tee...', Array)
#2 /home/642855.cloudwaysapps.com/zvdtvwubwd/public_html/wp-content/plugins/transposh-translation-filter-for-wordpress/wp/transposh_postpublish.php(115): apply_filters('the_title', 'removal all tee...')
#3 /home/642855.cloudwaysapps.com/zvdtvwubwd/public_html/wp-content/plugins/transposh-translation-filter-for-wordpress/wp/transposh_admin.php( in /home/642855.cloudwaysapps.com/zvdtvwubwd/public_html/wp-content/plugins/music-player-for-woocommerce/wcmp.php on line 814

2022-01-05T02:22:06-08:00 CRITICAL Uncaught ArgumentCountError: Too few arguments to function WooCommerceMusicPlayer::include_main_player_filter(), 1 passed in /home/642855.cloudwaysapps.com/zvdtvwubwd/public_html/wp-includes/class-wp-hook.php on line 303 and exactly 2 expected in /home/642855.cloudwaysapps.com/zvdtvwubwd/public_html/wp-content/plugins/music-player-for-woocommerce/wcmp.php:814
Stack trace:
#0 /home/642855.cloudwaysapps.com/zvdtvwubwd/public_html/wp-includes/class-wp-hook.php(303): WooCommerceMusicPlayer->include_main_player_filter('removal all tee...')
#1 /home/642855.cloudwaysapps.com/zvdtvwubwd/public_html/wp-includes/plugin.php(189): WP_Hook->apply_filters('removal all tee...', Array)
#2 /home/642855.cloudwaysapps.com/zvdtvwubwd/public_html/wp-content/plugins/transposh-translation-filter-for-wordpress/wp/transposh_postpublish.php(115): apply_filters('the_title', 'removal all tee...')
#3 /home/642855.cloudwaysapps.com/zvdtvwubwd/public_html/wp-content/plugins/transposh-translation-filter-for-wordpress/wp/transposh_admin.php( in /home/642855.cloudwaysapps.com/zvdtvwubwd/public_html/wp-content/plugins/music-player-for-woocommerce/wcmp.php on line 814

2022-01-05T02:23:10-08:00 CRITICAL Uncaught ArgumentCountError: Too few arguments to function WooCommerceMusicPlayer::include_main_player_filter(), 1 passed in /home/642855.cloudwaysapps.com/zvdtvwubwd/public_html/wp-includes/class-wp-hook.php on line 303 and exactly 2 expected in /home/642855.cloudwaysapps.com/zvdtvwubwd/public_html/wp-content/plugins/music-player-for-woocommerce/wcmp.php:814
Stack trace:
#0 /home/642855.cloudwaysapps.com/zvdtvwubwd/public_html/wp-includes/class-wp-hook.php(303): WooCommerceMusicPlayer->include_main_player_filter('removal all tee...')
#1 /home/642855.cloudwaysapps.com/zvdtvwubwd/public_html/wp-includes/plugin.php(189): WP_Hook->apply_filters('removal all tee...', Array)
#2 /home/642855.cloudwaysapps.com/zvdtvwubwd/public_html/wp-content/plugins/transposh-translation-filter-for-wordpress/wp/transposh_postpublish.php(115): apply_filters('the_title', 'removal all tee...')
#3 /home/642855.cloudwaysapps.com/zvdtvwubwd/public_html/wp-content/plugins/transposh-translation-filter-for-wordpress/wp/transposh_admin.php( in /home/642855.cloudwaysapps.com/zvdtvwubwd/public_html/wp-content/plugins/music-player-for-woocommerce/wcmp.php on line 814

2022-01-05T02:28:36-08:00 CRITICAL Uncaught ArgumentCountError: Too few arguments to function WooCommerceMusicPlayer::include_main_player_filter(), 1 passed in /home/642855.cloudwaysapps.com/zvdtvwubwd/public_html/wp-includes/class-wp-hook.php on line 303 and exactly 2 expected in /home/642855.cloudwaysapps.com/zvdtvwubwd/public_html/wp-content/plugins/music-player-for-woocommerce/wcmp.php:814
Stack trace:
#0 /home/642855.cloudwaysapps.com/zvdtvwubwd/public_html/wp-includes/class-wp-hook.php(303): WooCommerceMusicPlayer->include_main_player_filter('removal all tee...')
#1 /home/642855.cloudwaysapps.com/zvdtvwubwd/public_html/wp-includes/plugin.php(189): WP_Hook->apply_filters('removal all tee...', Array)
#2 /home/642855.cloudwaysapps.com/zvdtvwubwd/public_html/wp-content/plugins/transposh-translation-filter-for-wordpress/wp/transposh_postpublish.php(115): apply_filters('the_title', 'removal all tee...')
#3 /home/642855.cloudwaysapps.com/zvdtvwubwd/public_html/wp-content/plugins/transposh-translation-filter-for-wordpress/wp/transposh_admin.php( in /home/642855.cloudwaysapps.com/zvdtvwubwd/public_html/wp-content/plugins/music-player-for-woocommerce/wcmp.php on line 814

2022-01-05T04:35:18-08:00 CRITICAL Uncaught ArgumentCountError: Too few arguments to function WooCommerceMusicPlayer::include_main_player_filter(), 1 passed in /home/642855.cloudwaysapps.com/zvdtvwubwd/public_html/wp-includes/class-wp-hook.php on line 303 and exactly 2 expected in /home/642855.cloudwaysapps.com/zvdtvwubwd/public_html/wp-content/plugins/music-player-for-woocommerce/wcmp.php:814
Stack trace:
#0 /home/642855.cloudwaysapps.com/zvdtvwubwd/public_html/wp-includes/class-wp-hook.php(303): WooCommerceMusicPlayer->include_main_player_filter('removal all tee...')
#1 /home/642855.cloudwaysapps.com/zvdtvwubwd/public_html/wp-includes/plugin.php(189): WP_Hook->apply_filters('removal all tee...', Array)
#2 /home/642855.cloudwaysapps.com/zvdtvwubwd/public_html/wp-content/plugins/transposh-translation-filter-for-wordpress/wp/transposh_postpublish.php(115): apply_filters('the_title', 'removal all tee...')
#3 /home/642855.cloudwaysapps.com/zvdtvwubwd/public_html/wp-content/plugins/transposh-translation-filter-for-wordpress/wp/transposh_admin.php( in /home/642855.cloudwaysapps.com/zvdtvwubwd/public_html/wp-content/plugins/music-player-for-woocommerce/wcmp.php on line 814

2022-01-05T04:37:15-08:00 CRITICAL Uncaught ArgumentCountError: Too few arguments to function WooCommerceMusicPlayer::include_main_player_filter(), 1 passed in /home/642855.cloudwaysapps.com/zvdtvwubwd/public_html/wp-includes/class-wp-hook.php on line 303 and exactly 2 expected in /home/642855.cloudwaysapps.com/zvdtvwubwd/public_html/wp-content/plugins/music-player-for-woocommerce/wcmp.php:814
Stack trace:
#0 /home/642855.cloudwaysapps.com/zvdtvwubwd/public_html/wp-includes/class-wp-hook.php(303): WooCommerceMusicPlayer->include_main_player_filter('removal all tee...')
#1 /home/642855.cloudwaysapps.com/zvdtvwubwd/public_html/wp-includes/plugin.php(189): WP_Hook->apply_filters('removal all tee...', Array)
#2 /home/642855.cloudwaysapps.com/zvdtvwubwd/public_html/wp-content/plugins/transposh-translation-filter-for-wordpress/wp/transposh_postpublish.php(115): apply_filters('the_title', 'removal all tee...')
#3 /home/642855.cloudwaysapps.com/zvdtvwubwd/public_html/wp-content/plugins/transposh-translation-filter-for-wordpress/wp/transposh_admin.php( in /home/642855.cloudwaysapps.com/zvdtvwubwd/public_html/wp-content/plugins/music-player-for-woocommerce/wcmp.php on line 814

2022-01-05T05:07:58-08:00 CRITICAL Uncaught ArgumentCountError: Too few arguments to function WooCommerceMusicPlayer::include_main_player_filter(), 1 passed in /home/642855.cloudwaysapps.com/zvdtvwubwd/public_html/wp-includes/class-wp-hook.php on line 303 and exactly 2 expected in /home/642855.cloudwaysapps.com/zvdtvwubwd/public_html/wp-content/plugins/music-player-for-woocommerce/wcmp.php:814
Stack trace:
#0 /home/642855.cloudwaysapps.com/zvdtvwubwd/public_html/wp-includes/class-wp-hook.php(303): WooCommerceMusicPlayer->include_main_player_filter('removal all tee...')
#1 /home/642855.cloudwaysapps.com/zvdtvwubwd/public_html/wp-includes/plugin.php(189): WP_Hook->apply_filters('removal all tee...', Array)
#2 /home/642855.cloudwaysapps.com/zvdtvwubwd/public_html/wp-content/plugins/transposh-translation-filter-for-wordpress/wp/transposh_postpublish.php(115): apply_filters('the_title', 'removal all tee...')
#3 /home/642855.cloudwaysapps.com/zvdtvwubwd/public_html/wp-content/plugins/transposh-translation-filter-for-wordpress/wp/transposh_admin.php( in /home/642855.cloudwaysapps.com/zvdtvwubwd/public_html/wp-content/plugins/music-player-for-woocommerce/wcmp.php on line 814

2022-01-05T05:11:37-08:00 CRITICAL Uncaught ArgumentCountError: Too few arguments to function WooCommerceMusicPlayer::include_main_player_filter(), 1 passed in /home/642855.cloudwaysapps.com/zvdtvwubwd/public_html/wp-includes/class-wp-hook.php on line 303 and exactly 2 expected in /home/642855.cloudwaysapps.com/zvdtvwubwd/public_html/wp-content/plugins/music-player-for-woocommerce/wcmp.php:814
Stack trace:
#0 /home/642855.cloudwaysapps.com/zvdtvwubwd/public_html/wp-includes/class-wp-hook.php(303): WooCommerceMusicPlayer->include_main_player_filter('removal all tee...')
#1 /home/642855.cloudwaysapps.com/zvdtvwubwd/public_html/wp-includes/plugin.php(189): WP_Hook->apply_filters('removal all tee...', Array)
#2 /home/642855.cloudwaysapps.com/zvdtvwubwd/public_html/wp-content/plugins/transposh-translation-filter-for-wordpress/wp/transposh_postpublish.php(115): apply_filters('the_title', 'removal all tee...')
#3 /home/642855.cloudwaysapps.com/zvdtvwubwd/public_html/wp-content/plugins/transposh-translation-filter-for-wordpress/wp/transposh_admin.php( in /home/642855.cloudwaysapps.com/zvdtvwubwd/public_html/wp-content/plugins/music-player-for-woocommerce/wcmp.php on line 814

2022-01-05T05:28:15-08:00 CRITICAL Uncaught ArgumentCountError: Too few arguments to function WooCommerceMusicPlayer::include_main_player_filter(), 1 passed in /home/642855.cloudwaysapps.com/zvdtvwubwd/public_html/wp-includes/class-wp-hook.php on line 303 and exactly 2 expected in /home/642855.cloudwaysapps.com/zvdtvwubwd/public_html/wp-content/plugins/music-player-for-woocommerce/wcmp.php:814
Stack trace:
#0 /home/642855.cloudwaysapps.com/zvdtvwubwd/public_html/wp-includes/class-wp-hook.php(303): WooCommerceMusicPlayer->include_main_player_filter('removal all tee...')
#1 /home/642855.cloudwaysapps.com/zvdtvwubwd/public_html/wp-includes/plugin.php(189): WP_Hook->apply_filters('removal all tee...', Array)
#2 /home/642855.cloudwaysapps.com/zvdtvwubwd/public_html/wp-content/plugins/transposh-translation-filter-for-wordpress/wp/transposh_postpublish.php(115): apply_filters('the_title', 'removal all tee...')
#3 /home/642855.cloudwaysapps.com/zvdtvwubwd/public_html/wp-content/plugins/transposh-translation-filter-for-wordpress/wp/transposh_admin.php( in /home/642855.cloudwaysapps.com/zvdtvwubwd/public_html/wp-content/plugins/music-player-for-woocommerce/wcmp.php on line 814

2022-01-05T05:33:13-08:00 CRITICAL Uncaught ArgumentCountError: Too few arguments to function WooCommerceMusicPlayer::include_main_player_filter(), 1 passed in /home/642855.cloudwaysapps.com/zvdtvwubwd/public_html/wp-includes/class-wp-hook.php on line 303 and exactly 2 expected in /home/642855.cloudwaysapps.com/zvdtvwubwd/public_html/wp-content/plugins/music-player-for-woocommerce/wcmp.php:814
Stack trace:
#0 /home/642855.cloudwaysapps.com/zvdtvwubwd/public_html/wp-includes/class-wp-hook.php(303): WooCommerceMusicPlayer->include_main_player_filter('removal all tee...')
#1 /home/642855.cloudwaysapps.com/zvdtvwubwd/public_html/wp-includes/plugin.php(189): WP_Hook->apply_filters('removal all tee...', Array)
#2 /home/642855.cloudwaysapps.com/zvdtvwubwd/public_html/wp-content/plugins/transposh-translation-filter-for-wordpress/wp/transposh_postpublish.php(115): apply_filters('the_title', 'removal all tee...')
#3 /home/642855.cloudwaysapps.com/zvdtvwubwd/public_html/wp-content/plugins/transposh-translation-filter-for-wordpress/wp/transposh_admin.php( in /home/642855.cloudwaysapps.com/zvdtvwubwd/public_html/wp-content/plugins/music-player-for-woocommerce/wcmp.php on line 814

2022-01-05T05:34:43-08:00 CRITICAL Uncaught ArgumentCountError: Too few arguments to function WooCommerceMusicPlayer::include_main_player_filter(), 1 passed in /home/642855.cloudwaysapps.com/zvdtvwubwd/public_html/wp-includes/class-wp-hook.php on line 303 and exactly 2 expected in /home/642855.cloudwaysapps.com/zvdtvwubwd/public_html/wp-content/plugins/music-player-for-woocommerce/wcmp.php:814
Stack trace:
#0 /home/642855.cloudwaysapps.com/zvdtvwubwd/public_html/wp-includes/class-wp-hook.php(303): WooCommerceMusicPlayer->include_main_player_filter('removal all tee...')
#1 /home/642855.cloudwaysapps.com/zvdtvwubwd/public_html/wp-includes/plugin.php(189): WP_Hook->apply_filters('removal all tee...', Array)
#2 /home/642855.cloudwaysapps.com/zvdtvwubwd/public_html/wp-content/plugins/transposh-translation-filter-for-wordpress/wp/transposh_postpublish.php(115): apply_filters('the_title', 'removal all tee...')
#3 /home/642855.cloudwaysapps.com/zvdtvwubwd/public_html/wp-content/plugins/transposh-translation-filter-for-wordpress/wp/transposh_admin.php( in /home/642855.cloudwaysapps.com/zvdtvwubwd/public_html/wp-content/plugins/music-player-for-woocommerce/wcmp.php on line 814

2022-01-05T05:48:08-08:00 CRITICAL Uncaught ArgumentCountError: Too few arguments to function WooCommerceMusicPlayer::include_main_player_filter(), 1 passed in /home/642855.cloudwaysapps.com/zvdtvwubwd/public_html/wp-includes/class-wp-hook.php on line 303 and exactly 2 expected in /home/642855.cloudwaysapps.com/zvdtvwubwd/public_html/wp-content/plugins/music-player-for-woocommerce/wcmp.php:814
Stack trace:
#0 /home/642855.cloudwaysapps.com/zvdtvwubwd/public_html/wp-includes/class-wp-hook.php(303): WooCommerceMusicPlayer->include_main_player_filter('removal all tee...')
#1 /home/642855.cloudwaysapps.com/zvdtvwubwd/public_html/wp-includes/plugin.php(189): WP_Hook->apply_filters('removal all tee...', Array)
#2 /home/642855.cloudwaysapps.com/zvdtvwubwd/public_html/wp-content/plugins/transposh-translation-filter-for-wordpress/wp/transposh_postpublish.php(115): apply_filters('the_title', 'removal all tee...')
#3 /home/642855.cloudwaysapps.com/zvdtvwubwd/public_html/wp-content/plugins/transposh-translation-filter-for-wordpress/wp/transposh_admin.php( in /home/642855.cloudwaysapps.com/zvdtvwubwd/public_html/wp-content/plugins/music-player-for-woocommerce/wcmp.php on line 814

2022-01-05T05:50:49-08:00 CRITICAL Uncaught ArgumentCountError: Too few arguments to function WooCommerceMusicPlayer::include_main_player_filter(), 1 passed in /home/642855.cloudwaysapps.com/zvdtvwubwd/public_html/wp-includes/class-wp-hook.php on line 303 and exactly 2 expected in /home/642855.cloudwaysapps.com/zvdtvwubwd/public_html/wp-content/plugins/music-player-for-woocommerce/wcmp.php:814
Stack trace:
#0 /home/642855.cloudwaysapps.com/zvdtvwubwd/public_html/wp-includes/class-wp-hook.php(303): WooCommerceMusicPlayer->include_main_player_filter('removal all tee...')
#1 /home/642855.cloudwaysapps.com/zvdtvwubwd/public_html/wp-includes/plugin.php(189): WP_Hook->apply_filters('removal all tee...', Array)
#2 /home/642855.cloudwaysapps.com/zvdtvwubwd/public_html/wp-content/plugins/transposh-translation-filter-for-wordpress/wp/transposh_postpublish.php(115): apply_filters('the_title', 'removal all tee...')
#3 /home/642855.cloudwaysapps.com/zvdtvwubwd/public_html/wp-content/plugins/transposh-translation-filter-for-wordpress/wp/transposh_admin.php( in /home/642855.cloudwaysapps.com/zvdtvwubwd/public_html/wp-content/plugins/music-player-for-woocommerce/wcmp.php on line 814

2022-01-05T05:52:48-08:00 CRITICAL Uncaught ArgumentCountError: Too few arguments to function WooCommerceMusicPlayer::include_main_player_filter(), 1 passed in /home/642855.cloudwaysapps.com/zvdtvwubwd/public_html/wp-includes/class-wp-hook.php on line 303 and exactly 2 expected in /home/642855.cloudwaysapps.com/zvdtvwubwd/public_html/wp-content/plugins/music-player-for-woocommerce/wcmp.php:814
Stack trace:
#0 /home/642855.cloudwaysapps.com/zvdtvwubwd/public_html/wp-includes/class-wp-hook.php(303): WooCommerceMusicPlayer->include_main_player_filter('removal all tee...')
#1 /home/642855.cloudwaysapps.com/zvdtvwubwd/public_html/wp-includes/plugin.php(189): WP_Hook->apply_filters('removal all tee...', Array)
#2 /home/642855.cloudwaysapps.com/zvdtvwubwd/public_html/wp-content/plugins/transposh-translation-filter-for-wordpress/wp/transposh_postpublish.php(115): apply_filters('the_title', 'removal all tee...')
#3 /home/642855.cloudwaysapps.com/zvdtvwubwd/public_html/wp-content/plugins/transposh-translation-filter-for-wordpress/wp/transposh_admin.php( in /home/642855.cloudwaysapps.com/zvdtvwubwd/public_html/wp-content/plugins/music-player-for-woocommerce/wcmp.php on line 814

2022-01-05T05:58:38-08:00 CRITICAL Uncaught ArgumentCountError: Too few arguments to function WooCommerceMusicPlayer::include_main_player_filter(), 1 passed in /home/642855.cloudwaysapps.com/zvdtvwubwd/public_html/wp-includes/class-wp-hook.php on line 303 and exactly 2 expected in /home/642855.cloudwaysapps.com/zvdtvwubwd/public_html/wp-content/plugins/music-player-for-woocommerce/wcmp.php:814
Stack trace:
#0 /home/642855.cloudwaysapps.com/zvdtvwubwd/public_html/wp-includes/class-wp-hook.php(303): WooCommerceMusicPlayer->include_main_player_filter('removal all tee...')
#1 /home/642855.cloudwaysapps.com/zvdtvwubwd/public_html/wp-includes/plugin.php(189): WP_Hook->apply_filters('removal all tee...', Array)
#2 /home/642855.cloudwaysapps.com/zvdtvwubwd/public_html/wp-content/plugins/transposh-translation-filter-for-wordpress/wp/transposh_postpublish.php(115): apply_filters('the_title', 'removal all tee...')
#3 /home/642855.cloudwaysapps.com/zvdtvwubwd/public_html/wp-content/plugins/transposh-translation-filter-for-wordpress/wp/transposh_admin.php( in /home/642855.cloudwaysapps.com/zvdtvwubwd/public_html/wp-content/plugins/music-player-for-woocommerce/wcmp.php on line 814

2022-01-05T06:08:33-08:00 CRITICAL Uncaught ArgumentCountError: Too few arguments to function WooCommerceMusicPlayer::include_main_player_filter(), 1 passed in /home/642855.cloudwaysapps.com/zvdtvwubwd/public_html/wp-includes/class-wp-hook.php on line 303 and exactly 2 expected in /home/642855.cloudwaysapps.com/zvdtvwubwd/public_html/wp-content/plugins/music-player-for-woocommerce/wcmp.php:814
Stack trace:
#0 /home/642855.cloudwaysapps.com/zvdtvwubwd/public_html/wp-includes/class-wp-hook.php(303): WooCommerceMusicPlayer->include_main_player_filter('removal all tee...')
#1 /home/642855.cloudwaysapps.com/zvdtvwubwd/public_html/wp-includes/plugin.php(189): WP_Hook->apply_filters('removal all tee...', Array)
#2 /home/642855.cloudwaysapps.com/zvdtvwubwd/public_html/wp-content/plugins/transposh-translation-filter-for-wordpress/wp/transposh_postpublish.php(115): apply_filters('the_title', 'removal all tee...')
#3 /home/642855.cloudwaysapps.com/zvdtvwubwd/public_html/wp-content/plugins/transposh-translation-filter-for-wordpress/wp/transposh_admin.php( in /home/642855.cloudwaysapps.com/zvdtvwubwd/public_html/wp-content/plugins/music-player-for-woocommerce/wcmp.php on line 814

2022-01-05T06:14:01-08:00 CRITICAL Uncaught ArgumentCountError: Too few arguments to function WooCommerceMusicPlayer::include_main_player_filter(), 1 passed in /home/642855.cloudwaysapps.com/zvdtvwubwd/public_html/wp-includes/class-wp-hook.php on line 303 and exactly 2 expected in /home/642855.cloudwaysapps.com/zvdtvwubwd/public_html/wp-content/plugins/music-player-for-woocommerce/wcmp.php:814
Stack trace:
#0 /home/642855.cloudwaysapps.com/zvdtvwubwd/public_html/wp-includes/class-wp-hook.php(303): WooCommerceMusicPlayer->include_main_player_filter('removal all tee...')
#1 /home/642855.cloudwaysapps.com/zvdtvwubwd/public_html/wp-includes/plugin.php(189): WP_Hook->apply_filters('removal all tee...', Array)
#2 /home/642855.cloudwaysapps.com/zvdtvwubwd/public_html/wp-content/plugins/transposh-translation-filter-for-wordpress/wp/transposh_postpublish.php(115): apply_filters('the_title', 'removal all tee...')
#3 /home/642855.cloudwaysapps.com/zvdtvwubwd/public_html/wp-content/plugins/transposh-translation-filter-for-wordpress/wp/transposh_admin.php( in /home/642855.cloudwaysapps.com/zvdtvwubwd/public_html/wp-content/plugins/music-player-for-woocommerce/wcmp.php on line 814

