2022-04-12T09:45:27-07:00 CRITICAL Uncaught Error: Class 'Advanced_Ads_Tracking' not found in /home/642855.cloudwaysapps.com/zvdtvwubwd/public_html/wp-content/plugins/advanced-ads-tracking/tracking.php:56
Stack trace:
#0 /home/642855.cloudwaysapps.com/zvdtvwubwd/public_html/wp-includes/class-wp-hook.php(307): advanced_ads_tracking_init_plugin('')
#1 /home/642855.cloudwaysapps.com/zvdtvwubwd/public_html/wp-includes/class-wp-hook.php(331): WP_Hook->apply_filters(NULL, Array)
#2 /home/642855.cloudwaysapps.com/zvdtvwubwd/public_html/wp-includes/plugin.php(474): WP_Hook->do_action(Array)
#3 /home/642855.cloudwaysapps.com/zvdtvwubwd/public_html/wp-content/plugins/advanced-ads/public/class-advanced-ads.php(230): do_action('advanced-ads-pl...')
#4 /home/642855.cloudwaysapps.com/zvdtvwubwd/public_html/wp-includes/class-wp-hook.php(307): Advanced_Ads->advanced_ads_loaded('')
#5 /home/642855.cloudwaysapps.com/zvdtvwubwd/public_html/wp-includes/class-wp-hook.php(331): WP_Hook->apply_filters(NULL, Array)
#6 /home/642855.cloudwaysapps.com/zvdtvwubwd/public_ in /home/642855.cloudwaysapps.com/zvdtvwubwd/public_html/wp-content/plugins/advanced-ads-tracking/tracking.php on line 56

2022-04-12T09:45:31-07:00 CRITICAL Uncaught Error: Class 'Advanced_Ads_Tracking' not found in /home/642855.cloudwaysapps.com/zvdtvwubwd/public_html/wp-content/plugins/advanced-ads-tracking/tracking.php:56
Stack trace:
#0 /home/642855.cloudwaysapps.com/zvdtvwubwd/public_html/wp-includes/class-wp-hook.php(307): advanced_ads_tracking_init_plugin('')
#1 /home/642855.cloudwaysapps.com/zvdtvwubwd/public_html/wp-includes/class-wp-hook.php(331): WP_Hook->apply_filters(NULL, Array)
#2 /home/642855.cloudwaysapps.com/zvdtvwubwd/public_html/wp-includes/plugin.php(474): WP_Hook->do_action(Array)
#3 /home/642855.cloudwaysapps.com/zvdtvwubwd/public_html/wp-content/plugins/advanced-ads/public/class-advanced-ads.php(230): do_action('advanced-ads-pl...')
#4 /home/642855.cloudwaysapps.com/zvdtvwubwd/public_html/wp-includes/class-wp-hook.php(307): Advanced_Ads->advanced_ads_loaded('')
#5 /home/642855.cloudwaysapps.com/zvdtvwubwd/public_html/wp-includes/class-wp-hook.php(331): WP_Hook->apply_filters(NULL, Array)
#6 /home/642855.cloudwaysapps.com/zvdtvwubwd/public_ in /home/642855.cloudwaysapps.com/zvdtvwubwd/public_html/wp-content/plugins/advanced-ads-tracking/tracking.php on line 56

2022-04-12T09:46:22-07:00 CRITICAL Uncaught Error: Class 'Advanced_Ads_Tracking' not found in /home/642855.cloudwaysapps.com/zvdtvwubwd/public_html/wp-content/plugins/advanced-ads-tracking/tracking.php:56
Stack trace:
#0 /home/642855.cloudwaysapps.com/zvdtvwubwd/public_html/wp-includes/class-wp-hook.php(307): advanced_ads_tracking_init_plugin('')
#1 /home/642855.cloudwaysapps.com/zvdtvwubwd/public_html/wp-includes/class-wp-hook.php(331): WP_Hook->apply_filters(NULL, Array)
#2 /home/642855.cloudwaysapps.com/zvdtvwubwd/public_html/wp-includes/plugin.php(474): WP_Hook->do_action(Array)
#3 /home/642855.cloudwaysapps.com/zvdtvwubwd/public_html/wp-content/plugins/advanced-ads/public/class-advanced-ads.php(230): do_action('advanced-ads-pl...')
#4 /home/642855.cloudwaysapps.com/zvdtvwubwd/public_html/wp-includes/class-wp-hook.php(307): Advanced_Ads->advanced_ads_loaded('')
#5 /home/642855.cloudwaysapps.com/zvdtvwubwd/public_html/wp-includes/class-wp-hook.php(331): WP_Hook->apply_filters(NULL, Array)
#6 /home/642855.cloudwaysapps.com/zvdtvwubwd/public_ in /home/642855.cloudwaysapps.com/zvdtvwubwd/public_html/wp-content/plugins/advanced-ads-tracking/tracking.php on line 56

2022-04-12T09:46:24-07:00 CRITICAL syntax error, unexpected end of file in /home/642855.cloudwaysapps.com/zvdtvwubwd/public_html/wp-content/plugins/advanced-ads-tracking/public/public.php on line 487

2022-04-12T09:59:30-07:00 CRITICAL Uncaught Error: Class 'Advanced_Ads_Tracking' not found in /home/642855.cloudwaysapps.com/zvdtvwubwd/public_html/wp-content/plugins/advanced-ads-tracking/tracking.php:56
Stack trace:
#0 /home/642855.cloudwaysapps.com/zvdtvwubwd/public_html/wp-includes/class-wp-hook.php(307): advanced_ads_tracking_init_plugin('')
#1 /home/642855.cloudwaysapps.com/zvdtvwubwd/public_html/wp-includes/class-wp-hook.php(331): WP_Hook->apply_filters(NULL, Array)
#2 /home/642855.cloudwaysapps.com/zvdtvwubwd/public_html/wp-includes/plugin.php(474): WP_Hook->do_action(Array)
#3 /home/642855.cloudwaysapps.com/zvdtvwubwd/public_html/wp-content/plugins/advanced-ads/public/class-advanced-ads.php(230): do_action('advanced-ads-pl...')
#4 /home/642855.cloudwaysapps.com/zvdtvwubwd/public_html/wp-includes/class-wp-hook.php(307): Advanced_Ads->advanced_ads_loaded('')
#5 /home/642855.cloudwaysapps.com/zvdtvwubwd/public_html/wp-includes/class-wp-hook.php(331): WP_Hook->apply_filters(NULL, Array)
#6 /home/642855.cloudwaysapps.com/zvdtvwubwd/public_ in /home/642855.cloudwaysapps.com/zvdtvwubwd/public_html/wp-content/plugins/advanced-ads-tracking/tracking.php on line 56

2022-04-12T09:59:30-07:00 CRITICAL Uncaught Error: Class 'Advanced_Ads_Tracking' not found in /home/642855.cloudwaysapps.com/zvdtvwubwd/public_html/wp-content/plugins/advanced-ads-tracking/tracking.php:56
Stack trace:
#0 /home/642855.cloudwaysapps.com/zvdtvwubwd/public_html/wp-includes/class-wp-hook.php(307): advanced_ads_tracking_init_plugin('')
#1 /home/642855.cloudwaysapps.com/zvdtvwubwd/public_html/wp-includes/class-wp-hook.php(331): WP_Hook->apply_filters(NULL, Array)
#2 /home/642855.cloudwaysapps.com/zvdtvwubwd/public_html/wp-includes/plugin.php(474): WP_Hook->do_action(Array)
#3 /home/642855.cloudwaysapps.com/zvdtvwubwd/public_html/wp-content/plugins/advanced-ads/public/class-advanced-ads.php(230): do_action('advanced-ads-pl...')
#4 /home/642855.cloudwaysapps.com/zvdtvwubwd/public_html/wp-includes/class-wp-hook.php(307): Advanced_Ads->advanced_ads_loaded('')
#5 /home/642855.cloudwaysapps.com/zvdtvwubwd/public_html/wp-includes/class-wp-hook.php(331): WP_Hook->apply_filters(NULL, Array)
#6 /home/642855.cloudwaysapps.com/zvdtvwubwd/public_ in /home/642855.cloudwaysapps.com/zvdtvwubwd/public_html/wp-content/plugins/advanced-ads-tracking/tracking.php on line 56

2022-04-12T10:00:01-07:00 CRITICAL Uncaught Error: Class 'Advanced_Ads_Tracking' not found in /home/642855.cloudwaysapps.com/zvdtvwubwd/public_html/wp-content/plugins/advanced-ads-tracking/tracking.php:56
Stack trace:
#0 /home/642855.cloudwaysapps.com/zvdtvwubwd/public_html/wp-includes/class-wp-hook.php(307): advanced_ads_tracking_init_plugin('')
#1 /home/642855.cloudwaysapps.com/zvdtvwubwd/public_html/wp-includes/class-wp-hook.php(331): WP_Hook->apply_filters(NULL, Array)
#2 /home/642855.cloudwaysapps.com/zvdtvwubwd/public_html/wp-includes/plugin.php(474): WP_Hook->do_action(Array)
#3 /home/642855.cloudwaysapps.com/zvdtvwubwd/public_html/wp-content/plugins/advanced-ads/public/class-advanced-ads.php(230): do_action('advanced-ads-pl...')
#4 /home/642855.cloudwaysapps.com/zvdtvwubwd/public_html/wp-includes/class-wp-hook.php(307): Advanced_Ads->advanced_ads_loaded('')
#5 /home/642855.cloudwaysapps.com/zvdtvwubwd/public_html/wp-includes/class-wp-hook.php(331): WP_Hook->apply_filters(NULL, Array)
#6 /home/642855.cloudwaysapps.com/zvdtvwubwd/public_ in /home/642855.cloudwaysapps.com/zvdtvwubwd/public_html/wp-content/plugins/advanced-ads-tracking/tracking.php on line 56

2022-04-12T10:22:54-07:00 CRITICAL Uncaught Error: Class 'Advanced_Ads_Tracking' not found in /home/642855.cloudwaysapps.com/zvdtvwubwd/public_html/wp-content/plugins/advanced-ads-tracking/tracking.php:56
Stack trace:
#0 /home/642855.cloudwaysapps.com/zvdtvwubwd/public_html/wp-includes/class-wp-hook.php(307): advanced_ads_tracking_init_plugin('')
#1 /home/642855.cloudwaysapps.com/zvdtvwubwd/public_html/wp-includes/class-wp-hook.php(331): WP_Hook->apply_filters(NULL, Array)
#2 /home/642855.cloudwaysapps.com/zvdtvwubwd/public_html/wp-includes/plugin.php(474): WP_Hook->do_action(Array)
#3 /home/642855.cloudwaysapps.com/zvdtvwubwd/public_html/wp-content/plugins/advanced-ads/public/class-advanced-ads.php(230): do_action('advanced-ads-pl...')
#4 /home/642855.cloudwaysapps.com/zvdtvwubwd/public_html/wp-includes/class-wp-hook.php(307): Advanced_Ads->advanced_ads_loaded('')
#5 /home/642855.cloudwaysapps.com/zvdtvwubwd/public_html/wp-includes/class-wp-hook.php(331): WP_Hook->apply_filters(NULL, Array)
#6 /home/642855.cloudwaysapps.com/zvdtvwubwd/public_ in /home/642855.cloudwaysapps.com/zvdtvwubwd/public_html/wp-content/plugins/advanced-ads-tracking/tracking.php on line 56

2022-04-12T10:34:41-07:00 CRITICAL Uncaught Error: Class 'Advanced_Ads_Tracking' not found in /home/642855.cloudwaysapps.com/zvdtvwubwd/public_html/wp-content/plugins/advanced-ads-tracking/tracking.php:56
Stack trace:
#0 /home/642855.cloudwaysapps.com/zvdtvwubwd/public_html/wp-includes/class-wp-hook.php(307): advanced_ads_tracking_init_plugin('')
#1 /home/642855.cloudwaysapps.com/zvdtvwubwd/public_html/wp-includes/class-wp-hook.php(331): WP_Hook->apply_filters(NULL, Array)
#2 /home/642855.cloudwaysapps.com/zvdtvwubwd/public_html/wp-includes/plugin.php(474): WP_Hook->do_action(Array)
#3 /home/642855.cloudwaysapps.com/zvdtvwubwd/public_html/wp-content/plugins/advanced-ads/public/class-advanced-ads.php(230): do_action('advanced-ads-pl...')
#4 /home/642855.cloudwaysapps.com/zvdtvwubwd/public_html/wp-includes/class-wp-hook.php(307): Advanced_Ads->advanced_ads_loaded('')
#5 /home/642855.cloudwaysapps.com/zvdtvwubwd/public_html/wp-includes/class-wp-hook.php(331): WP_Hook->apply_filters(NULL, Array)
#6 /home/642855.cloudwaysapps.com/zvdtvwubwd/public_ in /home/642855.cloudwaysapps.com/zvdtvwubwd/public_html/wp-content/plugins/advanced-ads-tracking/tracking.php on line 56

