2021-06-08T07:04:25-07:00 CRITICAL Uncaught ArgumentCountError: Too few arguments to function WooCommerceMusicPlayer::include_main_player_filter(), 1 passed in /mnt/data/home/401140.cloudwaysapps.com/qcqkjmndhe/public_html/wp-includes/class-wp-hook.php on line 292 and exactly 2 expected in /mnt/data/home/401140.cloudwaysapps.com/qcqkjmndhe/public_html/wp-content/plugins/music-player-for-woocommerce/wcmp.php:752
Stack trace:
#0 /mnt/data/home/401140.cloudwaysapps.com/qcqkjmndhe/public_html/wp-includes/class-wp-hook.php(292): WooCommerceMusicPlayer->include_main_player_filter('90031-20')
#1 /mnt/data/home/401140.cloudwaysapps.com/qcqkjmndhe/public_html/wp-includes/plugin.php(212): WP_Hook->apply_filters('90031-20', Array)
#2 /mnt/data/home/401140.cloudwaysapps.com/qcqkjmndhe/public_html/wp-content/plugins/transposh-translation-filter-for-wordpress/wp/transposh_postpublish.php(115): apply_filters('the_title', '90031-20')
#3 /mnt/data/home/401140.cloudwaysapps.com/qcqkjmndhe/public_html/wp-content/plugins/transposh-translation-filter-for-wordpress in /mnt/data/home/401140.cloudwaysapps.com/qcqkjmndhe/public_html/wp-content/plugins/music-player-for-woocommerce/wcmp.php on line 752

2021-06-08T07:11:34-07:00 CRITICAL Uncaught ArgumentCountError: Too few arguments to function WooCommerceMusicPlayer::include_main_player_filter(), 1 passed in /mnt/data/home/401140.cloudwaysapps.com/qcqkjmndhe/public_html/wp-includes/class-wp-hook.php on line 292 and exactly 2 expected in /mnt/data/home/401140.cloudwaysapps.com/qcqkjmndhe/public_html/wp-content/plugins/music-player-for-woocommerce/wcmp.php:752
Stack trace:
#0 /mnt/data/home/401140.cloudwaysapps.com/qcqkjmndhe/public_html/wp-includes/class-wp-hook.php(292): WooCommerceMusicPlayer->include_main_player_filter('Coupon&#8217;s ...')
#1 /mnt/data/home/401140.cloudwaysapps.com/qcqkjmndhe/public_html/wp-includes/plugin.php(212): WP_Hook->apply_filters('Coupon&#8217;s ...', Array)
#2 /mnt/data/home/401140.cloudwaysapps.com/qcqkjmndhe/public_html/wp-content/plugins/transposh-translation-filter-for-wordpress/wp/transposh_postpublish.php(115): apply_filters('the_title', 'Coupon's Catego...')
#3 /mnt/data/home/401140.cloudwaysapps.com/qcqkjmndhe/public_html/wp-content/plugins/transposh-tr in /mnt/data/home/401140.cloudwaysapps.com/qcqkjmndhe/public_html/wp-content/plugins/music-player-for-woocommerce/wcmp.php on line 752

2021-06-08T07:12:38-07:00 CRITICAL Uncaught ArgumentCountError: Too few arguments to function WooCommerceMusicPlayer::include_main_player_filter(), 1 passed in /mnt/data/home/401140.cloudwaysapps.com/qcqkjmndhe/public_html/wp-includes/class-wp-hook.php on line 292 and exactly 2 expected in /mnt/data/home/401140.cloudwaysapps.com/qcqkjmndhe/public_html/wp-content/plugins/music-player-for-woocommerce/wcmp.php:752
Stack trace:
#0 /mnt/data/home/401140.cloudwaysapps.com/qcqkjmndhe/public_html/wp-includes/class-wp-hook.php(292): WooCommerceMusicPlayer->include_main_player_filter('Coupon&#8217;s ...')
#1 /mnt/data/home/401140.cloudwaysapps.com/qcqkjmndhe/public_html/wp-includes/plugin.php(212): WP_Hook->apply_filters('Coupon&#8217;s ...', Array)
#2 /mnt/data/home/401140.cloudwaysapps.com/qcqkjmndhe/public_html/wp-content/plugins/transposh-translation-filter-for-wordpress/wp/transposh_postpublish.php(115): apply_filters('the_title', 'Coupon's Catego...')
#3 /mnt/data/home/401140.cloudwaysapps.com/qcqkjmndhe/public_html/wp-content/plugins/transposh-tr in /mnt/data/home/401140.cloudwaysapps.com/qcqkjmndhe/public_html/wp-content/plugins/music-player-for-woocommerce/wcmp.php on line 752

2021-06-08T07:13:35-07:00 CRITICAL Uncaught ArgumentCountError: Too few arguments to function WooCommerceMusicPlayer::include_main_player_filter(), 1 passed in /mnt/data/home/401140.cloudwaysapps.com/qcqkjmndhe/public_html/wp-includes/class-wp-hook.php on line 292 and exactly 2 expected in /mnt/data/home/401140.cloudwaysapps.com/qcqkjmndhe/public_html/wp-content/plugins/music-player-for-woocommerce/wcmp.php:752
Stack trace:
#0 /mnt/data/home/401140.cloudwaysapps.com/qcqkjmndhe/public_html/wp-includes/class-wp-hook.php(292): WooCommerceMusicPlayer->include_main_player_filter('90031-20')
#1 /mnt/data/home/401140.cloudwaysapps.com/qcqkjmndhe/public_html/wp-includes/plugin.php(212): WP_Hook->apply_filters('90031-20', Array)
#2 /mnt/data/home/401140.cloudwaysapps.com/qcqkjmndhe/public_html/wp-content/plugins/transposh-translation-filter-for-wordpress/wp/transposh_postpublish.php(115): apply_filters('the_title', '90031-20')
#3 /mnt/data/home/401140.cloudwaysapps.com/qcqkjmndhe/public_html/wp-content/plugins/transposh-translation-filter-for-wordpress in /mnt/data/home/401140.cloudwaysapps.com/qcqkjmndhe/public_html/wp-content/plugins/music-player-for-woocommerce/wcmp.php on line 752

2021-06-08T07:16:05-07:00 CRITICAL Uncaught ArgumentCountError: Too few arguments to function WooCommerceMusicPlayer::include_main_player_filter(), 1 passed in /mnt/data/home/401140.cloudwaysapps.com/qcqkjmndhe/public_html/wp-includes/class-wp-hook.php on line 292 and exactly 2 expected in /mnt/data/home/401140.cloudwaysapps.com/qcqkjmndhe/public_html/wp-content/plugins/music-player-for-woocommerce/wcmp.php:752
Stack trace:
#0 /mnt/data/home/401140.cloudwaysapps.com/qcqkjmndhe/public_html/wp-includes/class-wp-hook.php(292): WooCommerceMusicPlayer->include_main_player_filter('Coupon&#8217;s ...')
#1 /mnt/data/home/401140.cloudwaysapps.com/qcqkjmndhe/public_html/wp-includes/plugin.php(212): WP_Hook->apply_filters('Coupon&#8217;s ...', Array)
#2 /mnt/data/home/401140.cloudwaysapps.com/qcqkjmndhe/public_html/wp-content/plugins/transposh-translation-filter-for-wordpress/wp/transposh_postpublish.php(115): apply_filters('the_title', 'Coupon's Catego...')
#3 /mnt/data/home/401140.cloudwaysapps.com/qcqkjmndhe/public_html/wp-content/plugins/transposh-tr in /mnt/data/home/401140.cloudwaysapps.com/qcqkjmndhe/public_html/wp-content/plugins/music-player-for-woocommerce/wcmp.php on line 752

2021-06-08T07:16:26-07:00 CRITICAL Uncaught ArgumentCountError: Too few arguments to function WooCommerceMusicPlayer::include_main_player_filter(), 1 passed in /mnt/data/home/401140.cloudwaysapps.com/qcqkjmndhe/public_html/wp-includes/class-wp-hook.php on line 292 and exactly 2 expected in /mnt/data/home/401140.cloudwaysapps.com/qcqkjmndhe/public_html/wp-content/plugins/music-player-for-woocommerce/wcmp.php:752
Stack trace:
#0 /mnt/data/home/401140.cloudwaysapps.com/qcqkjmndhe/public_html/wp-includes/class-wp-hook.php(292): WooCommerceMusicPlayer->include_main_player_filter('90031-20')
#1 /mnt/data/home/401140.cloudwaysapps.com/qcqkjmndhe/public_html/wp-includes/plugin.php(212): WP_Hook->apply_filters('90031-20', Array)
#2 /mnt/data/home/401140.cloudwaysapps.com/qcqkjmndhe/public_html/wp-content/plugins/transposh-translation-filter-for-wordpress/wp/transposh_postpublish.php(115): apply_filters('the_title', '90031-20')
#3 /mnt/data/home/401140.cloudwaysapps.com/qcqkjmndhe/public_html/wp-content/plugins/transposh-translation-filter-for-wordpress in /mnt/data/home/401140.cloudwaysapps.com/qcqkjmndhe/public_html/wp-content/plugins/music-player-for-woocommerce/wcmp.php on line 752

2021-06-08T07:18:52-07:00 CRITICAL Uncaught ArgumentCountError: Too few arguments to function WooCommerceMusicPlayer::include_main_player_filter(), 1 passed in /mnt/data/home/401140.cloudwaysapps.com/qcqkjmndhe/public_html/wp-includes/class-wp-hook.php on line 292 and exactly 2 expected in /mnt/data/home/401140.cloudwaysapps.com/qcqkjmndhe/public_html/wp-content/plugins/music-player-for-woocommerce/wcmp.php:752
Stack trace:
#0 /mnt/data/home/401140.cloudwaysapps.com/qcqkjmndhe/public_html/wp-includes/class-wp-hook.php(292): WooCommerceMusicPlayer->include_main_player_filter('90031-20')
#1 /mnt/data/home/401140.cloudwaysapps.com/qcqkjmndhe/public_html/wp-includes/plugin.php(212): WP_Hook->apply_filters('90031-20', Array)
#2 /mnt/data/home/401140.cloudwaysapps.com/qcqkjmndhe/public_html/wp-content/plugins/transposh-translation-filter-for-wordpress/wp/transposh_postpublish.php(115): apply_filters('the_title', '90031-20')
#3 /mnt/data/home/401140.cloudwaysapps.com/qcqkjmndhe/public_html/wp-content/plugins/transposh-translation-filter-for-wordpress in /mnt/data/home/401140.cloudwaysapps.com/qcqkjmndhe/public_html/wp-content/plugins/music-player-for-woocommerce/wcmp.php on line 752

