2022-05-27T14:29:10+00:00 CRITICAL syntax error, unexpected ''w' (T_ENCAPSED_AND_WHITESPACE) in /home/642855.cloudwaysapps.com/zvdtvwubwd/public_html/wp-content/themes/dokan-child/functions.php on line 2615

2022-05-27T08:37:37-07:00 CRITICAL Uncaught ArgumentCountError: Too few arguments to function WooCommerceMusicPlayer::include_main_player_filter(), 1 passed in /home/642855.cloudwaysapps.com/zvdtvwubwd/public_html/wp-includes/class-wp-hook.php on line 307 and exactly 2 expected in /home/642855.cloudwaysapps.com/zvdtvwubwd/public_html/wp-content/plugins/music-player-for-woocommerce/wcmp.php:878
Stack trace:
#0 /home/642855.cloudwaysapps.com/zvdtvwubwd/public_html/wp-includes/class-wp-hook.php(307): WooCommerceMusicPlayer->include_main_player_filter('Relist')
#1 /home/642855.cloudwaysapps.com/zvdtvwubwd/public_html/wp-includes/plugin.php(189): WP_Hook->apply_filters('Relist', Array)
#2 /home/642855.cloudwaysapps.com/zvdtvwubwd/public_html/wp-content/plugins/transposh-translation-filter-for-wordpress/wp/transposh_postpublish.php(115): apply_filters('the_title', 'Relist')
#3 /home/642855.cloudwaysapps.com/zvdtvwubwd/public_html/wp-content/plugins/transposh-translation-filter-for-wordpress/wp/transposh_admin.php(1070): transposh_postpublish->get_po in /home/642855.cloudwaysapps.com/zvdtvwubwd/public_html/wp-content/plugins/music-player-for-woocommerce/wcmp.php on line 878

2022-05-27T15:44:42+00:00 CRITICAL syntax error, unexpected end of file, expecting ')' in /home/642855.cloudwaysapps.com/zvdtvwubwd/public_html/wp-content/themes/dokan-child/functions.php on line 883

2022-05-27T15:47:06+00:00 CRITICAL syntax error, unexpected ''my_woocommerce_order_status_c' (T_ENCAPSED_AND_WHITESPACE), expecting ')' in /home/642855.cloudwaysapps.com/zvdtvwubwd/public_html/wp-content/themes/dokan-child/functions.php on line 1246

2022-05-27T08:52:15-07:00 CRITICAL Uncaught ArgumentCountError: Too few arguments to function WooCommerceMusicPlayer::include_main_player_filter(), 1 passed in /home/642855.cloudwaysapps.com/zvdtvwubwd/public_html/wp-includes/class-wp-hook.php on line 307 and exactly 2 expected in /home/642855.cloudwaysapps.com/zvdtvwubwd/public_html/wp-content/plugins/music-player-for-woocommerce/wcmp.php:878
Stack trace:
#0 /home/642855.cloudwaysapps.com/zvdtvwubwd/public_html/wp-includes/class-wp-hook.php(307): WooCommerceMusicPlayer->include_main_player_filter('Relist')
#1 /home/642855.cloudwaysapps.com/zvdtvwubwd/public_html/wp-includes/plugin.php(189): WP_Hook->apply_filters('Relist', Array)
#2 /home/642855.cloudwaysapps.com/zvdtvwubwd/public_html/wp-content/plugins/transposh-translation-filter-for-wordpress/wp/transposh_postpublish.php(115): apply_filters('the_title', 'Relist')
#3 /home/642855.cloudwaysapps.com/zvdtvwubwd/public_html/wp-content/plugins/transposh-translation-filter-for-wordpress/wp/transposh_admin.php(1070): transposh_postpublish->get_po in /home/642855.cloudwaysapps.com/zvdtvwubwd/public_html/wp-content/plugins/music-player-for-woocommerce/wcmp.php on line 878

2022-05-27T15:57:42+00:00 CRITICAL syntax error, unexpected end of file, expecting ')' in /home/642855.cloudwaysapps.com/zvdtvwubwd/public_html/wp-content/themes/dokan-child/functions.php on line 883

2022-05-27T16:01:24+00:00 CRITICAL syntax error, unexpected end of file, expecting variable (T_VARIABLE) or ${ (T_DOLLAR_OPEN_CURLY_BRACES) or {$ (T_CURLY_OPEN) in /home/642855.cloudwaysapps.com/zvdtvwubwd/public_html/wp-content/themes/dokan-child/functions.php on line 432

2022-05-27T16:08:05+00:00 CRITICAL syntax error, unexpected end of file, expecting variable (T_VARIABLE) or ${ (T_DOLLAR_OPEN_CURLY_BRACES) or {$ (T_CURLY_OPEN) in /home/642855.cloudwaysapps.com/zvdtvwubwd/public_html/wp-content/themes/dokan-child/functions.php on line 432

2022-05-27T09:14:32-07:00 CRITICAL Uncaught ArgumentCountError: Too few arguments to function WooCommerceMusicPlayer::include_main_player_filter(), 1 passed in /home/642855.cloudwaysapps.com/zvdtvwubwd/public_html/wp-includes/class-wp-hook.php on line 307 and exactly 2 expected in /home/642855.cloudwaysapps.com/zvdtvwubwd/public_html/wp-content/plugins/music-player-for-woocommerce/wcmp.php:878
Stack trace:
#0 /home/642855.cloudwaysapps.com/zvdtvwubwd/public_html/wp-includes/class-wp-hook.php(307): WooCommerceMusicPlayer->include_main_player_filter('Relist')
#1 /home/642855.cloudwaysapps.com/zvdtvwubwd/public_html/wp-includes/plugin.php(189): WP_Hook->apply_filters('Relist', Array)
#2 /home/642855.cloudwaysapps.com/zvdtvwubwd/public_html/wp-content/plugins/transposh-translation-filter-for-wordpress/wp/transposh_postpublish.php(115): apply_filters('the_title', 'Relist')
#3 /home/642855.cloudwaysapps.com/zvdtvwubwd/public_html/wp-content/plugins/transposh-translation-filter-for-wordpress/wp/transposh_admin.php(1070): transposh_postpublish->get_po in /home/642855.cloudwaysapps.com/zvdtvwubwd/public_html/wp-content/plugins/music-player-for-woocommerce/wcmp.php on line 878

2022-05-27T16:15:07+00:00 CRITICAL syntax error, unexpected ''woo' (T_ENCAPSED_AND_WHITESPACE) in /home/642855.cloudwaysapps.com/zvdtvwubwd/public_html/wp-content/themes/dokan-child/functions.php on line 2615

2022-05-27T09:19:31-07:00 CRITICAL Uncaught ArgumentCountError: Too few arguments to function WooCommerceMusicPlayer::include_main_player_filter(), 1 passed in /home/642855.cloudwaysapps.com/zvdtvwubwd/public_html/wp-includes/class-wp-hook.php on line 307 and exactly 2 expected in /home/642855.cloudwaysapps.com/zvdtvwubwd/public_html/wp-content/plugins/music-player-for-woocommerce/wcmp.php:878
Stack trace:
#0 /home/642855.cloudwaysapps.com/zvdtvwubwd/public_html/wp-includes/class-wp-hook.php(307): WooCommerceMusicPlayer->include_main_player_filter('Relist')
#1 /home/642855.cloudwaysapps.com/zvdtvwubwd/public_html/wp-includes/plugin.php(189): WP_Hook->apply_filters('Relist', Array)
#2 /home/642855.cloudwaysapps.com/zvdtvwubwd/public_html/wp-content/plugins/transposh-translation-filter-for-wordpress/wp/transposh_postpublish.php(115): apply_filters('the_title', 'Relist')
#3 /home/642855.cloudwaysapps.com/zvdtvwubwd/public_html/wp-content/plugins/transposh-translation-filter-for-wordpress/wp/transposh_admin.php(1070): transposh_postpublish->get_po in /home/642855.cloudwaysapps.com/zvdtvwubwd/public_html/wp-content/plugins/music-player-for-woocommerce/wcmp.php on line 878

2022-05-27T09:21:39-07:00 CRITICAL Uncaught ArgumentCountError: Too few arguments to function WooCommerceMusicPlayer::include_main_player_filter(), 1 passed in /home/642855.cloudwaysapps.com/zvdtvwubwd/public_html/wp-includes/class-wp-hook.php on line 307 and exactly 2 expected in /home/642855.cloudwaysapps.com/zvdtvwubwd/public_html/wp-content/plugins/music-player-for-woocommerce/wcmp.php:878
Stack trace:
#0 /home/642855.cloudwaysapps.com/zvdtvwubwd/public_html/wp-includes/class-wp-hook.php(307): WooCommerceMusicPlayer->include_main_player_filter('Relist')
#1 /home/642855.cloudwaysapps.com/zvdtvwubwd/public_html/wp-includes/plugin.php(189): WP_Hook->apply_filters('Relist', Array)
#2 /home/642855.cloudwaysapps.com/zvdtvwubwd/public_html/wp-content/plugins/transposh-translation-filter-for-wordpress/wp/transposh_postpublish.php(115): apply_filters('the_title', 'Relist')
#3 /home/642855.cloudwaysapps.com/zvdtvwubwd/public_html/wp-content/plugins/transposh-translation-filter-for-wordpress/wp/transposh_admin.php(1070): transposh_postpublish->get_po in /home/642855.cloudwaysapps.com/zvdtvwubwd/public_html/wp-content/plugins/music-player-for-woocommerce/wcmp.php on line 878

2022-05-27T09:25:20-07:00 CRITICAL Uncaught ArgumentCountError: Too few arguments to function WooCommerceMusicPlayer::include_main_player_filter(), 1 passed in /home/642855.cloudwaysapps.com/zvdtvwubwd/public_html/wp-includes/class-wp-hook.php on line 307 and exactly 2 expected in /home/642855.cloudwaysapps.com/zvdtvwubwd/public_html/wp-content/plugins/music-player-for-woocommerce/wcmp.php:878
Stack trace:
#0 /home/642855.cloudwaysapps.com/zvdtvwubwd/public_html/wp-includes/class-wp-hook.php(307): WooCommerceMusicPlayer->include_main_player_filter('Relist')
#1 /home/642855.cloudwaysapps.com/zvdtvwubwd/public_html/wp-includes/plugin.php(189): WP_Hook->apply_filters('Relist', Array)
#2 /home/642855.cloudwaysapps.com/zvdtvwubwd/public_html/wp-content/plugins/transposh-translation-filter-for-wordpress/wp/transposh_postpublish.php(115): apply_filters('the_title', 'Relist')
#3 /home/642855.cloudwaysapps.com/zvdtvwubwd/public_html/wp-content/plugins/transposh-translation-filter-for-wordpress/wp/transposh_admin.php(1070): transposh_postpublish->get_po in /home/642855.cloudwaysapps.com/zvdtvwubwd/public_html/wp-content/plugins/music-player-for-woocommerce/wcmp.php on line 878

2022-05-27T16:27:06+00:00 CRITICAL syntax error, unexpected ''woo' (T_ENCAPSED_AND_WHITESPACE) in /home/642855.cloudwaysapps.com/zvdtvwubwd/public_html/wp-content/themes/dokan-child/functions.php on line 2615

