2022-04-08T16:21:14+00:00 CRITICAL syntax error, unexpected ''' (T_ENCAPSED_AND_WHITESPACE) in /home/642855.cloudwaysapps.com/zvdtvwubwd/public_html/wp-content/themes/dokan-child/functions.php on line 1245

2022-04-08T16:21:42+00:00 CRITICAL syntax error, unexpected end of file in /home/642855.cloudwaysapps.com/zvdtvwubwd/public_html/wp-content/themes/dokan-child/functions.php on line 4931

2022-04-08T16:23:40+00:00 CRITICAL syntax error, unexpected end of file in /home/642855.cloudwaysapps.com/zvdtvwubwd/public_html/wp-content/themes/dokan-child/functions.php on line 4682

2022-04-08T16:23:42+00:00 CRITICAL syntax error, unexpected ''' (T_ENCAPSED_AND_WHITESPACE) in /home/642855.cloudwaysapps.com/zvdtvwubwd/public_html/wp-content/themes/dokan-child/functions.php on line 6415

2022-04-08T16:24:01+00:00 CRITICAL syntax error, unexpected end of file in /home/642855.cloudwaysapps.com/zvdtvwubwd/public_html/wp-content/themes/dokan-child/functions.php on line 1957

2022-04-08T16:24:01+00:00 CRITICAL syntax error, unexpected end of file in /home/642855.cloudwaysapps.com/zvdtvwubwd/public_html/wp-content/themes/dokan-child/functions.php on line 1957

2022-04-08T16:24:06+00:00 CRITICAL syntax error, unexpected end of file in /home/642855.cloudwaysapps.com/zvdtvwubwd/public_html/wp-content/themes/dokan-child/functions.php on line 5644

2022-04-08T17:19:14+00:00 CRITICAL syntax error, unexpected end of file, expecting variable (T_VARIABLE) or quoted-string and whitespace (T_ENCAPSED_AND_WHITESPACE) or ${ (T_DOLLAR_OPEN_CURLY_BRACES) or {$ (T_CURLY_OPEN) in /home/642855.cloudwaysapps.com/zvdtvwubwd/public_html/wp-content/themes/dokan-child/functions.php on line 436

2022-04-08T17:22:36+00:00 CRITICAL syntax error, unexpected end of file in /home/642855.cloudwaysapps.com/zvdtvwubwd/public_html/wp-content/themes/dokan-child/functions.php on line 1245

2022-04-08T19:12:26+00:00 CRITICAL syntax error, unexpected end of file, expecting variable (T_VARIABLE) or quoted-string and whitespace (T_ENCAPSED_AND_WHITESPACE) or ${ (T_DOLLAR_OPEN_CURLY_BRACES) or {$ (T_CURLY_OPEN) in /home/642855.cloudwaysapps.com/zvdtvwubwd/public_html/wp-content/themes/dokan-child/functions.php on line 436

2022-04-08T19:13:40+00:00 CRITICAL syntax error, unexpected end of file, expecting variable (T_VARIABLE) or quoted-string and whitespace (T_ENCAPSED_AND_WHITESPACE) or ${ (T_DOLLAR_OPEN_CURLY_BRACES) or {$ (T_CURLY_OPEN) in /home/642855.cloudwaysapps.com/zvdtvwubwd/public_html/wp-content/themes/dokan-child/functions.php on line 436

2022-04-08T19:17:22+00:00 CRITICAL Uncaught Error: Call to undefined function track_ad_custom() in /home/642855.cloudwaysapps.com/zvdtvwubwd/public_html/ajax.php:1324
Stack trace:
#0 {main}
  thrown in /home/642855.cloudwaysapps.com/zvdtvwubwd/public_html/ajax.php on line 1324

2022-04-08T19:23:36+00:00 CRITICAL syntax error, unexpected end of file in /home/642855.cloudwaysapps.com/zvdtvwubwd/public_html/wp-content/themes/dokan-child/functions.php on line 2583

2022-04-08T14:20:17-07:00 CRITICAL Uncaught ArgumentCountError: Too few arguments to function WooCommerceMusicPlayer::include_main_player_filter(), 1 passed in /home/642855.cloudwaysapps.com/zvdtvwubwd/public_html/wp-includes/class-wp-hook.php on line 307 and exactly 2 expected in /home/642855.cloudwaysapps.com/zvdtvwubwd/public_html/wp-content/plugins/music-player-for-woocommerce/wcmp.php:878
Stack trace:
#0 /home/642855.cloudwaysapps.com/zvdtvwubwd/public_html/wp-includes/class-wp-hook.php(307): WooCommerceMusicPlayer->include_main_player_filter('composite filli...')
#1 /home/642855.cloudwaysapps.com/zvdtvwubwd/public_html/wp-includes/plugin.php(189): WP_Hook->apply_filters('composite filli...', Array)
#2 /home/642855.cloudwaysapps.com/zvdtvwubwd/public_html/wp-content/plugins/transposh-translation-filter-for-wordpress/wp/transposh_postpublish.php(115): apply_filters('the_title', 'composite filli...')
#3 /home/642855.cloudwaysapps.com/zvdtvwubwd/public_html/wp-content/plugins/transposh-translation-filter-for-wordpress/wp/transposh_admin.php( in /home/642855.cloudwaysapps.com/zvdtvwubwd/public_html/wp-content/plugins/music-player-for-woocommerce/wcmp.php on line 878

