2021-09-30T12:01:26+00:00 CRITICAL syntax error, unexpected end of file in /home/642855.cloudwaysapps.com/zvdtvwubwd/public_html/wp-content/themes/dokan-child/functions.php on line 1222

2021-09-30T12:01:31+00:00 CRITICAL syntax error, unexpected end of file in /home/642855.cloudwaysapps.com/zvdtvwubwd/public_html/wp-content/themes/dokan-child/functions.php on line 5853

2021-09-30T12:01:32+00:00 CRITICAL syntax error, unexpected end of file in /home/642855.cloudwaysapps.com/zvdtvwubwd/public_html/wp-content/themes/dokan-child/functions.php on line 5853

2021-09-30T12:01:34+00:00 CRITICAL syntax error, unexpected end of file in /home/642855.cloudwaysapps.com/zvdtvwubwd/public_html/wp-content/themes/dokan-child/functions.php on line 5853

2021-09-30T12:01:35+00:00 CRITICAL syntax error, unexpected end of file in /home/642855.cloudwaysapps.com/zvdtvwubwd/public_html/wp-content/themes/dokan-child/functions.php on line 5853

2021-09-30T12:01:39+00:00 CRITICAL syntax error, unexpected end of file in /home/642855.cloudwaysapps.com/zvdtvwubwd/public_html/wp-content/themes/dokan-child/functions.php on line 5853

2021-09-30T12:01:40+00:00 CRITICAL syntax error, unexpected end of file in /home/642855.cloudwaysapps.com/zvdtvwubwd/public_html/wp-content/themes/dokan-child/functions.php on line 5853

2021-09-30T12:01:56+00:00 CRITICAL syntax error, unexpected end of file in /home/642855.cloudwaysapps.com/zvdtvwubwd/public_html/wp-content/themes/dokan-child/functions.php on line 5853

2021-09-30T12:01:57+00:00 CRITICAL syntax error, unexpected end of file in /home/642855.cloudwaysapps.com/zvdtvwubwd/public_html/wp-content/themes/dokan-child/functions.php on line 5853

2021-09-30T12:01:58+00:00 CRITICAL syntax error, unexpected end of file in /home/642855.cloudwaysapps.com/zvdtvwubwd/public_html/wp-content/themes/dokan-child/functions.php on line 5853

2021-09-30T12:01:58+00:00 CRITICAL syntax error, unexpected end of file in /home/642855.cloudwaysapps.com/zvdtvwubwd/public_html/wp-content/themes/dokan-child/functions.php on line 5853

2021-09-30T12:14:11+00:00 CRITICAL syntax error, unexpected ''<div class="rotation_set" id=' (T_ENCAPSED_AND_WHITESPACE) in /home/642855.cloudwaysapps.com/zvdtvwubwd/public_html/wp-content/themes/dokan-child/functions.php on line 2550

2021-09-30T07:13:50-07:00 CRITICAL Uncaught Error: Call to undefined method Pricing_List::getAuctionCustomFunc() in /home/642855.cloudwaysapps.com/zvdtvwubwd/public_html/wp-content/plugins/WP_Pricing/plugin.php:487
Stack trace:
#0 /home/642855.cloudwaysapps.com/zvdtvwubwd/public_html/wp-includes/class-wp-hook.php(303): SP_Plugin_Pricing->plugin_settings_page('')
#1 /home/642855.cloudwaysapps.com/zvdtvwubwd/public_html/wp-includes/class-wp-hook.php(327): WP_Hook->apply_filters('', Array)
#2 /home/642855.cloudwaysapps.com/zvdtvwubwd/public_html/wp-includes/plugin.php(470): WP_Hook->do_action(Array)
#3 /home/642855.cloudwaysapps.com/zvdtvwubwd/public_html/wp-admin/admin.php(259): do_action('toplevel_page_p...')
#4 {main}
  thrown in /home/642855.cloudwaysapps.com/zvdtvwubwd/public_html/wp-content/plugins/WP_Pricing/plugin.php on line 487

2021-09-30T07:14:15-07:00 CRITICAL Uncaught Error: Call to undefined method Pricing_List::getAuctionCustomFunc() in /home/642855.cloudwaysapps.com/zvdtvwubwd/public_html/wp-content/plugins/WP_Pricing/plugin.php:512
Stack trace:
#0 /home/642855.cloudwaysapps.com/zvdtvwubwd/public_html/wp-includes/class-wp-hook.php(303): SP_Plugin_Pricing->plugin_settings_page('')
#1 /home/642855.cloudwaysapps.com/zvdtvwubwd/public_html/wp-includes/class-wp-hook.php(327): WP_Hook->apply_filters('', Array)
#2 /home/642855.cloudwaysapps.com/zvdtvwubwd/public_html/wp-includes/plugin.php(470): WP_Hook->do_action(Array)
#3 /home/642855.cloudwaysapps.com/zvdtvwubwd/public_html/wp-admin/admin.php(259): do_action('toplevel_page_p...')
#4 {main}
  thrown in /home/642855.cloudwaysapps.com/zvdtvwubwd/public_html/wp-content/plugins/WP_Pricing/plugin.php on line 512

