2021-04-19T12:00:35-07:00 CRITICAL Uncaught Error: Call to a member function get_curent_bid() on bool in /mnt/data/home/401140.cloudwaysapps.com/qcqkjmndhe/public_html/ajax.php:9
Stack trace:
#0 {main}
  thrown in /mnt/data/home/401140.cloudwaysapps.com/qcqkjmndhe/public_html/ajax.php on line 9

2021-04-19T12:00:35-07:00 CRITICAL Uncaught Error: Call to a member function get_curent_bid() on bool in /mnt/data/home/401140.cloudwaysapps.com/qcqkjmndhe/public_html/ajax.php:9
Stack trace:
#0 {main}
  thrown in /mnt/data/home/401140.cloudwaysapps.com/qcqkjmndhe/public_html/ajax.php on line 9

2021-04-19T12:00:35-07:00 CRITICAL Uncaught Error: Call to a member function get_curent_bid() on bool in /mnt/data/home/401140.cloudwaysapps.com/qcqkjmndhe/public_html/ajax.php:9
Stack trace:
#0 {main}
  thrown in /mnt/data/home/401140.cloudwaysapps.com/qcqkjmndhe/public_html/ajax.php on line 9

2021-04-19T12:00:36-07:00 CRITICAL Uncaught Error: Call to a member function get_curent_bid() on bool in /mnt/data/home/401140.cloudwaysapps.com/qcqkjmndhe/public_html/ajax.php:9
Stack trace:
#0 {main}
  thrown in /mnt/data/home/401140.cloudwaysapps.com/qcqkjmndhe/public_html/ajax.php on line 9

2021-04-19T12:00:37-07:00 CRITICAL Uncaught Error: Call to a member function get_curent_bid() on bool in /mnt/data/home/401140.cloudwaysapps.com/qcqkjmndhe/public_html/ajax.php:9
Stack trace:
#0 {main}
  thrown in /mnt/data/home/401140.cloudwaysapps.com/qcqkjmndhe/public_html/ajax.php on line 9

2021-04-19T12:00:38-07:00 CRITICAL Uncaught Error: Call to a member function get_curent_bid() on bool in /mnt/data/home/401140.cloudwaysapps.com/qcqkjmndhe/public_html/ajax.php:9
Stack trace:
#0 {main}
  thrown in /mnt/data/home/401140.cloudwaysapps.com/qcqkjmndhe/public_html/ajax.php on line 9

2021-04-19T12:00:39-07:00 CRITICAL Uncaught Error: Call to a member function get_curent_bid() on bool in /mnt/data/home/401140.cloudwaysapps.com/qcqkjmndhe/public_html/ajax.php:9
Stack trace:
#0 {main}
  thrown in /mnt/data/home/401140.cloudwaysapps.com/qcqkjmndhe/public_html/ajax.php on line 9

2021-04-19T12:00:41-07:00 CRITICAL Uncaught Error: Call to a member function get_curent_bid() on bool in /mnt/data/home/401140.cloudwaysapps.com/qcqkjmndhe/public_html/ajax.php:9
Stack trace:
#0 {main}
  thrown in /mnt/data/home/401140.cloudwaysapps.com/qcqkjmndhe/public_html/ajax.php on line 9

2021-04-19T12:00:41-07:00 CRITICAL Uncaught Error: Call to a member function get_curent_bid() on bool in /mnt/data/home/401140.cloudwaysapps.com/qcqkjmndhe/public_html/ajax.php:9
Stack trace:
#0 {main}
  thrown in /mnt/data/home/401140.cloudwaysapps.com/qcqkjmndhe/public_html/ajax.php on line 9

2021-04-19T12:00:42-07:00 CRITICAL Uncaught Error: Call to a member function get_curent_bid() on bool in /mnt/data/home/401140.cloudwaysapps.com/qcqkjmndhe/public_html/ajax.php:9
Stack trace:
#0 {main}
  thrown in /mnt/data/home/401140.cloudwaysapps.com/qcqkjmndhe/public_html/ajax.php on line 9

2021-04-19T12:00:43-07:00 CRITICAL Uncaught Error: Call to a member function get_curent_bid() on bool in /mnt/data/home/401140.cloudwaysapps.com/qcqkjmndhe/public_html/ajax.php:9
Stack trace:
#0 {main}
  thrown in /mnt/data/home/401140.cloudwaysapps.com/qcqkjmndhe/public_html/ajax.php on line 9

2021-04-19T12:00:44-07:00 CRITICAL Uncaught Error: Call to a member function get_curent_bid() on bool in /mnt/data/home/401140.cloudwaysapps.com/qcqkjmndhe/public_html/ajax.php:9
Stack trace:
#0 {main}
  thrown in /mnt/data/home/401140.cloudwaysapps.com/qcqkjmndhe/public_html/ajax.php on line 9

2021-04-19T12:00:45-07:00 CRITICAL Uncaught Error: Call to a member function get_curent_bid() on bool in /mnt/data/home/401140.cloudwaysapps.com/qcqkjmndhe/public_html/ajax.php:9
Stack trace:
#0 {main}
  thrown in /mnt/data/home/401140.cloudwaysapps.com/qcqkjmndhe/public_html/ajax.php on line 9

2021-04-19T12:00:46-07:00 CRITICAL Uncaught Error: Call to a member function get_curent_bid() on bool in /mnt/data/home/401140.cloudwaysapps.com/qcqkjmndhe/public_html/ajax.php:9
Stack trace:
#0 {main}
  thrown in /mnt/data/home/401140.cloudwaysapps.com/qcqkjmndhe/public_html/ajax.php on line 9

2021-04-19T12:00:47-07:00 CRITICAL Uncaught Error: Call to a member function get_curent_bid() on bool in /mnt/data/home/401140.cloudwaysapps.com/qcqkjmndhe/public_html/ajax.php:9
Stack trace:
#0 {main}
  thrown in /mnt/data/home/401140.cloudwaysapps.com/qcqkjmndhe/public_html/ajax.php on line 9

2021-04-19T12:00:48-07:00 CRITICAL Uncaught Error: Call to a member function get_curent_bid() on bool in /mnt/data/home/401140.cloudwaysapps.com/qcqkjmndhe/public_html/ajax.php:9
Stack trace:
#0 {main}
  thrown in /mnt/data/home/401140.cloudwaysapps.com/qcqkjmndhe/public_html/ajax.php on line 9

2021-04-19T12:00:49-07:00 CRITICAL Uncaught Error: Call to a member function get_curent_bid() on bool in /mnt/data/home/401140.cloudwaysapps.com/qcqkjmndhe/public_html/ajax.php:9
Stack trace:
#0 {main}
  thrown in /mnt/data/home/401140.cloudwaysapps.com/qcqkjmndhe/public_html/ajax.php on line 9

2021-04-19T12:00:50-07:00 CRITICAL Uncaught Error: Call to a member function get_curent_bid() on bool in /mnt/data/home/401140.cloudwaysapps.com/qcqkjmndhe/public_html/ajax.php:9
Stack trace:
#0 {main}
  thrown in /mnt/data/home/401140.cloudwaysapps.com/qcqkjmndhe/public_html/ajax.php on line 9

2021-04-19T12:00:51-07:00 CRITICAL Uncaught Error: Call to a member function get_curent_bid() on bool in /mnt/data/home/401140.cloudwaysapps.com/qcqkjmndhe/public_html/ajax.php:9
Stack trace:
#0 {main}
  thrown in /mnt/data/home/401140.cloudwaysapps.com/qcqkjmndhe/public_html/ajax.php on line 9

2021-04-19T12:00:52-07:00 CRITICAL Uncaught Error: Call to a member function get_curent_bid() on bool in /mnt/data/home/401140.cloudwaysapps.com/qcqkjmndhe/public_html/ajax.php:9
Stack trace:
#0 {main}
  thrown in /mnt/data/home/401140.cloudwaysapps.com/qcqkjmndhe/public_html/ajax.php on line 9

2021-04-19T12:00:53-07:00 CRITICAL Uncaught Error: Call to a member function get_curent_bid() on bool in /mnt/data/home/401140.cloudwaysapps.com/qcqkjmndhe/public_html/ajax.php:9
Stack trace:
#0 {main}
  thrown in /mnt/data/home/401140.cloudwaysapps.com/qcqkjmndhe/public_html/ajax.php on line 9

2021-04-19T12:00:54-07:00 CRITICAL Uncaught Error: Call to a member function get_curent_bid() on bool in /mnt/data/home/401140.cloudwaysapps.com/qcqkjmndhe/public_html/ajax.php:9
Stack trace:
#0 {main}
  thrown in /mnt/data/home/401140.cloudwaysapps.com/qcqkjmndhe/public_html/ajax.php on line 9

2021-04-19T12:00:55-07:00 CRITICAL Uncaught Error: Call to a member function get_curent_bid() on bool in /mnt/data/home/401140.cloudwaysapps.com/qcqkjmndhe/public_html/ajax.php:9
Stack trace:
#0 {main}
  thrown in /mnt/data/home/401140.cloudwaysapps.com/qcqkjmndhe/public_html/ajax.php on line 9

2021-04-19T12:00:56-07:00 CRITICAL Uncaught Error: Call to a member function get_curent_bid() on bool in /mnt/data/home/401140.cloudwaysapps.com/qcqkjmndhe/public_html/ajax.php:9
Stack trace:
#0 {main}
  thrown in /mnt/data/home/401140.cloudwaysapps.com/qcqkjmndhe/public_html/ajax.php on line 9

2021-04-19T12:00:57-07:00 CRITICAL Uncaught Error: Call to a member function get_curent_bid() on bool in /mnt/data/home/401140.cloudwaysapps.com/qcqkjmndhe/public_html/ajax.php:9
Stack trace:
#0 {main}
  thrown in /mnt/data/home/401140.cloudwaysapps.com/qcqkjmndhe/public_html/ajax.php on line 9

2021-04-19T12:00:58-07:00 CRITICAL Uncaught Error: Call to a member function get_curent_bid() on bool in /mnt/data/home/401140.cloudwaysapps.com/qcqkjmndhe/public_html/ajax.php:9
Stack trace:
#0 {main}
  thrown in /mnt/data/home/401140.cloudwaysapps.com/qcqkjmndhe/public_html/ajax.php on line 9

2021-04-19T12:00:59-07:00 CRITICAL Uncaught Error: Call to a member function get_curent_bid() on bool in /mnt/data/home/401140.cloudwaysapps.com/qcqkjmndhe/public_html/ajax.php:9
Stack trace:
#0 {main}
  thrown in /mnt/data/home/401140.cloudwaysapps.com/qcqkjmndhe/public_html/ajax.php on line 9

2021-04-19T12:01:00-07:00 CRITICAL Uncaught Error: Call to a member function get_curent_bid() on bool in /mnt/data/home/401140.cloudwaysapps.com/qcqkjmndhe/public_html/ajax.php:9
Stack trace:
#0 {main}
  thrown in /mnt/data/home/401140.cloudwaysapps.com/qcqkjmndhe/public_html/ajax.php on line 9

2021-04-19T12:01:01-07:00 CRITICAL Uncaught Error: Call to a member function get_curent_bid() on bool in /mnt/data/home/401140.cloudwaysapps.com/qcqkjmndhe/public_html/ajax.php:9
Stack trace:
#0 {main}
  thrown in /mnt/data/home/401140.cloudwaysapps.com/qcqkjmndhe/public_html/ajax.php on line 9

2021-04-19T12:01:02-07:00 CRITICAL Uncaught Error: Call to a member function get_curent_bid() on bool in /mnt/data/home/401140.cloudwaysapps.com/qcqkjmndhe/public_html/ajax.php:9
Stack trace:
#0 {main}
  thrown in /mnt/data/home/401140.cloudwaysapps.com/qcqkjmndhe/public_html/ajax.php on line 9

2021-04-19T12:01:03-07:00 CRITICAL Uncaught Error: Call to a member function get_curent_bid() on bool in /mnt/data/home/401140.cloudwaysapps.com/qcqkjmndhe/public_html/ajax.php:9
Stack trace:
#0 {main}
  thrown in /mnt/data/home/401140.cloudwaysapps.com/qcqkjmndhe/public_html/ajax.php on line 9

2021-04-19T12:01:04-07:00 CRITICAL Uncaught Error: Call to a member function get_curent_bid() on bool in /mnt/data/home/401140.cloudwaysapps.com/qcqkjmndhe/public_html/ajax.php:9
Stack trace:
#0 {main}
  thrown in /mnt/data/home/401140.cloudwaysapps.com/qcqkjmndhe/public_html/ajax.php on line 9

2021-04-19T12:01:05-07:00 CRITICAL Uncaught Error: Call to a member function get_curent_bid() on bool in /mnt/data/home/401140.cloudwaysapps.com/qcqkjmndhe/public_html/ajax.php:9
Stack trace:
#0 {main}
  thrown in /mnt/data/home/401140.cloudwaysapps.com/qcqkjmndhe/public_html/ajax.php on line 9

2021-04-19T12:01:06-07:00 CRITICAL Uncaught Error: Call to a member function get_curent_bid() on bool in /mnt/data/home/401140.cloudwaysapps.com/qcqkjmndhe/public_html/ajax.php:9
Stack trace:
#0 {main}
  thrown in /mnt/data/home/401140.cloudwaysapps.com/qcqkjmndhe/public_html/ajax.php on line 9

2021-04-19T12:01:07-07:00 CRITICAL Uncaught Error: Call to a member function get_curent_bid() on bool in /mnt/data/home/401140.cloudwaysapps.com/qcqkjmndhe/public_html/ajax.php:9
Stack trace:
#0 {main}
  thrown in /mnt/data/home/401140.cloudwaysapps.com/qcqkjmndhe/public_html/ajax.php on line 9

2021-04-19T12:01:08-07:00 CRITICAL Uncaught Error: Call to a member function get_curent_bid() on bool in /mnt/data/home/401140.cloudwaysapps.com/qcqkjmndhe/public_html/ajax.php:9
Stack trace:
#0 {main}
  thrown in /mnt/data/home/401140.cloudwaysapps.com/qcqkjmndhe/public_html/ajax.php on line 9

2021-04-19T12:01:09-07:00 CRITICAL Uncaught Error: Call to a member function get_curent_bid() on bool in /mnt/data/home/401140.cloudwaysapps.com/qcqkjmndhe/public_html/ajax.php:9
Stack trace:
#0 {main}
  thrown in /mnt/data/home/401140.cloudwaysapps.com/qcqkjmndhe/public_html/ajax.php on line 9

2021-04-19T12:01:10-07:00 CRITICAL Uncaught Error: Call to a member function get_curent_bid() on bool in /mnt/data/home/401140.cloudwaysapps.com/qcqkjmndhe/public_html/ajax.php:9
Stack trace:
#0 {main}
  thrown in /mnt/data/home/401140.cloudwaysapps.com/qcqkjmndhe/public_html/ajax.php on line 9

2021-04-19T12:01:11-07:00 CRITICAL Uncaught Error: Call to a member function get_curent_bid() on bool in /mnt/data/home/401140.cloudwaysapps.com/qcqkjmndhe/public_html/ajax.php:9
Stack trace:
#0 {main}
  thrown in /mnt/data/home/401140.cloudwaysapps.com/qcqkjmndhe/public_html/ajax.php on line 9

2021-04-19T12:01:12-07:00 CRITICAL Uncaught Error: Call to a member function get_curent_bid() on bool in /mnt/data/home/401140.cloudwaysapps.com/qcqkjmndhe/public_html/ajax.php:9
Stack trace:
#0 {main}
  thrown in /mnt/data/home/401140.cloudwaysapps.com/qcqkjmndhe/public_html/ajax.php on line 9

2021-04-19T12:01:13-07:00 CRITICAL Uncaught Error: Call to a member function get_curent_bid() on bool in /mnt/data/home/401140.cloudwaysapps.com/qcqkjmndhe/public_html/ajax.php:9
Stack trace:
#0 {main}
  thrown in /mnt/data/home/401140.cloudwaysapps.com/qcqkjmndhe/public_html/ajax.php on line 9

2021-04-19T12:01:14-07:00 CRITICAL Uncaught Error: Call to a member function get_curent_bid() on bool in /mnt/data/home/401140.cloudwaysapps.com/qcqkjmndhe/public_html/ajax.php:9
Stack trace:
#0 {main}
  thrown in /mnt/data/home/401140.cloudwaysapps.com/qcqkjmndhe/public_html/ajax.php on line 9

2021-04-19T12:01:15-07:00 CRITICAL Uncaught Error: Call to a member function get_curent_bid() on bool in /mnt/data/home/401140.cloudwaysapps.com/qcqkjmndhe/public_html/ajax.php:9
Stack trace:
#0 {main}
  thrown in /mnt/data/home/401140.cloudwaysapps.com/qcqkjmndhe/public_html/ajax.php on line 9

2021-04-19T12:01:16-07:00 CRITICAL Uncaught Error: Call to a member function get_curent_bid() on bool in /mnt/data/home/401140.cloudwaysapps.com/qcqkjmndhe/public_html/ajax.php:9
Stack trace:
#0 {main}
  thrown in /mnt/data/home/401140.cloudwaysapps.com/qcqkjmndhe/public_html/ajax.php on line 9

2021-04-19T12:01:17-07:00 CRITICAL Uncaught Error: Call to a member function get_curent_bid() on bool in /mnt/data/home/401140.cloudwaysapps.com/qcqkjmndhe/public_html/ajax.php:9
Stack trace:
#0 {main}
  thrown in /mnt/data/home/401140.cloudwaysapps.com/qcqkjmndhe/public_html/ajax.php on line 9

2021-04-19T12:01:18-07:00 CRITICAL Uncaught Error: Call to a member function get_curent_bid() on bool in /mnt/data/home/401140.cloudwaysapps.com/qcqkjmndhe/public_html/ajax.php:9
Stack trace:
#0 {main}
  thrown in /mnt/data/home/401140.cloudwaysapps.com/qcqkjmndhe/public_html/ajax.php on line 9

2021-04-19T12:01:19-07:00 CRITICAL Uncaught Error: Call to a member function get_curent_bid() on bool in /mnt/data/home/401140.cloudwaysapps.com/qcqkjmndhe/public_html/ajax.php:9
Stack trace:
#0 {main}
  thrown in /mnt/data/home/401140.cloudwaysapps.com/qcqkjmndhe/public_html/ajax.php on line 9

2021-04-19T12:01:20-07:00 CRITICAL Uncaught Error: Call to a member function get_curent_bid() on bool in /mnt/data/home/401140.cloudwaysapps.com/qcqkjmndhe/public_html/ajax.php:9
Stack trace:
#0 {main}
  thrown in /mnt/data/home/401140.cloudwaysapps.com/qcqkjmndhe/public_html/ajax.php on line 9

2021-04-19T12:01:21-07:00 CRITICAL Uncaught Error: Call to a member function get_curent_bid() on bool in /mnt/data/home/401140.cloudwaysapps.com/qcqkjmndhe/public_html/ajax.php:9
Stack trace:
#0 {main}
  thrown in /mnt/data/home/401140.cloudwaysapps.com/qcqkjmndhe/public_html/ajax.php on line 9

2021-04-19T12:01:22-07:00 CRITICAL Uncaught Error: Call to a member function get_curent_bid() on bool in /mnt/data/home/401140.cloudwaysapps.com/qcqkjmndhe/public_html/ajax.php:9
Stack trace:
#0 {main}
  thrown in /mnt/data/home/401140.cloudwaysapps.com/qcqkjmndhe/public_html/ajax.php on line 9

2021-04-19T12:01:23-07:00 CRITICAL Uncaught Error: Call to a member function get_curent_bid() on bool in /mnt/data/home/401140.cloudwaysapps.com/qcqkjmndhe/public_html/ajax.php:9
Stack trace:
#0 {main}
  thrown in /mnt/data/home/401140.cloudwaysapps.com/qcqkjmndhe/public_html/ajax.php on line 9

2021-04-19T12:01:24-07:00 CRITICAL Uncaught Error: Call to a member function get_curent_bid() on bool in /mnt/data/home/401140.cloudwaysapps.com/qcqkjmndhe/public_html/ajax.php:9
Stack trace:
#0 {main}
  thrown in /mnt/data/home/401140.cloudwaysapps.com/qcqkjmndhe/public_html/ajax.php on line 9

2021-04-19T12:01:25-07:00 CRITICAL Uncaught Error: Call to a member function get_curent_bid() on bool in /mnt/data/home/401140.cloudwaysapps.com/qcqkjmndhe/public_html/ajax.php:9
Stack trace:
#0 {main}
  thrown in /mnt/data/home/401140.cloudwaysapps.com/qcqkjmndhe/public_html/ajax.php on line 9

2021-04-19T12:01:26-07:00 CRITICAL Uncaught Error: Call to a member function get_curent_bid() on bool in /mnt/data/home/401140.cloudwaysapps.com/qcqkjmndhe/public_html/ajax.php:9
Stack trace:
#0 {main}
  thrown in /mnt/data/home/401140.cloudwaysapps.com/qcqkjmndhe/public_html/ajax.php on line 9

2021-04-19T12:01:27-07:00 CRITICAL Uncaught Error: Call to a member function get_curent_bid() on bool in /mnt/data/home/401140.cloudwaysapps.com/qcqkjmndhe/public_html/ajax.php:9
Stack trace:
#0 {main}
  thrown in /mnt/data/home/401140.cloudwaysapps.com/qcqkjmndhe/public_html/ajax.php on line 9

2021-04-19T12:01:28-07:00 CRITICAL Uncaught Error: Call to a member function get_curent_bid() on bool in /mnt/data/home/401140.cloudwaysapps.com/qcqkjmndhe/public_html/ajax.php:9
Stack trace:
#0 {main}
  thrown in /mnt/data/home/401140.cloudwaysapps.com/qcqkjmndhe/public_html/ajax.php on line 9

2021-04-19T12:01:29-07:00 CRITICAL Uncaught Error: Call to a member function get_curent_bid() on bool in /mnt/data/home/401140.cloudwaysapps.com/qcqkjmndhe/public_html/ajax.php:9
Stack trace:
#0 {main}
  thrown in /mnt/data/home/401140.cloudwaysapps.com/qcqkjmndhe/public_html/ajax.php on line 9

2021-04-19T12:01:30-07:00 CRITICAL Uncaught Error: Call to a member function get_curent_bid() on bool in /mnt/data/home/401140.cloudwaysapps.com/qcqkjmndhe/public_html/ajax.php:9
Stack trace:
#0 {main}
  thrown in /mnt/data/home/401140.cloudwaysapps.com/qcqkjmndhe/public_html/ajax.php on line 9

2021-04-19T12:01:31-07:00 CRITICAL Uncaught Error: Call to a member function get_curent_bid() on bool in /mnt/data/home/401140.cloudwaysapps.com/qcqkjmndhe/public_html/ajax.php:9
Stack trace:
#0 {main}
  thrown in /mnt/data/home/401140.cloudwaysapps.com/qcqkjmndhe/public_html/ajax.php on line 9

2021-04-19T12:01:32-07:00 CRITICAL Uncaught Error: Call to a member function get_curent_bid() on bool in /mnt/data/home/401140.cloudwaysapps.com/qcqkjmndhe/public_html/ajax.php:9
Stack trace:
#0 {main}
  thrown in /mnt/data/home/401140.cloudwaysapps.com/qcqkjmndhe/public_html/ajax.php on line 9

2021-04-19T12:01:33-07:00 CRITICAL Uncaught Error: Call to a member function get_curent_bid() on bool in /mnt/data/home/401140.cloudwaysapps.com/qcqkjmndhe/public_html/ajax.php:9
Stack trace:
#0 {main}
  thrown in /mnt/data/home/401140.cloudwaysapps.com/qcqkjmndhe/public_html/ajax.php on line 9

2021-04-19T12:01:34-07:00 CRITICAL Uncaught Error: Call to a member function get_curent_bid() on bool in /mnt/data/home/401140.cloudwaysapps.com/qcqkjmndhe/public_html/ajax.php:9
Stack trace:
#0 {main}
  thrown in /mnt/data/home/401140.cloudwaysapps.com/qcqkjmndhe/public_html/ajax.php on line 9

2021-04-19T12:01:35-07:00 CRITICAL Uncaught Error: Call to a member function get_curent_bid() on bool in /mnt/data/home/401140.cloudwaysapps.com/qcqkjmndhe/public_html/ajax.php:9
Stack trace:
#0 {main}
  thrown in /mnt/data/home/401140.cloudwaysapps.com/qcqkjmndhe/public_html/ajax.php on line 9

2021-04-19T12:01:36-07:00 CRITICAL Uncaught Error: Call to a member function get_curent_bid() on bool in /mnt/data/home/401140.cloudwaysapps.com/qcqkjmndhe/public_html/ajax.php:9
Stack trace:
#0 {main}
  thrown in /mnt/data/home/401140.cloudwaysapps.com/qcqkjmndhe/public_html/ajax.php on line 9

2021-04-19T12:01:37-07:00 CRITICAL Uncaught Error: Call to a member function get_curent_bid() on bool in /mnt/data/home/401140.cloudwaysapps.com/qcqkjmndhe/public_html/ajax.php:9
Stack trace:
#0 {main}
  thrown in /mnt/data/home/401140.cloudwaysapps.com/qcqkjmndhe/public_html/ajax.php on line 9

2021-04-19T12:01:38-07:00 CRITICAL Uncaught Error: Call to a member function get_curent_bid() on bool in /mnt/data/home/401140.cloudwaysapps.com/qcqkjmndhe/public_html/ajax.php:9
Stack trace:
#0 {main}
  thrown in /mnt/data/home/401140.cloudwaysapps.com/qcqkjmndhe/public_html/ajax.php on line 9

2021-04-19T12:01:39-07:00 CRITICAL Uncaught Error: Call to a member function get_curent_bid() on bool in /mnt/data/home/401140.cloudwaysapps.com/qcqkjmndhe/public_html/ajax.php:9
Stack trace:
#0 {main}
  thrown in /mnt/data/home/401140.cloudwaysapps.com/qcqkjmndhe/public_html/ajax.php on line 9

2021-04-19T12:01:40-07:00 CRITICAL Uncaught Error: Call to a member function get_curent_bid() on bool in /mnt/data/home/401140.cloudwaysapps.com/qcqkjmndhe/public_html/ajax.php:9
Stack trace:
#0 {main}
  thrown in /mnt/data/home/401140.cloudwaysapps.com/qcqkjmndhe/public_html/ajax.php on line 9

2021-04-19T12:01:41-07:00 CRITICAL Uncaught Error: Call to a member function get_curent_bid() on bool in /mnt/data/home/401140.cloudwaysapps.com/qcqkjmndhe/public_html/ajax.php:9
Stack trace:
#0 {main}
  thrown in /mnt/data/home/401140.cloudwaysapps.com/qcqkjmndhe/public_html/ajax.php on line 9

2021-04-19T12:01:42-07:00 CRITICAL Uncaught Error: Call to a member function get_curent_bid() on bool in /mnt/data/home/401140.cloudwaysapps.com/qcqkjmndhe/public_html/ajax.php:9
Stack trace:
#0 {main}
  thrown in /mnt/data/home/401140.cloudwaysapps.com/qcqkjmndhe/public_html/ajax.php on line 9

2021-04-19T12:01:43-07:00 CRITICAL Uncaught Error: Call to a member function get_curent_bid() on bool in /mnt/data/home/401140.cloudwaysapps.com/qcqkjmndhe/public_html/ajax.php:9
Stack trace:
#0 {main}
  thrown in /mnt/data/home/401140.cloudwaysapps.com/qcqkjmndhe/public_html/ajax.php on line 9

2021-04-19T12:01:44-07:00 CRITICAL Uncaught Error: Call to a member function get_curent_bid() on bool in /mnt/data/home/401140.cloudwaysapps.com/qcqkjmndhe/public_html/ajax.php:9
Stack trace:
#0 {main}
  thrown in /mnt/data/home/401140.cloudwaysapps.com/qcqkjmndhe/public_html/ajax.php on line 9

2021-04-19T12:01:45-07:00 CRITICAL Uncaught Error: Call to a member function get_curent_bid() on bool in /mnt/data/home/401140.cloudwaysapps.com/qcqkjmndhe/public_html/ajax.php:9
Stack trace:
#0 {main}
  thrown in /mnt/data/home/401140.cloudwaysapps.com/qcqkjmndhe/public_html/ajax.php on line 9

2021-04-19T12:01:46-07:00 CRITICAL Uncaught Error: Call to a member function get_curent_bid() on bool in /mnt/data/home/401140.cloudwaysapps.com/qcqkjmndhe/public_html/ajax.php:9
Stack trace:
#0 {main}
  thrown in /mnt/data/home/401140.cloudwaysapps.com/qcqkjmndhe/public_html/ajax.php on line 9

2021-04-19T12:01:47-07:00 CRITICAL Uncaught Error: Call to a member function get_curent_bid() on bool in /mnt/data/home/401140.cloudwaysapps.com/qcqkjmndhe/public_html/ajax.php:9
Stack trace:
#0 {main}
  thrown in /mnt/data/home/401140.cloudwaysapps.com/qcqkjmndhe/public_html/ajax.php on line 9

2021-04-19T12:01:48-07:00 CRITICAL Uncaught Error: Call to a member function get_curent_bid() on bool in /mnt/data/home/401140.cloudwaysapps.com/qcqkjmndhe/public_html/ajax.php:9
Stack trace:
#0 {main}
  thrown in /mnt/data/home/401140.cloudwaysapps.com/qcqkjmndhe/public_html/ajax.php on line 9

2021-04-19T12:01:49-07:00 CRITICAL Uncaught Error: Call to a member function get_curent_bid() on bool in /mnt/data/home/401140.cloudwaysapps.com/qcqkjmndhe/public_html/ajax.php:9
Stack trace:
#0 {main}
  thrown in /mnt/data/home/401140.cloudwaysapps.com/qcqkjmndhe/public_html/ajax.php on line 9

2021-04-19T12:01:50-07:00 CRITICAL Uncaught Error: Call to a member function get_curent_bid() on bool in /mnt/data/home/401140.cloudwaysapps.com/qcqkjmndhe/public_html/ajax.php:9
Stack trace:
#0 {main}
  thrown in /mnt/data/home/401140.cloudwaysapps.com/qcqkjmndhe/public_html/ajax.php on line 9

2021-04-19T12:01:51-07:00 CRITICAL Uncaught Error: Call to a member function get_curent_bid() on bool in /mnt/data/home/401140.cloudwaysapps.com/qcqkjmndhe/public_html/ajax.php:9
Stack trace:
#0 {main}
  thrown in /mnt/data/home/401140.cloudwaysapps.com/qcqkjmndhe/public_html/ajax.php on line 9

2021-04-19T12:01:52-07:00 CRITICAL Uncaught Error: Call to a member function get_curent_bid() on bool in /mnt/data/home/401140.cloudwaysapps.com/qcqkjmndhe/public_html/ajax.php:9
Stack trace:
#0 {main}
  thrown in /mnt/data/home/401140.cloudwaysapps.com/qcqkjmndhe/public_html/ajax.php on line 9

2021-04-19T12:01:53-07:00 CRITICAL Uncaught Error: Call to a member function get_curent_bid() on bool in /mnt/data/home/401140.cloudwaysapps.com/qcqkjmndhe/public_html/ajax.php:9
Stack trace:
#0 {main}
  thrown in /mnt/data/home/401140.cloudwaysapps.com/qcqkjmndhe/public_html/ajax.php on line 9

2021-04-19T12:01:54-07:00 CRITICAL Uncaught Error: Call to a member function get_curent_bid() on bool in /mnt/data/home/401140.cloudwaysapps.com/qcqkjmndhe/public_html/ajax.php:9
Stack trace:
#0 {main}
  thrown in /mnt/data/home/401140.cloudwaysapps.com/qcqkjmndhe/public_html/ajax.php on line 9

2021-04-19T12:01:55-07:00 CRITICAL Uncaught Error: Call to a member function get_curent_bid() on bool in /mnt/data/home/401140.cloudwaysapps.com/qcqkjmndhe/public_html/ajax.php:9
Stack trace:
#0 {main}
  thrown in /mnt/data/home/401140.cloudwaysapps.com/qcqkjmndhe/public_html/ajax.php on line 9

2021-04-19T12:01:56-07:00 CRITICAL Uncaught Error: Call to a member function get_curent_bid() on bool in /mnt/data/home/401140.cloudwaysapps.com/qcqkjmndhe/public_html/ajax.php:9
Stack trace:
#0 {main}
  thrown in /mnt/data/home/401140.cloudwaysapps.com/qcqkjmndhe/public_html/ajax.php on line 9

2021-04-19T12:01:57-07:00 CRITICAL Uncaught Error: Call to a member function get_curent_bid() on bool in /mnt/data/home/401140.cloudwaysapps.com/qcqkjmndhe/public_html/ajax.php:9
Stack trace:
#0 {main}
  thrown in /mnt/data/home/401140.cloudwaysapps.com/qcqkjmndhe/public_html/ajax.php on line 9

2021-04-19T12:01:58-07:00 CRITICAL Uncaught Error: Call to a member function get_curent_bid() on bool in /mnt/data/home/401140.cloudwaysapps.com/qcqkjmndhe/public_html/ajax.php:9
Stack trace:
#0 {main}
  thrown in /mnt/data/home/401140.cloudwaysapps.com/qcqkjmndhe/public_html/ajax.php on line 9

2021-04-19T12:01:59-07:00 CRITICAL Uncaught Error: Call to a member function get_curent_bid() on bool in /mnt/data/home/401140.cloudwaysapps.com/qcqkjmndhe/public_html/ajax.php:9
Stack trace:
#0 {main}
  thrown in /mnt/data/home/401140.cloudwaysapps.com/qcqkjmndhe/public_html/ajax.php on line 9

2021-04-19T12:02:00-07:00 CRITICAL Uncaught Error: Call to a member function get_curent_bid() on bool in /mnt/data/home/401140.cloudwaysapps.com/qcqkjmndhe/public_html/ajax.php:9
Stack trace:
#0 {main}
  thrown in /mnt/data/home/401140.cloudwaysapps.com/qcqkjmndhe/public_html/ajax.php on line 9

2021-04-19T12:02:01-07:00 CRITICAL Uncaught Error: Call to a member function get_curent_bid() on bool in /mnt/data/home/401140.cloudwaysapps.com/qcqkjmndhe/public_html/ajax.php:9
Stack trace:
#0 {main}
  thrown in /mnt/data/home/401140.cloudwaysapps.com/qcqkjmndhe/public_html/ajax.php on line 9

2021-04-19T12:02:02-07:00 CRITICAL Uncaught Error: Call to a member function get_curent_bid() on bool in /mnt/data/home/401140.cloudwaysapps.com/qcqkjmndhe/public_html/ajax.php:9
Stack trace:
#0 {main}
  thrown in /mnt/data/home/401140.cloudwaysapps.com/qcqkjmndhe/public_html/ajax.php on line 9

2021-04-19T12:02:03-07:00 CRITICAL Uncaught Error: Call to a member function get_curent_bid() on bool in /mnt/data/home/401140.cloudwaysapps.com/qcqkjmndhe/public_html/ajax.php:9
Stack trace:
#0 {main}
  thrown in /mnt/data/home/401140.cloudwaysapps.com/qcqkjmndhe/public_html/ajax.php on line 9

2021-04-19T12:02:04-07:00 CRITICAL Uncaught Error: Call to a member function get_curent_bid() on bool in /mnt/data/home/401140.cloudwaysapps.com/qcqkjmndhe/public_html/ajax.php:9
Stack trace:
#0 {main}
  thrown in /mnt/data/home/401140.cloudwaysapps.com/qcqkjmndhe/public_html/ajax.php on line 9

2021-04-19T12:02:05-07:00 CRITICAL Uncaught Error: Call to a member function get_curent_bid() on bool in /mnt/data/home/401140.cloudwaysapps.com/qcqkjmndhe/public_html/ajax.php:9
Stack trace:
#0 {main}
  thrown in /mnt/data/home/401140.cloudwaysapps.com/qcqkjmndhe/public_html/ajax.php on line 9

2021-04-19T12:02:06-07:00 CRITICAL Uncaught Error: Call to a member function get_curent_bid() on bool in /mnt/data/home/401140.cloudwaysapps.com/qcqkjmndhe/public_html/ajax.php:9
Stack trace:
#0 {main}
  thrown in /mnt/data/home/401140.cloudwaysapps.com/qcqkjmndhe/public_html/ajax.php on line 9

2021-04-19T12:02:07-07:00 CRITICAL Uncaught Error: Call to a member function get_curent_bid() on bool in /mnt/data/home/401140.cloudwaysapps.com/qcqkjmndhe/public_html/ajax.php:9
Stack trace:
#0 {main}
  thrown in /mnt/data/home/401140.cloudwaysapps.com/qcqkjmndhe/public_html/ajax.php on line 9

2021-04-19T12:02:08-07:00 CRITICAL Uncaught Error: Call to a member function get_curent_bid() on bool in /mnt/data/home/401140.cloudwaysapps.com/qcqkjmndhe/public_html/ajax.php:9
Stack trace:
#0 {main}
  thrown in /mnt/data/home/401140.cloudwaysapps.com/qcqkjmndhe/public_html/ajax.php on line 9

2021-04-19T12:02:09-07:00 CRITICAL Uncaught Error: Call to a member function get_curent_bid() on bool in /mnt/data/home/401140.cloudwaysapps.com/qcqkjmndhe/public_html/ajax.php:9
Stack trace:
#0 {main}
  thrown in /mnt/data/home/401140.cloudwaysapps.com/qcqkjmndhe/public_html/ajax.php on line 9

2021-04-19T12:02:10-07:00 CRITICAL Uncaught Error: Call to a member function get_curent_bid() on bool in /mnt/data/home/401140.cloudwaysapps.com/qcqkjmndhe/public_html/ajax.php:9
Stack trace:
#0 {main}
  thrown in /mnt/data/home/401140.cloudwaysapps.com/qcqkjmndhe/public_html/ajax.php on line 9

2021-04-19T12:02:11-07:00 CRITICAL Uncaught Error: Call to a member function get_curent_bid() on bool in /mnt/data/home/401140.cloudwaysapps.com/qcqkjmndhe/public_html/ajax.php:9
Stack trace:
#0 {main}
  thrown in /mnt/data/home/401140.cloudwaysapps.com/qcqkjmndhe/public_html/ajax.php on line 9

2021-04-19T12:02:12-07:00 CRITICAL Uncaught Error: Call to a member function get_curent_bid() on bool in /mnt/data/home/401140.cloudwaysapps.com/qcqkjmndhe/public_html/ajax.php:9
Stack trace:
#0 {main}
  thrown in /mnt/data/home/401140.cloudwaysapps.com/qcqkjmndhe/public_html/ajax.php on line 9

2021-04-19T12:02:13-07:00 CRITICAL Uncaught Error: Call to a member function get_curent_bid() on bool in /mnt/data/home/401140.cloudwaysapps.com/qcqkjmndhe/public_html/ajax.php:9
Stack trace:
#0 {main}
  thrown in /mnt/data/home/401140.cloudwaysapps.com/qcqkjmndhe/public_html/ajax.php on line 9

2021-04-19T19:02:14+00:00 CRITICAL Uncaught Error: Call to undefined function track_ad_custom() in /mnt/data/home/401140.cloudwaysapps.com/qcqkjmndhe/public_html/ajax.php:73
Stack trace:
#0 {main}
  thrown in /mnt/data/home/401140.cloudwaysapps.com/qcqkjmndhe/public_html/ajax.php on line 73

2021-04-19T19:02:14+00:00 CRITICAL Uncaught Error: Call to a member function get_curent_bid() on bool in /mnt/data/home/401140.cloudwaysapps.com/qcqkjmndhe/public_html/ajax.php:9
Stack trace:
#0 {main}
  thrown in /mnt/data/home/401140.cloudwaysapps.com/qcqkjmndhe/public_html/ajax.php on line 9

2021-04-19T12:02:16-07:00 CRITICAL Uncaught Error: Call to a member function get_curent_bid() on bool in /mnt/data/home/401140.cloudwaysapps.com/qcqkjmndhe/public_html/ajax.php:9
Stack trace:
#0 {main}
  thrown in /mnt/data/home/401140.cloudwaysapps.com/qcqkjmndhe/public_html/ajax.php on line 9

2021-04-19T12:02:17-07:00 CRITICAL Uncaught Error: Call to a member function get_curent_bid() on bool in /mnt/data/home/401140.cloudwaysapps.com/qcqkjmndhe/public_html/ajax.php:9
Stack trace:
#0 {main}
  thrown in /mnt/data/home/401140.cloudwaysapps.com/qcqkjmndhe/public_html/ajax.php on line 9

2021-04-19T12:02:18-07:00 CRITICAL Uncaught Error: Call to a member function get_curent_bid() on bool in /mnt/data/home/401140.cloudwaysapps.com/qcqkjmndhe/public_html/ajax.php:9
Stack trace:
#0 {main}
  thrown in /mnt/data/home/401140.cloudwaysapps.com/qcqkjmndhe/public_html/ajax.php on line 9

2021-04-19T12:02:19-07:00 CRITICAL Uncaught Error: Call to a member function get_curent_bid() on bool in /mnt/data/home/401140.cloudwaysapps.com/qcqkjmndhe/public_html/ajax.php:9
Stack trace:
#0 {main}
  thrown in /mnt/data/home/401140.cloudwaysapps.com/qcqkjmndhe/public_html/ajax.php on line 9

2021-04-19T12:02:20-07:00 CRITICAL Uncaught Error: Call to a member function get_curent_bid() on bool in /mnt/data/home/401140.cloudwaysapps.com/qcqkjmndhe/public_html/ajax.php:9
Stack trace:
#0 {main}
  thrown in /mnt/data/home/401140.cloudwaysapps.com/qcqkjmndhe/public_html/ajax.php on line 9

2021-04-19T12:02:21-07:00 CRITICAL Uncaught Error: Call to a member function get_curent_bid() on bool in /mnt/data/home/401140.cloudwaysapps.com/qcqkjmndhe/public_html/ajax.php:9
Stack trace:
#0 {main}
  thrown in /mnt/data/home/401140.cloudwaysapps.com/qcqkjmndhe/public_html/ajax.php on line 9

2021-04-19T12:02:22-07:00 CRITICAL Uncaught Error: Call to a member function get_curent_bid() on bool in /mnt/data/home/401140.cloudwaysapps.com/qcqkjmndhe/public_html/ajax.php:9
Stack trace:
#0 {main}
  thrown in /mnt/data/home/401140.cloudwaysapps.com/qcqkjmndhe/public_html/ajax.php on line 9

2021-04-19T12:02:23-07:00 CRITICAL Uncaught Error: Call to a member function get_curent_bid() on bool in /mnt/data/home/401140.cloudwaysapps.com/qcqkjmndhe/public_html/ajax.php:9
Stack trace:
#0 {main}
  thrown in /mnt/data/home/401140.cloudwaysapps.com/qcqkjmndhe/public_html/ajax.php on line 9

2021-04-19T12:02:24-07:00 CRITICAL Uncaught Error: Call to a member function get_curent_bid() on bool in /mnt/data/home/401140.cloudwaysapps.com/qcqkjmndhe/public_html/ajax.php:9
Stack trace:
#0 {main}
  thrown in /mnt/data/home/401140.cloudwaysapps.com/qcqkjmndhe/public_html/ajax.php on line 9

2021-04-19T12:02:25-07:00 CRITICAL Uncaught Error: Call to a member function get_curent_bid() on bool in /mnt/data/home/401140.cloudwaysapps.com/qcqkjmndhe/public_html/ajax.php:9
Stack trace:
#0 {main}
  thrown in /mnt/data/home/401140.cloudwaysapps.com/qcqkjmndhe/public_html/ajax.php on line 9

2021-04-19T12:02:26-07:00 CRITICAL Uncaught Error: Call to a member function get_curent_bid() on bool in /mnt/data/home/401140.cloudwaysapps.com/qcqkjmndhe/public_html/ajax.php:9
Stack trace:
#0 {main}
  thrown in /mnt/data/home/401140.cloudwaysapps.com/qcqkjmndhe/public_html/ajax.php on line 9

2021-04-19T12:02:27-07:00 CRITICAL Uncaught Error: Call to a member function get_curent_bid() on bool in /mnt/data/home/401140.cloudwaysapps.com/qcqkjmndhe/public_html/ajax.php:9
Stack trace:
#0 {main}
  thrown in /mnt/data/home/401140.cloudwaysapps.com/qcqkjmndhe/public_html/ajax.php on line 9

2021-04-19T12:02:28-07:00 CRITICAL Uncaught Error: Call to a member function get_curent_bid() on bool in /mnt/data/home/401140.cloudwaysapps.com/qcqkjmndhe/public_html/ajax.php:9
Stack trace:
#0 {main}
  thrown in /mnt/data/home/401140.cloudwaysapps.com/qcqkjmndhe/public_html/ajax.php on line 9

2021-04-19T12:02:29-07:00 CRITICAL Uncaught Error: Call to a member function get_curent_bid() on bool in /mnt/data/home/401140.cloudwaysapps.com/qcqkjmndhe/public_html/ajax.php:9
Stack trace:
#0 {main}
  thrown in /mnt/data/home/401140.cloudwaysapps.com/qcqkjmndhe/public_html/ajax.php on line 9

2021-04-19T12:05:36-07:00 CRITICAL Uncaught ArgumentCountError: Too few arguments to function WooCommerceMusicPlayer::include_main_player_filter(), 1 passed in /mnt/data/home/401140.cloudwaysapps.com/qcqkjmndhe/public_html/wp-includes/class-wp-hook.php on line 292 and exactly 2 expected in /mnt/data/home/401140.cloudwaysapps.com/qcqkjmndhe/public_html/wp-content/plugins/music-player-for-woocommerce/wcmp.php:748
Stack trace:
#0 /mnt/data/home/401140.cloudwaysapps.com/qcqkjmndhe/public_html/wp-includes/class-wp-hook.php(292): WooCommerceMusicPlayer->include_main_player_filter('removal 4 wisdo...')
#1 /mnt/data/home/401140.cloudwaysapps.com/qcqkjmndhe/public_html/wp-includes/plugin.php(212): WP_Hook->apply_filters('removal 4 wisdo...', Array)
#2 /mnt/data/home/401140.cloudwaysapps.com/qcqkjmndhe/public_html/wp-content/plugins/transposh-translation-filter-for-wordpress/wp/transposh_postpublish.php(115): apply_filters('the_title', 'removal 4 wisdo...')
#3 /mnt/data/home/401140.cloudwaysapps.com/qcqkjmndhe/public_html/wp-content/plugins/transposh-tr in /mnt/data/home/401140.cloudwaysapps.com/qcqkjmndhe/public_html/wp-content/plugins/music-player-for-woocommerce/wcmp.php on line 748

2021-04-19T12:08:01-07:00 CRITICAL Uncaught ArgumentCountError: Too few arguments to function WooCommerceMusicPlayer::include_main_player_filter(), 1 passed in /mnt/data/home/401140.cloudwaysapps.com/qcqkjmndhe/public_html/wp-includes/class-wp-hook.php on line 292 and exactly 2 expected in /mnt/data/home/401140.cloudwaysapps.com/qcqkjmndhe/public_html/wp-content/plugins/music-player-for-woocommerce/wcmp.php:748
Stack trace:
#0 /mnt/data/home/401140.cloudwaysapps.com/qcqkjmndhe/public_html/wp-includes/class-wp-hook.php(292): WooCommerceMusicPlayer->include_main_player_filter('')
#1 /mnt/data/home/401140.cloudwaysapps.com/qcqkjmndhe/public_html/wp-includes/plugin.php(212): WP_Hook->apply_filters('', Array)
#2 /mnt/data/home/401140.cloudwaysapps.com/qcqkjmndhe/public_html/wp-content/plugins/transposh-translation-filter-for-wordpress/wp/transposh_postpublish.php(115): apply_filters('the_title', '')
#3 /mnt/data/home/401140.cloudwaysapps.com/qcqkjmndhe/public_html/wp-content/plugins/transposh-translation-filter-for-wordpress/wp/transposh_admin.php( in /mnt/data/home/401140.cloudwaysapps.com/qcqkjmndhe/public_html/wp-content/plugins/music-player-for-woocommerce/wcmp.php on line 748

2021-04-19T12:12:38-07:00 CRITICAL Uncaught ArgumentCountError: Too few arguments to function WooCommerceMusicPlayer::include_main_player_filter(), 1 passed in /mnt/data/home/401140.cloudwaysapps.com/qcqkjmndhe/public_html/wp-includes/class-wp-hook.php on line 292 and exactly 2 expected in /mnt/data/home/401140.cloudwaysapps.com/qcqkjmndhe/public_html/wp-content/plugins/music-player-for-woocommerce/wcmp.php:748
Stack trace:
#0 /mnt/data/home/401140.cloudwaysapps.com/qcqkjmndhe/public_html/wp-includes/class-wp-hook.php(292): WooCommerceMusicPlayer->include_main_player_filter('Auction Flash C...')
#1 /mnt/data/home/401140.cloudwaysapps.com/qcqkjmndhe/public_html/wp-includes/plugin.php(212): WP_Hook->apply_filters('Auction Flash C...', Array)
#2 /mnt/data/home/401140.cloudwaysapps.com/qcqkjmndhe/public_html/wp-content/plugins/transposh-translation-filter-for-wordpress/wp/transposh_postpublish.php(115): apply_filters('the_title', 'Auction Flash C...')
#3 /mnt/data/home/401140.cloudwaysapps.com/qcqkjmndhe/public_html/wp-content/plugins/transposh-tr in /mnt/data/home/401140.cloudwaysapps.com/qcqkjmndhe/public_html/wp-content/plugins/music-player-for-woocommerce/wcmp.php on line 748

